#
# A fatal error has been detected by the Java Runtime Environment:
#
#  SIGBUS (0xa) at pc=0x00000001380014f0, pid=6403, tid=33803
#
# JRE version: Java(TM) SE Runtime Environment (17.0.2+8) (build 17.0.2+8-LTS-86)
# Java VM: Java HotSpot(TM) 64-Bit Server VM (17.0.2+8-LTS-86, mixed mode, sharing, tiered, compressed oops, compressed class ptrs, g1 gc, bsd-aarch64)
# Problematic frame:
# v  ~StubRoutines::SafeFetchN
#
# No core dump will be written. Core dumps have been disabled. To enable core dumping, try "ulimit -c unlimited" before starting Java again
#
# If you would like to submit a bug report, please visit:
#   https://bugreport.java.com/bugreport/crash.jsp
# The crash happened outside the Java Virtual Machine in native code.
# See problematic frame for where to report the bug.
#

---------------  S U M M A R Y ------------

Command Line: -javaagent:/Applications/IntelliJ IDEA.app/Contents/lib/idea_rt.jar=60117:/Applications/IntelliJ IDEA.app/Contents/bin -Dfile.encoding=UTF-8 --module-path=/Users/fdepalma/.m2/repository/org/openjfx/javafx-base/17.0.1/javafx-base-17.0.1-mac-aarch64.jar:/Users/fdepalma/.m2/repository/org/kordamp/ikonli/ikonli-javafx/12.2.0/ikonli-javafx-12.2.0.jar:/Users/fdepalma/.m2/repository/org/kordamp/ikonli/ikonli-core/12.2.0/ikonli-core-12.2.0.jar:/Users/fdepalma/.m2/repository/net/synedra/validatorfx/0.1.13/validatorfx-0.1.13.jar:/Users/fdepalma/.m2/repository/org/openjfx/javafx-web/17.0.1/javafx-web-17.0.1-mac-aarch64.jar:/Users/fdepalma/.m2/repository/org/openjfx/javafx-media/17.0.1/javafx-media-17.0.1-mac-aarch64.jar:/Users/fdepalma/.m2/repository/org/openjfx/javafx-fxml/17.0.1/javafx-fxml-17.0.1-mac-aarch64.jar:/Users/fdepalma/.m2/repository/com/dlsc/formsfx/formsfx-core/11.3.2/formsfx-core-11.3.2.jar:/Users/fdepalma/.m2/repository/org/kordamp/bootstrapfx/bootstrapfx-core/0.4.0/bootstrapfx-core-0.4.0.jar:/Users/fdepalma/.m2/repository/org/openjfx/javafx-graphics/17.0.1/javafx-graphics-17.0.1-mac-aarch64.jar:/Users/fdepalma/Desktop/TheOverlookHotel/target/classes:/Users/fdepalma/.m2/repository/org/openjfx/javafx-controls/17.0.1/javafx-controls-17.0.1-mac-aarch64.jar:/Users/fdepalma/.m2/repository/eu/hansolo/tilesfx/11.48/tilesfx-11.48.jar:/Users/fdepalma/.m2/repository/org/controlsfx/controlsfx/11.1.0/controlsfx-11.1.0.jar -Djdk.module.main=com.toh.theoverlookhotel com.toh.theoverlookhotel/com.toh.gui.MainApplication

Host: "MacBookPro18,3" arm64 1 MHz, 8 cores, 16G, Darwin 21.4.0, macOS 12.3.1 (21E258)
Time: Sat May 28 18:44:22 2022 CEST elapsed time: 3.307043 seconds (0d 0h 0m 3s)

---------------  T H R E A D  ---------------

Current thread (0x000000012d820400):  JavaThread "InvokeLaterDispatcher" daemon [_thread_in_native, id=33803, stack(0x000000016eba0000,0x000000016eda3000)]

Stack: [0x000000016eba0000,0x000000016eda3000],  sp=0x000000016eda27b0,  free space=2057k
Native frames: (J=compiled Java code, j=interpreted, Vv=VM code, C=native code)
v  ~StubRoutines::SafeFetchN
V  [libjvm.dylib+0x7a4748]  _ZN10OopStorage7releaseEPKP7oopDesc+0x20
V  [libjvm.dylib+0x4b9e90]  jni_DeleteGlobalRef+0xc4
C  [libglass.dylib+0xab08]  -[GlassRunnable dealloc]+0x34
C  [Foundation+0x85618]  -[_NSThreadPerformInfo dealloc]+0x30
C  [Foundation+0x5198c]  -[NSObject(NSThreadPerformAdditions) performSelectorOnMainThread:withObject:waitUntilDone:]+0x88
C  0x2a7d8001380098ac
j  com.sun.glass.ui.mac.MacApplication.submitForLaterInvocation(Ljava/lang/Runnable;)V+2 javafx.graphics
j  com.sun.glass.ui.InvokeLaterDispatcher.run()V+82 javafx.graphics
v  ~StubRoutines::call_stub
V  [libjvm.dylib+0x4614e8]  _ZN9JavaCalls11call_helperEP9JavaValueRK12methodHandleP17JavaCallArgumentsP10JavaThread+0x38c
V  [libjvm.dylib+0x460504]  _ZN9JavaCalls12call_virtualEP9JavaValueP5KlassP6SymbolS5_P17JavaCallArgumentsP10JavaThread+0x11c
V  [libjvm.dylib+0x4605d0]  _ZN9JavaCalls12call_virtualEP9JavaValue6HandleP5KlassP6SymbolS6_P10JavaThread+0x64
V  [libjvm.dylib+0x513e50]  _ZL12thread_entryP10JavaThreadS0_+0xc4
V  [libjvm.dylib+0x90462c]  _ZN10JavaThread17thread_main_innerEv+0x134
V  [libjvm.dylib+0x902f54]  _ZN6Thread8call_runEv+0x128
V  [libjvm.dylib+0x7ab344]  _ZL19thread_native_entryP6Thread+0x158
C  [libsystem_pthread.dylib+0x726c]  _pthread_start+0x94

Java frames: (J=compiled Java code, j=interpreted, Vv=VM code)
j  com.sun.glass.ui.mac.MacApplication._submitForLaterInvocation(Ljava/lang/Runnable;)V+0 javafx.graphics
j  com.sun.glass.ui.mac.MacApplication.submitForLaterInvocation(Ljava/lang/Runnable;)V+2 javafx.graphics
j  com.sun.glass.ui.InvokeLaterDispatcher.run()V+82 javafx.graphics
v  ~StubRoutines::call_stub

siginfo: si_signo: 10 (SIGBUS), si_code: 1 (BUS_ADRALN), si_addr: 0x00000001380014f0

Register to memory mapping:

 x0=0x000000012c60ba88 is a global jni handle
 x1=0x0 is NULL
 x2=0x000000070e200ef0 is an oop: com.sun.glass.ui.InvokeLaterDispatcher$Future 
{0x000000070e200ef0} - klass: 'com/sun/glass/ui/InvokeLaterDispatcher$Future'
 - ---- fields (total size 3 words):
 - private 'done' 'Z' @12  true
 - private final 'runnable' 'Ljava/lang/Runnable;' @16  a 'com/sun/javafx/tk/quantum/QuantumToolkit$$Lambda$106+0x0000000800c3a1b8'{0x000000070e99d3b0} (e1d33a76)
 - final synthetic 'this$0' 'Lcom/sun/glass/ui/InvokeLaterDispatcher;' @20  a 'com/sun/glass/ui/InvokeLaterDispatcher'{0x000000070e82aaa0} (e1d05554)
 x3=0x0 is NULL
 x4=0x00000000000130a8 is an unknown value
 x5=0x0 is NULL
 x6=0x0 is NULL
 x7=0x0 is NULL
 x8=0x00000001380014ec is at begin+0 in a stub
StubRoutines::SafeFetchN [0x00000001380014ec, 0x00000001380014f8] (12 bytes)
 x9=0x0 is NULL
x10=0x2010000030300000 is an unknown value
x11=0x0000000000000007 is an unknown value
x12=0x0000000000000004 is an unknown value
x13=0x00006000034eaa10 points into unknown readable memory: 0x5c6d000197063c40 | 40 3c 06 97 01 00 6d 5c
x14=0x0000070000000000 is an unknown value
x15=0x000000010ed25f98: OBJC_CLASS_$_GlassRunnable+0 in /Users/fdepalma/.openjfx/cache/17.0.1/libglass.dylib at 0x000000010ece0000
x16=0x00000001971cd0fc: pthread_getspecific+0 in /usr/lib/system/libsystem_pthread.dylib at 0x00000001971cb000
x17=0x0000600003ec75a0 points into unknown readable memory: 0xfffffffffffffffe | fe ff ff ff ff ff ff ff
x18=0x0 is NULL
x19=0x00006000031c4310 points into unknown readable memory: 0x00006000018d8160 | 60 81 8d 01 00 60 00 00
x20=0x000000012c60b880 points into unknown readable memory: 0x0000000000000000 | 00 00 00 00 00 00 00 00
x21=0x000000012c60ba88 is a global jni handle
x22=0x000000012d820400 is a thread
x23=0x0000000000000001 is an unknown value
x24=0x000000012c60ba40 is a global jni handle
x25=0x0000000105de55e8: _ZN12StubRoutines17_safefetchN_entryE+0 in /Library/Java/JavaVirtualMachines/jdk-17.0.2.jdk/Contents/Home/lib/server/libjvm.dylib at 0x000000010524c000
x26=0x000000010fd19a28 is pointing into metadata
x27=0x0 is NULL
x28=0x000000012d820400 is a thread


Registers:
 x0=0x000000012c60ba88  x1=0x0000000000000000  x2=0x000000070e200ef0  x3=0x0000000000000000
 x4=0x00000000000130a8  x5=0x0000000000000000  x6=0x0000000000000000  x7=0x0000000000000000
 x8=0x00000001380014ec  x9=0x0000000000000000 x10=0x2010000030300000 x11=0x0000000000000007
x12=0x0000000000000004 x13=0x00006000034eaa10 x14=0x0000070000000000 x15=0x000000010ed25f98
x16=0x00000001971cd0fc x17=0x0000600003ec75a0 x18=0x0000000000000000 x19=0x00006000031c4310
x20=0x000000012c60b880 x21=0x000000012c60ba88 x22=0x000000012d820400 x23=0x0000000000000001
x24=0x000000012c60ba40 x25=0x0000000105de55e8 x26=0x000000010fd19a28 x27=0x0000000000000000
x28=0x000000012d820400  fp=0x000000016eda27f0  lr=0x00000001059ef518  sp=0x000000016eda27b0
pc=0x00000001380014f0 cpsr=0x0000000060001000
Top of Stack: (sp=0x000000016eda27b0)
0x000000016eda27b0:   000000010fd19a28 0000000000000001
0x000000016eda27c0:   000000016eda29a8 00006000018ec410
0x000000016eda27d0:   0000000000000000 000000012c60ba70
0x000000016eda27e0:   000000012c60ba70 00006000031c4310
0x000000016eda27f0:   000000016eda2830 00000001059f0748
0x000000016eda2800:   0000000000000001 000000012c60ba70
0x000000016eda2810:   0000000000000000 000000012c60ba70
0x000000016eda2820:   0000000000000001 000000012d81f800
0x000000016eda2830:   000000016eda2860 0000000105705e90
0x000000016eda2840:   00006000018ec3f0 00000001e1292be0
0x000000016eda2850:   0000000000000000 00006000018ec3f0
0x000000016eda2860:   000000016eda2890 000000010eceab08
0x000000016eda2870:   cecf1afecace00fa 0000000000000000
0x000000016eda2880:   0000000000000000 0000600000fe1400
0x000000016eda2890:   000000016eda28d0 000000019819a618
0x000000016eda28a0:   000000016eda29a8 00006000018ec410
0x000000016eda28b0:   00006000018ec3f0 cecf1afecace00fa
0x000000016eda28c0:   0000000000000000 0000000000000000
0x000000016eda28d0:   000000016eda2910 d34c80019816698c
0x000000016eda28e0:   000000016eda29a8 00000001380087c0
0x000000016eda28f0:   0000000000000000 0000000105decfa8
0x000000016eda2900:   000000016eda2920 0000000138007730
0x000000016eda2910:   000000016eda2980 2a7d8001380098ac
0x000000016eda2920:   000000016eda2920 000000080098c53d
0x000000016eda2930:   000000016eda2930 0000000000000000
0x000000016eda2940:   000000016eda29a8 000000010fd19a28
0x000000016eda2950:   000000070e99cd40 0000000000000000
0x000000016eda2960:   0000000000000000 000000010fcf7f58
0x000000016eda2970:   0000000000000000 000000016eda2980
0x000000016eda2980:   000000016eda2a00 0000000138005fc8
0x000000016eda2990:   0000000000000000 0000000000000000
0x000000016eda29a0:   000000070e200ef0 000000070e99cdb8 

Instructions: (pc=0x00000001380014f0)
0x00000001380013f0:   f2a0bb69 f2c00029 6d425935 1e640886
0x0000000138001400:   0c402d31 1e6408c7 1f5654d0 1e6c1017
0x0000000138001410:   1f5050d0 1f504cd0 1f5048d0 1e650af6
0x0000000138001420:   1f50d8f6 1f5694d6 1f5158f6 1e762880
0x0000000138001430:   36000501 1e614000 14000026 2e251ca5
0x0000000138001440:   d2843009 f2a0bb69 f2c00029 6d425d36
0x0000000138001450:   1e600806 0c402d32 1f5758c7 1e6c101a
0x0000000138001460:   1f4754c7 1e650805 1f4750c7 d2866668
0x0000000138001470:   f2a7fa68 1f474cc7 1e6608c0 1f4748c7
0x0000000138001480:   1e6e1019 eb08007f 540000ac 1f479400
0x0000000138001490:   1f460340 1e603b20 1400000e d2a7fd29
0x00000001380014a0:   eb09007f 540000ac 51480069 d3607d29
0x00000001380014b0:   9e670121 14000002 1e6a5001 1f679417
0x00000001380014c0:   1f668742 1e613b23 1e773857 1e773860
0x00000001380014d0:   a8c17ff3 910003bf a8c17bfd d65f03c0
0x00000001380014e0:   b9400001 aa0103e0 d65f03c0 f9400001
0x00000001380014f0:   aa0103e0 d65f03c0 00000000 00000000
0x0000000138001500:   00000000 00000000 00000000 00000000
0x0000000138001510:   00000000 00000000 00000000 00000000
0x0000000138001520:   00000000 00000000 00000000 00000000
0x0000000138001530:   00000000 00000000 00000000 00000000
0x0000000138001540:   00000000 00000000 00000000 00000000
0x0000000138001550:   00000000 00000000 00000000 00000000
0x0000000138001560:   00000000 00000000 00000000 00000000
0x0000000138001570:   00000000 00000000 00000000 00000000
0x0000000138001580:   00000000 00000000 00000000 00000000
0x0000000138001590:   00000000 00000000 00000000 00000000
0x00000001380015a0:   00000000 00000000 00000000 00000000
0x00000001380015b0:   00000000 00000000 00000000 00000000
0x00000001380015c0:   00000000 00000000 00000000 00000000
0x00000001380015d0:   00000000 00000000 00000000 00000000
0x00000001380015e0:   00000000 00000000 00000000 00000000 


Stack slot to memory mapping:
stack at sp + 0 slots: 0x000000010fd19a28 is pointing into metadata
stack at sp + 1 slots: 0x0000000000000001 is an unknown value
stack at sp + 2 slots: 0x000000016eda29a8 is pointing into the stack for thread: 0x000000012d820400
stack at sp + 3 slots: 0x00006000018ec410 points into unknown readable memory: 0x01000001ef97e011 | 11 e0 97 ef 01 00 00 01
stack at sp + 4 slots: 0x0 is NULL
stack at sp + 5 slots: 0x000000012c60ba70 is a global jni handle
stack at sp + 6 slots: 0x000000012c60ba70 is a global jni handle
stack at sp + 7 slots: 0x00006000031c4310 points into unknown readable memory: 0x00006000018d8160 | 60 81 8d 01 00 60 00 00

StubRoutines::SafeFetchN [0x00000001380014ec, 0x00000001380014f8] (12 bytes)
[MachCode]
  0x00000001380014ec: 0100 40f9 | e003 01aa | c003 5fd6 
[/MachCode]

---------------  P R O C E S S  ---------------

Threads class SMR info:
_java_thread_list=0x0000600001a02b40, length=19, elements={
0x000000012c80ea00, 0x000000010f026200, 0x000000010f028a00, 0x000000012c8e8000,
0x000000011e80a400, 0x000000011e80aa00, 0x000000010f026e00, 0x000000010f027400,
0x000000012c8e9c00, 0x000000012c8ea200, 0x000000011e897600, 0x000000011e809e00,
0x000000012e81b800, 0x000000012d820400, 0x000000012d81f800, 0x000000010f158e00,
0x000000012da33000, 0x000000012e90ea00, 0x000000012daa0000
}

Java Threads: ( => current thread )
  0x000000012c80ea00 JavaThread "main" [_thread_blocked, id=5891, stack(0x000000016bd80000,0x000000016bf83000)]
  0x000000010f026200 JavaThread "Reference Handler" daemon [_thread_blocked, id=16131, stack(0x000000016cbd4000,0x000000016cdd7000)]
  0x000000010f028a00 JavaThread "Finalizer" daemon [_thread_blocked, id=15875, stack(0x000000016cde0000,0x000000016cfe3000)]
  0x000000012c8e8000 JavaThread "Signal Dispatcher" daemon [_thread_blocked, id=41475, stack(0x000000016d104000,0x000000016d307000)]
  0x000000011e80a400 JavaThread "Service Thread" daemon [_thread_blocked, id=41219, stack(0x000000016d310000,0x000000016d513000)]
  0x000000011e80aa00 JavaThread "Monitor Deflation Thread" daemon [_thread_blocked, id=22275, stack(0x000000016d51c000,0x000000016d71f000)]
  0x000000010f026e00 JavaThread "C2 CompilerThread0" daemon [_thread_blocked, id=22787, stack(0x000000016d728000,0x000000016d92b000)]
  0x000000010f027400 JavaThread "C1 CompilerThread0" daemon [_thread_blocked, id=23043, stack(0x000000016d934000,0x000000016db37000)]
  0x000000012c8e9c00 JavaThread "Sweeper thread" daemon [_thread_blocked, id=23299, stack(0x000000016db40000,0x000000016dd43000)]
  0x000000012c8ea200 JavaThread "Common-Cleaner" daemon [_thread_blocked, id=39939, stack(0x000000016dd4c000,0x000000016df4f000)]
  0x000000011e897600 JavaThread "Monitor Ctrl-Break" daemon [_thread_in_native, id=38659, stack(0x000000016e370000,0x000000016e573000)]
  0x000000011e809e00 JavaThread "Notification Thread" daemon [_thread_blocked, id=24067, stack(0x000000016e57c000,0x000000016e77f000)]
  0x000000012e81b800 JavaThread "QuantumRenderer-0" daemon [_thread_blocked, id=37891, stack(0x000000016e994000,0x000000016eb97000)]
=>0x000000012d820400 JavaThread "InvokeLaterDispatcher" daemon [_thread_in_native, id=33803, stack(0x000000016eba0000,0x000000016eda3000)]
  0x000000012d81f800 JavaThread "JavaFX Application Thread" [_thread_in_vm, id=259, stack(0x000000016b4f8000,0x000000016bcf4000)]
  0x000000010f158e00 JavaThread "JavaFX-Launcher" [_thread_blocked, id=51975, stack(0x000000016edac000,0x000000016efaf000)]
  0x000000012da33000 JavaThread "Prism Font Disposer" daemon [_thread_blocked, id=71947, stack(0x000000016fb0c000,0x000000016fd0f000)]
  0x000000012e90ea00 JavaThread "Attach Listener" daemon [_thread_blocked, id=78347, stack(0x000000016fd18000,0x000000016ff1b000)]
  0x000000012daa0000 JavaThread "PulseTimer-CVDisplayLink thread" daemon [_thread_in_native, id=23563, stack(0x000000016df58000,0x000000016dfdb000)]

Other Threads:
  0x000000011c6074c0 VMThread "VM Thread" [stack: 0x000000016c9c8000,0x000000016cbcb000] [id=14595]
  0x0000000104f07e60 WatcherThread [stack: 0x000000016e788000,0x000000016e98b000] [id=38147]
  0x000000012c607990 GCTaskThread "GC Thread#0" [stack: 0x000000016bf8c000,0x000000016c18f000] [id=19459]
  0x000000012e03f010 GCTaskThread "GC Thread#1" [stack: 0x000000016f0d0000,0x000000016f2d3000] [id=75011]
  0x000000012e03f8e0 GCTaskThread "GC Thread#2" [stack: 0x000000016f2dc000,0x000000016f4df000] [id=74755]
  0x000000012e03fd60 GCTaskThread "GC Thread#3" [stack: 0x000000016f4e8000,0x000000016f6eb000] [id=74499]
  0x000000012e0401e0 GCTaskThread "GC Thread#4" [stack: 0x000000016f6f4000,0x000000016f8f7000] [id=74243]
  0x000000012e040660 GCTaskThread "GC Thread#5" [stack: 0x000000016f900000,0x000000016fb03000] [id=73987]
  0x000000012c608040 ConcurrentGCThread "G1 Main Marker" [stack: 0x000000016c198000,0x000000016c39b000] [id=18947]
  0x000000012c6088c0 ConcurrentGCThread "G1 Conc#0" [stack: 0x000000016c3a4000,0x000000016c5a7000] [id=12547]
  0x000000012c60a730 ConcurrentGCThread "G1 Refine#0" [stack: 0x000000016c5b0000,0x000000016c7b3000] [id=13059]
  0x000000012c60afd0 ConcurrentGCThread "G1 Service" [stack: 0x000000016c7bc000,0x000000016c9bf000] [id=13315]

Threads with active compile tasks:

VM state: not at safepoint (normal execution)

VM Mutex/Monitor currently owned by a thread: None

Heap address: 0x0000000700000000, size: 4096 MB, Compressed Oops mode: Zero based, Oop shift amount: 3

CDS archive(s) mapped at: [0x0000000800000000-0x0000000800bd8000-0x0000000800bd8000), size 12419072, SharedBaseAddress: 0x0000000800000000, ArchiveRelocationMode: 0.
Compressed class space mapped at: 0x0000000800c00000-0x0000000840c00000, reserved size: 1073741824
Narrow klass base: 0x0000000800000000, Narrow klass shift: 0, Narrow klass range: 0x100000000

GC Precious Log:
 CPUs: 8 total, 8 available
 Memory: 16384M
 Large Page Support: Disabled
 NUMA Support: Disabled
 Compressed Oops: Enabled (Zero based)
 Heap Region Size: 2M
 Heap Min Capacity: 8M
 Heap Initial Capacity: 256M
 Heap Max Capacity: 4G
 Pre-touch: Disabled
 Parallel Workers: 8
 Concurrent Workers: 2
 Concurrent Refinement Workers: 8
 Periodic GC: Disabled

Heap:
 garbage-first heap   total 266240K, used 38069K [0x0000000700000000, 0x0000000800000000)
  region size 2048K, 19 young (38912K), 2 survivors (4096K)
 Metaspace       used 14060K, committed 14336K, reserved 1064960K
  class space    used 2101K, committed 2240K, reserved 1048576K

Heap Regions: E=young(eden), S=young(survivor), O=old, HS=humongous(starts), HC=humongous(continues), CS=collection set, F=free, OA=open archive, CA=closed archive, TAMS=top-at-mark-start (previous, next)
|   0|0x0000000700000000, 0x0000000700000000, 0x0000000700200000|  0%| F|  |TAMS 0x0000000700000000, 0x0000000700000000| Untracked 
|   1|0x0000000700200000, 0x0000000700200000, 0x0000000700400000|  0%| F|  |TAMS 0x0000000700200000, 0x0000000700200000| Untracked 
|   2|0x0000000700400000, 0x0000000700400000, 0x0000000700600000|  0%| F|  |TAMS 0x0000000700400000, 0x0000000700400000| Untracked 
|   3|0x0000000700600000, 0x0000000700600000, 0x0000000700800000|  0%| F|  |TAMS 0x0000000700600000, 0x0000000700600000| Untracked 
|   4|0x0000000700800000, 0x0000000700800000, 0x0000000700a00000|  0%| F|  |TAMS 0x0000000700800000, 0x0000000700800000| Untracked 
|   5|0x0000000700a00000, 0x0000000700a00000, 0x0000000700c00000|  0%| F|  |TAMS 0x0000000700a00000, 0x0000000700a00000| Untracked 
|   6|0x0000000700c00000, 0x0000000700c00000, 0x0000000700e00000|  0%| F|  |TAMS 0x0000000700c00000, 0x0000000700c00000| Untracked 
|   7|0x0000000700e00000, 0x0000000700e00000, 0x0000000701000000|  0%| F|  |TAMS 0x0000000700e00000, 0x0000000700e00000| Untracked 
|   8|0x0000000701000000, 0x0000000701000000, 0x0000000701200000|  0%| F|  |TAMS 0x0000000701000000, 0x0000000701000000| Untracked 
|   9|0x0000000701200000, 0x0000000701200000, 0x0000000701400000|  0%| F|  |TAMS 0x0000000701200000, 0x0000000701200000| Untracked 
|  10|0x0000000701400000, 0x0000000701400000, 0x0000000701600000|  0%| F|  |TAMS 0x0000000701400000, 0x0000000701400000| Untracked 
|  11|0x0000000701600000, 0x0000000701600000, 0x0000000701800000|  0%| F|  |TAMS 0x0000000701600000, 0x0000000701600000| Untracked 
|  12|0x0000000701800000, 0x0000000701800000, 0x0000000701a00000|  0%| F|  |TAMS 0x0000000701800000, 0x0000000701800000| Untracked 
|  13|0x0000000701a00000, 0x0000000701a00000, 0x0000000701c00000|  0%| F|  |TAMS 0x0000000701a00000, 0x0000000701a00000| Untracked 
|  14|0x0000000701c00000, 0x0000000701c00000, 0x0000000701e00000|  0%| F|  |TAMS 0x0000000701c00000, 0x0000000701c00000| Untracked 
|  15|0x0000000701e00000, 0x0000000701e00000, 0x0000000702000000|  0%| F|  |TAMS 0x0000000701e00000, 0x0000000701e00000| Untracked 
|  16|0x0000000702000000, 0x0000000702000000, 0x0000000702200000|  0%| F|  |TAMS 0x0000000702000000, 0x0000000702000000| Untracked 
|  17|0x0000000702200000, 0x0000000702200000, 0x0000000702400000|  0%| F|  |TAMS 0x0000000702200000, 0x0000000702200000| Untracked 
|  18|0x0000000702400000, 0x0000000702400000, 0x0000000702600000|  0%| F|  |TAMS 0x0000000702400000, 0x0000000702400000| Untracked 
|  19|0x0000000702600000, 0x0000000702600000, 0x0000000702800000|  0%| F|  |TAMS 0x0000000702600000, 0x0000000702600000| Untracked 
|  20|0x0000000702800000, 0x0000000702800000, 0x0000000702a00000|  0%| F|  |TAMS 0x0000000702800000, 0x0000000702800000| Untracked 
|  21|0x0000000702a00000, 0x0000000702a00000, 0x0000000702c00000|  0%| F|  |TAMS 0x0000000702a00000, 0x0000000702a00000| Untracked 
|  22|0x0000000702c00000, 0x0000000702c00000, 0x0000000702e00000|  0%| F|  |TAMS 0x0000000702c00000, 0x0000000702c00000| Untracked 
|  23|0x0000000702e00000, 0x0000000702e00000, 0x0000000703000000|  0%| F|  |TAMS 0x0000000702e00000, 0x0000000702e00000| Untracked 
|  24|0x0000000703000000, 0x0000000703000000, 0x0000000703200000|  0%| F|  |TAMS 0x0000000703000000, 0x0000000703000000| Untracked 
|  25|0x0000000703200000, 0x0000000703200000, 0x0000000703400000|  0%| F|  |TAMS 0x0000000703200000, 0x0000000703200000| Untracked 
|  26|0x0000000703400000, 0x0000000703400000, 0x0000000703600000|  0%| F|  |TAMS 0x0000000703400000, 0x0000000703400000| Untracked 
|  27|0x0000000703600000, 0x0000000703600000, 0x0000000703800000|  0%| F|  |TAMS 0x0000000703600000, 0x0000000703600000| Untracked 
|  28|0x0000000703800000, 0x0000000703800000, 0x0000000703a00000|  0%| F|  |TAMS 0x0000000703800000, 0x0000000703800000| Untracked 
|  29|0x0000000703a00000, 0x0000000703a00000, 0x0000000703c00000|  0%| F|  |TAMS 0x0000000703a00000, 0x0000000703a00000| Untracked 
|  30|0x0000000703c00000, 0x0000000703c00000, 0x0000000703e00000|  0%| F|  |TAMS 0x0000000703c00000, 0x0000000703c00000| Untracked 
|  31|0x0000000703e00000, 0x0000000703e00000, 0x0000000704000000|  0%| F|  |TAMS 0x0000000703e00000, 0x0000000703e00000| Untracked 
|  32|0x0000000704000000, 0x0000000704000000, 0x0000000704200000|  0%| F|  |TAMS 0x0000000704000000, 0x0000000704000000| Untracked 
|  33|0x0000000704200000, 0x0000000704200000, 0x0000000704400000|  0%| F|  |TAMS 0x0000000704200000, 0x0000000704200000| Untracked 
|  34|0x0000000704400000, 0x0000000704400000, 0x0000000704600000|  0%| F|  |TAMS 0x0000000704400000, 0x0000000704400000| Untracked 
|  35|0x0000000704600000, 0x0000000704600000, 0x0000000704800000|  0%| F|  |TAMS 0x0000000704600000, 0x0000000704600000| Untracked 
|  36|0x0000000704800000, 0x0000000704800000, 0x0000000704a00000|  0%| F|  |TAMS 0x0000000704800000, 0x0000000704800000| Untracked 
|  37|0x0000000704a00000, 0x0000000704a00000, 0x0000000704c00000|  0%| F|  |TAMS 0x0000000704a00000, 0x0000000704a00000| Untracked 
|  38|0x0000000704c00000, 0x0000000704c00000, 0x0000000704e00000|  0%| F|  |TAMS 0x0000000704c00000, 0x0000000704c00000| Untracked 
|  39|0x0000000704e00000, 0x0000000704e00000, 0x0000000705000000|  0%| F|  |TAMS 0x0000000704e00000, 0x0000000704e00000| Untracked 
|  40|0x0000000705000000, 0x0000000705000000, 0x0000000705200000|  0%| F|  |TAMS 0x0000000705000000, 0x0000000705000000| Untracked 
|  41|0x0000000705200000, 0x0000000705200000, 0x0000000705400000|  0%| F|  |TAMS 0x0000000705200000, 0x0000000705200000| Untracked 
|  42|0x0000000705400000, 0x0000000705400000, 0x0000000705600000|  0%| F|  |TAMS 0x0000000705400000, 0x0000000705400000| Untracked 
|  43|0x0000000705600000, 0x0000000705600000, 0x0000000705800000|  0%| F|  |TAMS 0x0000000705600000, 0x0000000705600000| Untracked 
|  44|0x0000000705800000, 0x0000000705800000, 0x0000000705a00000|  0%| F|  |TAMS 0x0000000705800000, 0x0000000705800000| Untracked 
|  45|0x0000000705a00000, 0x0000000705a00000, 0x0000000705c00000|  0%| F|  |TAMS 0x0000000705a00000, 0x0000000705a00000| Untracked 
|  46|0x0000000705c00000, 0x0000000705c00000, 0x0000000705e00000|  0%| F|  |TAMS 0x0000000705c00000, 0x0000000705c00000| Untracked 
|  47|0x0000000705e00000, 0x0000000705e00000, 0x0000000706000000|  0%| F|  |TAMS 0x0000000705e00000, 0x0000000705e00000| Untracked 
|  48|0x0000000706000000, 0x0000000706000000, 0x0000000706200000|  0%| F|  |TAMS 0x0000000706000000, 0x0000000706000000| Untracked 
|  49|0x0000000706200000, 0x0000000706200000, 0x0000000706400000|  0%| F|  |TAMS 0x0000000706200000, 0x0000000706200000| Untracked 
|  50|0x0000000706400000, 0x0000000706400000, 0x0000000706600000|  0%| F|  |TAMS 0x0000000706400000, 0x0000000706400000| Untracked 
|  51|0x0000000706600000, 0x0000000706600000, 0x0000000706800000|  0%| F|  |TAMS 0x0000000706600000, 0x0000000706600000| Untracked 
|  52|0x0000000706800000, 0x0000000706800000, 0x0000000706a00000|  0%| F|  |TAMS 0x0000000706800000, 0x0000000706800000| Untracked 
|  53|0x0000000706a00000, 0x0000000706a00000, 0x0000000706c00000|  0%| F|  |TAMS 0x0000000706a00000, 0x0000000706a00000| Untracked 
|  54|0x0000000706c00000, 0x0000000706c00000, 0x0000000706e00000|  0%| F|  |TAMS 0x0000000706c00000, 0x0000000706c00000| Untracked 
|  55|0x0000000706e00000, 0x0000000706e00000, 0x0000000707000000|  0%| F|  |TAMS 0x0000000706e00000, 0x0000000706e00000| Untracked 
|  56|0x0000000707000000, 0x0000000707000000, 0x0000000707200000|  0%| F|  |TAMS 0x0000000707000000, 0x0000000707000000| Untracked 
|  57|0x0000000707200000, 0x0000000707200000, 0x0000000707400000|  0%| F|  |TAMS 0x0000000707200000, 0x0000000707200000| Untracked 
|  58|0x0000000707400000, 0x0000000707400000, 0x0000000707600000|  0%| F|  |TAMS 0x0000000707400000, 0x0000000707400000| Untracked 
|  59|0x0000000707600000, 0x0000000707600000, 0x0000000707800000|  0%| F|  |TAMS 0x0000000707600000, 0x0000000707600000| Untracked 
|  60|0x0000000707800000, 0x0000000707800000, 0x0000000707a00000|  0%| F|  |TAMS 0x0000000707800000, 0x0000000707800000| Untracked 
|  61|0x0000000707a00000, 0x0000000707a00000, 0x0000000707c00000|  0%| F|  |TAMS 0x0000000707a00000, 0x0000000707a00000| Untracked 
|  62|0x0000000707c00000, 0x0000000707c00000, 0x0000000707e00000|  0%| F|  |TAMS 0x0000000707c00000, 0x0000000707c00000| Untracked 
|  63|0x0000000707e00000, 0x0000000707e00000, 0x0000000708000000|  0%| F|  |TAMS 0x0000000707e00000, 0x0000000707e00000| Untracked 
|  64|0x0000000708000000, 0x0000000708000000, 0x0000000708200000|  0%| F|  |TAMS 0x0000000708000000, 0x0000000708000000| Untracked 
|  65|0x0000000708200000, 0x0000000708200000, 0x0000000708400000|  0%| F|  |TAMS 0x0000000708200000, 0x0000000708200000| Untracked 
|  66|0x0000000708400000, 0x0000000708400000, 0x0000000708600000|  0%| F|  |TAMS 0x0000000708400000, 0x0000000708400000| Untracked 
|  67|0x0000000708600000, 0x0000000708600000, 0x0000000708800000|  0%| F|  |TAMS 0x0000000708600000, 0x0000000708600000| Untracked 
|  68|0x0000000708800000, 0x0000000708800000, 0x0000000708a00000|  0%| F|  |TAMS 0x0000000708800000, 0x0000000708800000| Untracked 
|  69|0x0000000708a00000, 0x0000000708a00000, 0x0000000708c00000|  0%| F|  |TAMS 0x0000000708a00000, 0x0000000708a00000| Untracked 
|  70|0x0000000708c00000, 0x0000000708c00000, 0x0000000708e00000|  0%| F|  |TAMS 0x0000000708c00000, 0x0000000708c00000| Untracked 
|  71|0x0000000708e00000, 0x0000000708e00000, 0x0000000709000000|  0%| F|  |TAMS 0x0000000708e00000, 0x0000000708e00000| Untracked 
|  72|0x0000000709000000, 0x0000000709000000, 0x0000000709200000|  0%| F|  |TAMS 0x0000000709000000, 0x0000000709000000| Untracked 
|  73|0x0000000709200000, 0x0000000709200000, 0x0000000709400000|  0%| F|  |TAMS 0x0000000709200000, 0x0000000709200000| Untracked 
|  74|0x0000000709400000, 0x0000000709400000, 0x0000000709600000|  0%| F|  |TAMS 0x0000000709400000, 0x0000000709400000| Untracked 
|  75|0x0000000709600000, 0x0000000709600000, 0x0000000709800000|  0%| F|  |TAMS 0x0000000709600000, 0x0000000709600000| Untracked 
|  76|0x0000000709800000, 0x0000000709800000, 0x0000000709a00000|  0%| F|  |TAMS 0x0000000709800000, 0x0000000709800000| Untracked 
|  77|0x0000000709a00000, 0x0000000709a00000, 0x0000000709c00000|  0%| F|  |TAMS 0x0000000709a00000, 0x0000000709a00000| Untracked 
|  78|0x0000000709c00000, 0x0000000709c00000, 0x0000000709e00000|  0%| F|  |TAMS 0x0000000709c00000, 0x0000000709c00000| Untracked 
|  79|0x0000000709e00000, 0x0000000709e00000, 0x000000070a000000|  0%| F|  |TAMS 0x0000000709e00000, 0x0000000709e00000| Untracked 
|  80|0x000000070a000000, 0x000000070a000000, 0x000000070a200000|  0%| F|  |TAMS 0x000000070a000000, 0x000000070a000000| Untracked 
|  81|0x000000070a200000, 0x000000070a200000, 0x000000070a400000|  0%| F|  |TAMS 0x000000070a200000, 0x000000070a200000| Untracked 
|  82|0x000000070a400000, 0x000000070a400000, 0x000000070a600000|  0%| F|  |TAMS 0x000000070a400000, 0x000000070a400000| Untracked 
|  83|0x000000070a600000, 0x000000070a600000, 0x000000070a800000|  0%| F|  |TAMS 0x000000070a600000, 0x000000070a600000| Untracked 
|  84|0x000000070a800000, 0x000000070a800000, 0x000000070aa00000|  0%| F|  |TAMS 0x000000070a800000, 0x000000070a800000| Untracked 
|  85|0x000000070aa00000, 0x000000070aa00000, 0x000000070ac00000|  0%| F|  |TAMS 0x000000070aa00000, 0x000000070aa00000| Untracked 
|  86|0x000000070ac00000, 0x000000070ac00000, 0x000000070ae00000|  0%| F|  |TAMS 0x000000070ac00000, 0x000000070ac00000| Untracked 
|  87|0x000000070ae00000, 0x000000070ae00000, 0x000000070b000000|  0%| F|  |TAMS 0x000000070ae00000, 0x000000070ae00000| Untracked 
|  88|0x000000070b000000, 0x000000070b000000, 0x000000070b200000|  0%| F|  |TAMS 0x000000070b000000, 0x000000070b000000| Untracked 
|  89|0x000000070b200000, 0x000000070b200000, 0x000000070b400000|  0%| F|  |TAMS 0x000000070b200000, 0x000000070b200000| Untracked 
|  90|0x000000070b400000, 0x000000070b400000, 0x000000070b600000|  0%| F|  |TAMS 0x000000070b400000, 0x000000070b400000| Untracked 
|  91|0x000000070b600000, 0x000000070b600000, 0x000000070b800000|  0%| F|  |TAMS 0x000000070b600000, 0x000000070b600000| Untracked 
|  92|0x000000070b800000, 0x000000070b800000, 0x000000070ba00000|  0%| F|  |TAMS 0x000000070b800000, 0x000000070b800000| Untracked 
|  93|0x000000070ba00000, 0x000000070ba00000, 0x000000070bc00000|  0%| F|  |TAMS 0x000000070ba00000, 0x000000070ba00000| Untracked 
|  94|0x000000070bc00000, 0x000000070bc00000, 0x000000070be00000|  0%| F|  |TAMS 0x000000070bc00000, 0x000000070bc00000| Untracked 
|  95|0x000000070be00000, 0x000000070be00000, 0x000000070c000000|  0%| F|  |TAMS 0x000000070be00000, 0x000000070be00000| Untracked 
|  96|0x000000070c000000, 0x000000070c000000, 0x000000070c200000|  0%| F|  |TAMS 0x000000070c000000, 0x000000070c000000| Untracked 
|  97|0x000000070c200000, 0x000000070c200000, 0x000000070c400000|  0%| F|  |TAMS 0x000000070c200000, 0x000000070c200000| Untracked 
|  98|0x000000070c400000, 0x000000070c400000, 0x000000070c600000|  0%| F|  |TAMS 0x000000070c400000, 0x000000070c400000| Untracked 
|  99|0x000000070c600000, 0x000000070c600000, 0x000000070c800000|  0%| F|  |TAMS 0x000000070c600000, 0x000000070c600000| Untracked 
| 100|0x000000070c800000, 0x000000070c800000, 0x000000070ca00000|  0%| F|  |TAMS 0x000000070c800000, 0x000000070c800000| Untracked 
| 101|0x000000070ca00000, 0x000000070ca00000, 0x000000070cc00000|  0%| F|  |TAMS 0x000000070ca00000, 0x000000070ca00000| Untracked 
| 102|0x000000070cc00000, 0x000000070cc00000, 0x000000070ce00000|  0%| F|  |TAMS 0x000000070cc00000, 0x000000070cc00000| Untracked 
| 103|0x000000070ce00000, 0x000000070ce00000, 0x000000070d000000|  0%| F|  |TAMS 0x000000070ce00000, 0x000000070ce00000| Untracked 
| 104|0x000000070d000000, 0x000000070d000000, 0x000000070d200000|  0%| F|  |TAMS 0x000000070d000000, 0x000000070d000000| Untracked 
| 105|0x000000070d200000, 0x000000070d200000, 0x000000070d400000|  0%| F|  |TAMS 0x000000070d200000, 0x000000070d200000| Untracked 
| 106|0x000000070d400000, 0x000000070d400000, 0x000000070d600000|  0%| F|  |TAMS 0x000000070d400000, 0x000000070d400000| Untracked 
| 107|0x000000070d600000, 0x000000070d600000, 0x000000070d800000|  0%| F|  |TAMS 0x000000070d600000, 0x000000070d600000| Untracked 
| 108|0x000000070d800000, 0x000000070d800000, 0x000000070da00000|  0%| F|  |TAMS 0x000000070d800000, 0x000000070d800000| Untracked 
| 109|0x000000070da00000, 0x000000070da98a80, 0x000000070dc00000| 29%| E|  |TAMS 0x000000070da00000, 0x000000070da00000| Complete 
| 110|0x000000070dc00000, 0x000000070de00000, 0x000000070de00000|100%| E|CS|TAMS 0x000000070dc00000, 0x000000070dc00000| Complete 
| 111|0x000000070de00000, 0x000000070e000000, 0x000000070e000000|100%| E|CS|TAMS 0x000000070de00000, 0x000000070de00000| Complete 
| 112|0x000000070e000000, 0x000000070e200000, 0x000000070e200000|100%| E|CS|TAMS 0x000000070e000000, 0x000000070e000000| Complete 
| 113|0x000000070e200000, 0x000000070e400000, 0x000000070e400000|100%| E|CS|TAMS 0x000000070e200000, 0x000000070e200000| Complete 
| 114|0x000000070e400000, 0x000000070e600000, 0x000000070e600000|100%| E|CS|TAMS 0x000000070e400000, 0x000000070e400000| Complete 
| 115|0x000000070e600000, 0x000000070e735548, 0x000000070e800000| 60%| S|CS|TAMS 0x000000070e600000, 0x000000070e600000| Complete 
| 116|0x000000070e800000, 0x000000070ea00000, 0x000000070ea00000|100%| S|CS|TAMS 0x000000070e800000, 0x000000070e800000| Complete 
| 117|0x000000070ea00000, 0x000000070ec00000, 0x000000070ec00000|100%| E|CS|TAMS 0x000000070ea00000, 0x000000070ea00000| Complete 
| 118|0x000000070ec00000, 0x000000070ee00000, 0x000000070ee00000|100%| E|CS|TAMS 0x000000070ec00000, 0x000000070ec00000| Complete 
| 119|0x000000070ee00000, 0x000000070f000000, 0x000000070f000000|100%| E|CS|TAMS 0x000000070ee00000, 0x000000070ee00000| Complete 
| 120|0x000000070f000000, 0x000000070f200000, 0x000000070f200000|100%| E|CS|TAMS 0x000000070f000000, 0x000000070f000000| Complete 
| 121|0x000000070f200000, 0x000000070f400000, 0x000000070f400000|100%| E|CS|TAMS 0x000000070f200000, 0x000000070f200000| Complete 
| 122|0x000000070f400000, 0x000000070f600000, 0x000000070f600000|100%| E|CS|TAMS 0x000000070f400000, 0x000000070f400000| Complete 
| 123|0x000000070f600000, 0x000000070f800000, 0x000000070f800000|100%| E|CS|TAMS 0x000000070f600000, 0x000000070f600000| Complete 
| 124|0x000000070f800000, 0x000000070fa00000, 0x000000070fa00000|100%| E|CS|TAMS 0x000000070f800000, 0x000000070f800000| Complete 
| 125|0x000000070fa00000, 0x000000070fc00000, 0x000000070fc00000|100%| E|CS|TAMS 0x000000070fa00000, 0x000000070fa00000| Complete 
| 126|0x000000070fc00000, 0x000000070fe00000, 0x000000070fe00000|100%| E|CS|TAMS 0x000000070fc00000, 0x000000070fc00000| Complete 
| 127|0x000000070fe00000, 0x0000000710000000, 0x0000000710000000|100%| E|CS|TAMS 0x000000070fe00000, 0x000000070fe00000| Complete 
|2046|0x00000007ffc00000, 0x00000007ffd78000, 0x00000007ffe00000| 73%|OA|  |TAMS 0x00000007ffc00000, 0x00000007ffc00000| Untracked 
|2047|0x00000007ffe00000, 0x00000007ffe80000, 0x0000000800000000| 25%|CA|  |TAMS 0x00000007ffe00000, 0x00000007ffe00000| Untracked 

Card table byte_map: [0x000000010d918000,0x000000010e118000] _byte_map_base: 0x000000010a118000

Marking Bits (Prev, Next): (CMBitMap*) 0x000000012c837a10, (CMBitMap*) 0x000000012c837a50
 Prev Bits: [0x0000000118000000, 0x000000011c000000)
 Next Bits: [0x0000000128000000, 0x000000012c000000)

Polling page: 0x0000000104190000

Metaspace:

Usage:
  Non-class:     11.68 MB used.
      Class:      2.05 MB used.
       Both:     13.73 MB used.

Virtual space:
  Non-class space:       16.00 MB reserved,      11.81 MB ( 74%) committed,  2 nodes.
      Class space:        1.00 GB reserved,       2.19 MB ( <1%) committed,  1 nodes.
             Both:        1.02 GB reserved,      14.00 MB (  1%) committed. 

Chunk freelists:
   Non-Class:  80.00 KB
       Class:  1.80 MB
        Both:  1.88 MB

MaxMetaspaceSize: unlimited
CompressedClassSpaceSize: 1.00 GB
Initial GC threshold: 21.00 MB
Current GC threshold: 21.00 MB
CDS: on
MetaspaceReclaimPolicy: balanced
 - commit_granule_bytes: 65536.
 - commit_granule_words: 8192.
 - virtual_space_node_default_size: 1048576.
 - enlarge_chunks_in_place: 1.
 - new_chunks_are_fully_committed: 0.
 - uncommit_free_chunks: 1.
 - use_allocation_guard: 0.
 - handle_deallocations: 1.


Internal statistics:

num_allocs_failed_limit: 0.
num_arena_births: 184.
num_arena_deaths: 0.
num_vsnodes_births: 3.
num_vsnodes_deaths: 0.
num_space_committed: 224.
num_space_uncommitted: 0.
num_chunks_returned_to_freelist: 0.
num_chunks_taken_from_freelist: 631.
num_chunk_merges: 0.
num_chunk_splits: 434.
num_chunks_enlarged: 332.
num_purges: 0.
num_inconsistent_stats: 0.

CodeHeap 'non-profiled nmethods': size=120032Kb used=723Kb max_used=723Kb free=119308Kb
 bounds [0x000000013fac8000, 0x000000013fd38000, 0x0000000147000000]
CodeHeap 'profiled nmethods': size=120016Kb used=3393Kb max_used=3393Kb free=116622Kb
 bounds [0x0000000138594000, 0x00000001388f4000, 0x000000013fac8000]
CodeHeap 'non-nmethods': size=5712Kb used=1356Kb max_used=1483Kb free=4355Kb
 bounds [0x0000000138000000, 0x0000000138270000, 0x0000000138594000]
 total_blobs=2546 nmethods=1809 adapters=653
 compilation: enabled
              stopped_count=0, restarted_count=0
 full_count=0

Compilation events (20 events):
Event: 3.099 Thread 0x000000010f027400 1878       3       com.sun.javafx.geom.transform.AffineBase::updateState2D (210 bytes)
Event: 3.099 Thread 0x000000010f027400 nmethod 1878 0x00000001388e1210 code [0x00000001388e1400, 0x00000001388e1a68]
Event: 3.099 Thread 0x000000010f027400 1879       3       com.sun.javafx.geom.transform.AffineBase::updateState (5 bytes)
Event: 3.099 Thread 0x000000010f027400 nmethod 1879 0x00000001388e1b10 code [0x00000001388e1cc0, 0x00000001388e1ed8]
Event: 3.119 Thread 0x000000010f027400 1880       1       com.sun.javafx.event.CompositeEventHandler$NormalEventHandlerRecord::isDisconnected (2 bytes)
Event: 3.119 Thread 0x000000010f027400 nmethod 1880 0x000000013fb7c910 code [0x000000013fb7ca80, 0x000000013fb7cb68]
Event: 3.121 Thread 0x000000010f027400 1881       3       java.util.WeakHashMap$HashIterator::nextEntry (81 bytes)
Event: 3.121 Thread 0x000000010f027400 nmethod 1881 0x00000001388e1f90 code [0x00000001388e2180, 0x00000001388e2738]
Event: 3.121 Thread 0x000000010f027400 1882       3       java.util.WeakHashMap$Entry::getKey (8 bytes)
Event: 3.121 Thread 0x000000010f027400 nmethod 1882 0x00000001388e2910 code [0x00000001388e2ac0, 0x00000001388e2d68]
Event: 3.179 Thread 0x000000010f027400 1883       3       java.util.WeakHashMap::size (18 bytes)
Event: 3.179 Thread 0x000000010f027400 nmethod 1883 0x00000001388e2e10 code [0x00000001388e2fc0, 0x00000001388e31d8]
Event: 3.196 Thread 0x000000010f027400 1884       1       java.util.WeakHashMap$Entry::getValue (5 bytes)
Event: 3.196 Thread 0x000000010f027400 nmethod 1884 0x000000013fb7cc10 code [0x000000013fb7cd80, 0x000000013fb7ce68]
Event: 3.212 Thread 0x000000010f027400 1885  s    3       com.sun.javafx.tk.quantum.QuantumToolkit$PulseTask::set (20 bytes)
Event: 3.213 Thread 0x000000010f027400 nmethod 1885 0x00000001388e3290 code [0x00000001388e3480, 0x00000001388e3ad8]
Event: 3.237 Thread 0x000000010f027400 1886       3       java.util.concurrent.atomic.AtomicBoolean::get (13 bytes)
Event: 3.238 Thread 0x000000010f027400 nmethod 1886 0x00000001388e3d10 code [0x00000001388e3ec0, 0x00000001388e4068]
Event: 3.271 Thread 0x000000010f027400 1887       3       java.util.WeakHashMap::isEmpty (13 bytes)
Event: 3.271 Thread 0x000000010f027400 nmethod 1887 0x00000001388e4110 code [0x00000001388e42c0, 0x00000001388e4558]

GC Heap History (2 events):
Event: 0.293 GC heap before
{Heap before GC invocations=0 (full 0):
 garbage-first heap   total 266240K, used 24544K [0x0000000700000000, 0x0000000800000000)
  region size 2048K, 11 young (22528K), 0 survivors (0K)
 Metaspace       used 6554K, committed 6720K, reserved 1056768K
  class space    used 823K, committed 896K, reserved 1048576K
}
Event: 0.295 GC heap after
{Heap after GC invocations=1 (full 0):
 garbage-first heap   total 266240K, used 5301K [0x0000000700000000, 0x0000000800000000)
  region size 2048K, 2 young (4096K), 2 survivors (4096K)
 Metaspace       used 6554K, committed 6720K, reserved 1056768K
  class space    used 823K, committed 896K, reserved 1048576K
}

Deoptimization events (20 events):
Event: 0.510 Thread 0x000000012d81f800 Uncommon trap: trap_request=0xffffffc6 fr.pc=0x000000013fb15d6c relative=0x00000000000004ec
Event: 0.510 Thread 0x000000012d81f800 Uncommon trap: reason=bimorphic_or_optimized_type_check action=maybe_recompile pc=0x000000013fb15d6c method=java.util.concurrent.ConcurrentHashMap.get(Ljava/lang/Object;)Ljava/lang/Object; @ 149 c2
Event: 0.510 Thread 0x000000012d81f800 DEOPT PACKING pc=0x000000013fb15d6c sp=0x000000016bcece70
Event: 0.510 Thread 0x000000012d81f800 DEOPT UNPACKING pc=0x000000013803ed1c sp=0x000000016bcece00 mode 2
Event: 0.510 Thread 0x000000012d81f800 Uncommon trap: trap_request=0xffffffc6 fr.pc=0x000000013fb15d6c relative=0x00000000000004ec
Event: 0.510 Thread 0x000000012d81f800 Uncommon trap: reason=bimorphic_or_optimized_type_check action=maybe_recompile pc=0x000000013fb15d6c method=java.util.concurrent.ConcurrentHashMap.get(Ljava/lang/Object;)Ljava/lang/Object; @ 149 c2
Event: 0.510 Thread 0x000000012d81f800 DEOPT PACKING pc=0x000000013fb15d6c sp=0x000000016bcece70
Event: 0.510 Thread 0x000000012d81f800 DEOPT UNPACKING pc=0x000000013803ed1c sp=0x000000016bcece00 mode 2
Event: 0.511 Thread 0x000000012d81f800 Uncommon trap: trap_request=0xffffffc6 fr.pc=0x000000013fb15d6c relative=0x00000000000004ec
Event: 0.511 Thread 0x000000012d81f800 Uncommon trap: reason=bimorphic_or_optimized_type_check action=maybe_recompile pc=0x000000013fb15d6c method=java.util.concurrent.ConcurrentHashMap.get(Ljava/lang/Object;)Ljava/lang/Object; @ 149 c2
Event: 0.511 Thread 0x000000012d81f800 DEOPT PACKING pc=0x000000013fb15d6c sp=0x000000016bcece70
Event: 0.511 Thread 0x000000012d81f800 DEOPT UNPACKING pc=0x000000013803ed1c sp=0x000000016bcece00 mode 2
Event: 1.165 Thread 0x000000012e90ea00 Uncommon trap: trap_request=0xffffff45 fr.pc=0x000000013fb5b668 relative=0x0000000000000e28
Event: 1.165 Thread 0x000000012e90ea00 Uncommon trap: reason=unstable_if action=reinterpret pc=0x000000013fb5b668 method=java.util.concurrent.ConcurrentHashMap.putVal(Ljava/lang/Object;Ljava/lang/Object;Z)Ljava/lang/Object; @ 148 c2
Event: 1.165 Thread 0x000000012e90ea00 DEOPT PACKING pc=0x000000013fb5b668 sp=0x000000016ff198e0
Event: 1.165 Thread 0x000000012e90ea00 DEOPT UNPACKING pc=0x000000013803ed1c sp=0x000000016ff197f0 mode 2
Event: 1.166 Thread 0x000000012e90ea00 Uncommon trap: trap_request=0xffffff45 fr.pc=0x000000013fad9db8 relative=0x00000000000000f8
Event: 1.166 Thread 0x000000012e90ea00 Uncommon trap: reason=unstable_if action=reinterpret pc=0x000000013fad9db8 method=java.lang.StringLatin1.lastIndexOf([BI[BII)I @ 86 c2
Event: 1.166 Thread 0x000000012e90ea00 DEOPT PACKING pc=0x000000013fad9db8 sp=0x000000016ff198d0
Event: 1.166 Thread 0x000000012e90ea00 DEOPT UNPACKING pc=0x000000013803ed1c sp=0x000000016ff19830 mode 2

Classes unloaded (0 events):
No events

Classes redefined (0 events):
No events

Internal exceptions (20 events):
Event: 0.282 Thread 0x000000012d81f800 Exception <a 'sun/nio/fs/UnixException'{0x000000070ea58ca8}> (0x000000070ea58ca8) 
thrown [open/src/hotspot/share/prims/jni.cpp, line 516]
Event: 0.300 Thread 0x000000012d81f800 Exception <a 'java/lang/NoSuchMethodError'{0x000000070fef4630}: 'java.lang.Object java.lang.invoke.DirectMethodHandle$Holder.invokeStaticInit(java.lang.Object, java.lang.Object, java.lang.Object, java.lang.Object)'> (0x000000070fef4630) 
thrown [open/src/hotspot/share/interpreter/linkResolver.cpp, line 766]
Event: 0.300 Thread 0x000000012d81f800 Exception <a 'java/lang/NullPointerException'{0x000000070ff00318}> (0x000000070ff00318) 
thrown [open/src/hotspot/share/interpreter/linkResolver.cpp, line 1357]
Event: 0.307 Thread 0x000000012d81f800 Exception <a 'java/lang/NoSuchMethodError'{0x000000070fc84070}: 'java.lang.Object java.lang.invoke.DirectMethodHandle$Holder.invokeSpecial(java.lang.Object, java.lang.Object, java.lang.Object, int, java.lang.Object)'> (0x000000070fc84070) 
thrown [open/src/hotspot/share/interpreter/linkResolver.cpp, line 766]
Event: 0.342 Thread 0x000000012d81f800 Exception <a 'java/lang/NoSuchMethodError'{0x000000070f6b5000}: 'void java.lang.invoke.DirectMethodHandle$Holder.invokeStaticInit(java.lang.Object, java.lang.Object)'> (0x000000070f6b5000) 
thrown [open/src/hotspot/share/interpreter/linkResolver.cpp, line 766]
Event: 0.357 Thread 0x000000012d81f800 Exception <a 'sun/nio/fs/UnixException'{0x000000070f53ced0}> (0x000000070f53ced0) 
thrown [open/src/hotspot/share/prims/jni.cpp, line 516]
Event: 0.361 Thread 0x000000012d81f800 Implicit null exception at 0x000000013faeb378 to 0x000000013faeb408
Event: 0.398 Thread 0x000000012d81f800 Implicit null exception at 0x000000013fb27694 to 0x000000013fb27a1c
Event: 0.398 Thread 0x000000012d81f800 Implicit null exception at 0x000000013fb1ced4 to 0x000000013fb1d228
Event: 0.399 Thread 0x000000012d81f800 Implicit null exception at 0x000000013fae1e58 to 0x000000013fae201c
Event: 0.403 Thread 0x000000012d81f800 Exception <a 'java/lang/NoSuchMethodError'{0x000000070f1b9248}: 'int java.lang.invoke.DirectMethodHandle$Holder.invokeStaticInit(java.lang.Object, java.lang.Object)'> (0x000000070f1b9248) 
thrown [open/src/hotspot/share/interpreter/linkResolver.cpp, line 766]
Event: 0.419 Thread 0x000000012d81f800 Exception <a 'java/lang/NoSuchMethodError'{0x000000070ed17820}: 'void java.lang.invoke.DirectMethodHandle$Holder.invokeSpecial(java.lang.Object, java.lang.Object, java.lang.Object, java.lang.Object, java.lang.Object, java.lang.Object)'> (0x000000070ed17820) 
thrown [open/src/hotspot/share/interpreter/linkResolver.cpp, line 766]
Event: 0.429 Thread 0x000000012d81f800 Exception <a 'java/lang/NoSuchMethodError'{0x000000070ea11b38}: 'java.lang.Object java.lang.invoke.DirectMethodHandle$Holder.invokeInterface(java.lang.Object, java.lang.Object, java.lang.Object)'> (0x000000070ea11b38) 
thrown [open/src/hotspot/share/interpreter/linkResolver.cpp, line 766]
Event: 0.429 Thread 0x000000012d81f800 Exception <a 'java/lang/IncompatibleClassChangeError'{0x000000070ea154c0}: Found class java.lang.Object, but interface was expected> (0x000000070ea154c0) 
thrown [open/src/hotspot/share/interpreter/linkResolver.cpp, line 833]
Event: 0.515 Thread 0x000000012d81f800 Exception <a 'java/lang/NoSuchMethodError'{0x000000070e5bd9c8}: 'java.lang.Object java.lang.invoke.DirectMethodHandle$Holder.newInvokeSpecial(java.lang.Object, java.lang.Object, int)'> (0x000000070e5bd9c8) 
thrown [open/src/hotspot/share/interpreter/linkResolver.cpp, line 766]
Event: 3.073 Thread 0x000000012d81f800 Exception <a 'java/lang/NoSuchMethodError'{0x000000070dd40928}: 'long java.lang.invoke.DirectMethodHandle$Holder.invokeStatic(java.lang.Object, java.lang.Object, java.lang.Object)'> (0x000000070dd40928) 
thrown [open/src/hotspot/share/interpreter/linkResolver.cpp, line 766]
Event: 3.073 Thread 0x000000012d81f800 Exception <a 'java/lang/NoSuchMethodError'{0x000000070dd440d0}: 'long java.lang.invoke.DirectMethodHandle$Holder.invokeStaticInit(java.lang.Object, java.lang.Object, java.lang.Object)'> (0x000000070dd440d0) 
thrown [open/src/hotspot/share/interpreter/linkResolver.cpp, line 766]
Event: 3.074 Thread 0x000000012d81f800 Exception <a 'java/lang/NoSuchMethodError'{0x000000070dd5c138}: 'java.lang.Object java.lang.invoke.DirectMethodHandle$Holder.newInvokeSpecial(java.lang.Object, java.lang.Object, long)'> (0x000000070dd5c138) 
thrown [open/src/hotspot/share/interpreter/linkResolver.cpp, line 766]
Event: 3.074 Thread 0x000000012d81f800 Exception <a 'java/lang/NoSuchMethodError'{0x000000070dd5fa00}: 'java.lang.Object java.lang.invoke.Invokers$Holder.linkToTargetMethod(java.lang.Object, long, java.lang.Object)'> (0x000000070dd5fa00) 
thrown [open/src/hotspot/share/interpreter/linkResolver.cpp, line 766]
Event: 3.083 Thread 0x000000012e81b800 Exception <a 'java/lang/NoSuchMethodError'{0x000000070e0566c0}: 'java.lang.Object java.lang.invoke.DirectMethodHandle$Holder.invokeStaticInit(java.lang.Object, int)'> (0x000000070e0566c0) 
thrown [open/src/hotspot/share/interpreter/linkResolver.cpp, line 766]

VM Operations (20 events):
Event: 0.062 Executing VM operation: HandshakeAllThreads
Event: 0.062 Executing VM operation: HandshakeAllThreads done
Event: 0.075 Executing VM operation: HandshakeAllThreads
Event: 0.075 Executing VM operation: HandshakeAllThreads done
Event: 0.267 Executing VM operation: ICBufferFull
Event: 0.267 Executing VM operation: ICBufferFull done
Event: 0.293 Executing VM operation: G1CollectForAllocation
Event: 0.295 Executing VM operation: G1CollectForAllocation done
Event: 0.321 Executing VM operation: HandshakeAllThreads
Event: 0.321 Executing VM operation: HandshakeAllThreads done
Event: 0.340 Executing VM operation: ICBufferFull
Event: 0.340 Executing VM operation: ICBufferFull done
Event: 0.489 Executing VM operation: ICBufferFull
Event: 0.489 Executing VM operation: ICBufferFull done
Event: 0.489 Executing VM operation: HandshakeAllThreads
Event: 0.489 Executing VM operation: HandshakeAllThreads done
Event: 2.059 Executing VM operation: Cleanup
Event: 2.059 Executing VM operation: Cleanup done
Event: 3.053 Executing VM operation: ICBufferFull
Event: 3.053 Executing VM operation: ICBufferFull done

Events (20 events):
Event: 2.762 Protecting memory [0x000000016df58000,0x000000016df64000] with protection modes 0
Event: 2.762 Thread 0x000000011f822000 Thread added: 0x000000011f822000
Event: 2.772 loading class jdk/internal/misc/ScopedMemoryAccess$Scope
Event: 2.772 loading class jdk/internal/misc/ScopedMemoryAccess$Scope done
Event: 3.029 Protecting memory [0x000000016df58000,0x000000016df64000] with protection modes 3
Event: 3.029 Thread 0x000000011f822000 Thread exited: 0x000000011f822000
Event: 3.037 Protecting memory [0x000000016df58000,0x000000016df64000] with protection modes 0
Event: 3.037 Thread 0x000000012daa0000 Thread added: 0x000000012daa0000
Event: 3.064 Thread 0x000000012d937400 Thread added: 0x000000012d937400
Event: 3.064 Protecting memory [0x000000016dfe4000,0x000000016dff0000] with protection modes 0
Event: 3.073 loading class java/util/concurrent/ConcurrentLinkedQueue
Event: 3.073 loading class java/util/concurrent/ConcurrentLinkedQueue done
Event: 3.073 loading class java/util/concurrent/ConcurrentLinkedQueue$Node
Event: 3.073 loading class java/util/concurrent/ConcurrentLinkedQueue$Node done
Event: 3.084 loading class java/lang/FdLibm$Hypot
Event: 3.084 loading class java/lang/FdLibm$Hypot done
Event: 3.084 loading class java/lang/FdLibm
Event: 3.084 loading class java/lang/FdLibm done
Event: 3.196 Protecting memory [0x000000016dfe4000,0x000000016dff0000] with protection modes 3
Event: 3.196 Thread 0x000000012d937400 Thread exited: 0x000000012d937400


Dynamic libraries:
0x0000000104140000 	/Library/Java/JavaVirtualMachines/jdk-17.0.2.jdk/Contents/Home/lib/libjli.dylib
0x00000001a1c60000 	/usr/lib/libz.1.dylib
0x00000001a1d17000 	/usr/lib/libSystem.B.dylib
0x00000001a1d11000 	/usr/lib/system/libcache.dylib
0x00000001a1ccf000 	/usr/lib/system/libcommonCrypto.dylib
0x00000001a1cf8000 	/usr/lib/system/libcompiler_rt.dylib
0x00000001a1cef000 	/usr/lib/system/libcopyfile.dylib
0x0000000196f57000 	/usr/lib/system/libcorecrypto.dylib
0x000000019700a000 	/usr/lib/system/libdispatch.dylib
0x00000001971d8000 	/usr/lib/system/libdyld.dylib
0x00000001a1d07000 	/usr/lib/system/libkeymgr.dylib
0x00000001a1caa000 	/usr/lib/system/libmacho.dylib
0x00000001a139f000 	/usr/lib/system/libquarantine.dylib
0x00000001a1d04000 	/usr/lib/system/libremovefile.dylib
0x000000019c340000 	/usr/lib/system/libsystem_asl.dylib
0x0000000196ef9000 	/usr/lib/system/libsystem_blocks.dylib
0x0000000197092000 	/usr/lib/system/libsystem_c.dylib
0x00000001a1cfc000 	/usr/lib/system/libsystem_collections.dylib
0x00000001a082d000 	/usr/lib/system/libsystem_configuration.dylib
0x000000019fa89000 	/usr/lib/system/libsystem_containermanager.dylib
0x00000001a1a0c000 	/usr/lib/system/libsystem_coreservices.dylib
0x0000000199900000 	/usr/lib/system/libsystem_darwin.dylib
0x00000001a1d08000 	/usr/lib/system/libsystem_dnssd.dylib
0x000000019708f000 	/usr/lib/system/libsystem_featureflags.dylib
0x00000001971ed000 	/usr/lib/system/libsystem_info.dylib
0x00000001a1c72000 	/usr/lib/system/libsystem_m.dylib
0x0000000196fdf000 	/usr/lib/system/libsystem_malloc.dylib
0x000000019c2cf000 	/usr/lib/system/libsystem_networkextension.dylib
0x0000000199d59000 	/usr/lib/system/libsystem_notify.dylib
0x00000001a8055000 	/usr/lib/system/libsystem_product_info_filter.dylib
0x00000001a0832000 	/usr/lib/system/libsystem_sandbox.dylib
0x00000001a1d01000 	/usr/lib/system/libsystem_secinit.dylib
0x0000000197193000 	/usr/lib/system/libsystem_kernel.dylib
0x00000001971e5000 	/usr/lib/system/libsystem_platform.dylib
0x00000001971cb000 	/usr/lib/system/libsystem_pthread.dylib
0x000000019da98000 	/usr/lib/system/libsystem_symptoms.dylib
0x0000000196f3d000 	/usr/lib/system/libsystem_trace.dylib
0x00000001a1cdc000 	/usr/lib/system/libunwind.dylib
0x0000000196efb000 	/usr/lib/system/libxpc.dylib
0x000000019717b000 	/usr/lib/libc++abi.dylib
0x0000000197051000 	/usr/lib/libobjc.A.dylib
0x00000001a1ce7000 	/usr/lib/liboah.dylib
0x0000000197114000 	/usr/lib/libc++.1.dylib
0x00000001adb6e000 	/System/Library/Frameworks/Cocoa.framework/Versions/A/Cocoa
0x0000000199dba000 	/System/Library/Frameworks/AppKit.framework/Versions/C/AppKit
0x000000019d2c0000 	/System/Library/Frameworks/CoreData.framework/Versions/A/CoreData
0x0000000198115000 	/System/Library/Frameworks/Foundation.framework/Versions/C/Foundation
0x000000019ac72000 	/System/Library/PrivateFrameworks/UIFoundation.framework/Versions/A/UIFoundation
0x00000001a7d4f000 	/System/Library/PrivateFrameworks/RemoteViewServices.framework/Versions/A/RemoteViewServices
0x00000001a01d5000 	/System/Library/PrivateFrameworks/XCTTargetBootstrap.framework/Versions/A/XCTTargetBootstrap
0x00000001a3a53000 	/System/Library/PrivateFrameworks/InternationalSupport.framework/Versions/A/InternationalSupport
0x00000001a3adc000 	/System/Library/PrivateFrameworks/UserActivity.framework/Versions/A/UserActivity
0x00000001a2f4e000 	/usr/lib/libspindump.dylib
0x000000019aee3000 	/System/Library/Frameworks/UniformTypeIdentifiers.framework/Versions/A/UniformTypeIdentifiers
0x000000019e720000 	/usr/lib/libapp_launch_measurement.dylib
0x000000019dc4a000 	/System/Library/PrivateFrameworks/CoreAnalytics.framework/Versions/A/CoreAnalytics
0x000000019e723000 	/System/Library/PrivateFrameworks/CoreAutoLayout.framework/Versions/A/CoreAutoLayout
0x000000019fac6000 	/System/Library/Frameworks/Metal.framework/Versions/A/Metal
0x00000001a083d000 	/usr/lib/liblangid.dylib
0x00000001a01da000 	/System/Library/PrivateFrameworks/CoreSVG.framework/Versions/A/CoreSVG
0x000000019c374000 	/System/Library/PrivateFrameworks/SkyLight.framework/Versions/A/SkyLight
0x000000019c749000 	/System/Library/Frameworks/CoreGraphics.framework/Versions/A/CoreGraphics
0x00000001a841b000 	/System/Library/Frameworks/Accelerate.framework/Versions/A/Accelerate
0x00000001a29c5000 	/System/Library/PrivateFrameworks/IconServices.framework/Versions/A/IconServices
0x000000019faa8000 	/System/Library/Frameworks/IOSurface.framework/Versions/A/IOSurface
0x000000019dc7b000 	/usr/lib/libDiagnosticMessagesClient.dylib
0x00000001ab91c000 	/System/Library/Frameworks/ApplicationServices.framework/Versions/A/ApplicationServices
0x00000001a01bd000 	/System/Library/PrivateFrameworks/DFRFoundation.framework/Versions/A/DFRFoundation
0x000000019964a000 	/usr/lib/libicucore.A.dylib
0x00000001a48ff000 	/System/Library/Frameworks/AudioToolbox.framework/Versions/A/AudioToolbox
0x00000001a3a5f000 	/System/Library/PrivateFrameworks/DataDetectorsCore.framework/Versions/A/DataDetectorsCore
0x00000001ba39f000 	/System/Library/PrivateFrameworks/TextInput.framework/Versions/A/TextInput
0x000000019c2e9000 	/usr/lib/libMobileGestalt.dylib
0x000000019fe89000 	/System/Library/Frameworks/Carbon.framework/Versions/A/Frameworks/HIToolbox.framework/Versions/A/HIToolbox
0x000000019e0fc000 	/System/Library/Frameworks/QuartzCore.framework/Versions/A/QuartzCore
0x00000001992cd000 	/System/Library/Frameworks/Security.framework/Versions/A/Security
0x00000001a7d8f000 	/System/Library/Frameworks/Carbon.framework/Versions/A/Frameworks/SpeechRecognition.framework/Versions/A/SpeechRecognition
0x000000019e476000 	/System/Library/PrivateFrameworks/CoreUI.framework/Versions/A/CoreUI
0x0000000198baa000 	/System/Library/Frameworks/CoreAudio.framework/Versions/A/CoreAudio
0x000000019dd70000 	/System/Library/Frameworks/DiskArbitration.framework/Versions/A/DiskArbitration
0x00000001a3358000 	/System/Library/PrivateFrameworks/MultitouchSupport.framework/Versions/A/MultitouchSupport
0x000000019c2e7000 	/usr/lib/libenergytrace.dylib
0x0000000199c82000 	/System/Library/Frameworks/IOKit.framework/Versions/A/IOKit
0x00000001a817e000 	/System/Library/Frameworks/CoreServices.framework/Versions/A/CoreServices
0x000000019e6b0000 	/System/Library/PrivateFrameworks/PerformanceAnalysis.framework/Versions/A/PerformanceAnalysis
0x00000001f8687000 	/System/Library/Frameworks/OpenGL.framework/Versions/A/OpenGL
0x00000001a12b7000 	/System/Library/PrivateFrameworks/MobileKeyBag.framework/Versions/A/MobileKeyBag
0x000000019cd56000 	/System/Library/Frameworks/ColorSync.framework/Versions/A/ColorSync
0x000000019721a000 	/System/Library/Frameworks/CoreFoundation.framework/Versions/A/CoreFoundation
0x00000001a0459000 	/System/Library/Frameworks/CoreImage.framework/Versions/A/CoreImage
0x00000001989ce000 	/System/Library/Frameworks/CoreText.framework/Versions/A/CoreText
0x00000001a020a000 	/System/Library/Frameworks/ImageIO.framework/Versions/A/ImageIO
0x00000001a1d1d000 	/System/Library/PrivateFrameworks/SoftLinking.framework/Versions/A/SoftLinking
0x000000019e76e000 	/usr/lib/libxml2.2.dylib
0x00000001a1fb6000 	/usr/lib/libcompression.dylib
0x00000001a39af000 	/System/Library/PrivateFrameworks/TextureIO.framework/Versions/A/TextureIO
0x00000001a26de000 	/usr/lib/libate.dylib
0x00000001a25a3000 	/usr/lib/liblzma.5.dylib
0x0000000197e09000 	/System/Library/Frameworks/SystemConfiguration.framework/Versions/A/SystemConfiguration
0x00000001a1d19000 	/usr/lib/libfakelink.dylib
0x000000019be1b000 	/System/Library/Frameworks/CFNetwork.framework/Versions/A/CFNetwork
0x00000001a1e5f000 	/usr/lib/libarchive.2.dylib
0x00000001a0839000 	/System/Library/PrivateFrameworks/AppleSystemInfo.framework/Versions/A/AppleSystemInfo
0x00000001a13ca000 	/usr/lib/libbsm.0.dylib
0x000000019b38c000 	/usr/lib/libnetwork.dylib
0x00000001a1cb3000 	/usr/lib/system/libkxld.dylib
0x00000001a0fdd000 	/System/Library/PrivateFrameworks/IOMobileFramebuffer.framework/Versions/A/IOMobileFramebuffer
0x0000000215fb3000 	/usr/lib/libCoreEntitlements.dylib
0x00000001a19ee000 	/System/Library/PrivateFrameworks/AppleFSCompression.framework/Versions/A/AppleFSCompression
0x00000001a13b2000 	/usr/lib/libcoretls.dylib
0x00000001a25bc000 	/usr/lib/libcoretls_cfhelpers.dylib
0x00000001a1fb1000 	/usr/lib/libpam.2.dylib
0x000000019d6af000 	/usr/lib/libsqlite3.dylib
0x00000001a2625000 	/usr/lib/libxar.1.dylib
0x00000001a19ff000 	/usr/lib/libbz2.1.0.dylib
0x00000001a1d1e000 	/usr/lib/libpcap.A.dylib
0x000000019da8f000 	/usr/lib/libdns_services.dylib
0x00000001a1f84000 	/usr/lib/libapple_nghttp2.dylib
0x00000001a1d5b000 	/usr/lib/libiconv.2.dylib
0x00000001a1ca9000 	/usr/lib/libcharset.1.dylib
0x000000019e6ec000 	/System/Library/Frameworks/CoreServices.framework/Versions/A/Frameworks/FSEvents.framework/Versions/A/FSEvents
0x000000019990b000 	/System/Library/Frameworks/CoreServices.framework/Versions/A/Frameworks/CarbonCore.framework/Versions/A/CarbonCore
0x000000019dcd0000 	/System/Library/Frameworks/CoreServices.framework/Versions/A/Frameworks/Metadata.framework/Versions/A/Metadata
0x00000001a1a12000 	/System/Library/Frameworks/CoreServices.framework/Versions/A/Frameworks/OSServices.framework/Versions/A/OSServices
0x00000001a1ee5000 	/System/Library/Frameworks/CoreServices.framework/Versions/A/Frameworks/SearchKit.framework/Versions/A/SearchKit
0x000000019da1e000 	/System/Library/Frameworks/CoreServices.framework/Versions/A/Frameworks/AE.framework/Versions/A/AE
0x0000000197760000 	/System/Library/Frameworks/CoreServices.framework/Versions/A/Frameworks/LaunchServices.framework/Versions/A/LaunchServices
0x00000001a254c000 	/System/Library/Frameworks/CoreServices.framework/Versions/A/Frameworks/DictionaryServices.framework/Versions/A/DictionaryServices
0x000000019e6f9000 	/System/Library/Frameworks/CoreServices.framework/Versions/A/Frameworks/SharedFileList.framework/Versions/A/SharedFileList
0x00000001a13a2000 	/usr/lib/libCheckFix.dylib
0x000000019c358000 	/System/Library/PrivateFrameworks/TCC.framework/Versions/A/TCC
0x00000001a083f000 	/System/Library/PrivateFrameworks/CoreNLP.framework/Versions/A/CoreNLP
0x000000019dc7e000 	/System/Library/PrivateFrameworks/MetadataUtilities.framework/Versions/A/MetadataUtilities
0x0000000197ec2000 	/usr/lib/libmecabra.dylib
0x00000001a13db000 	/usr/lib/libmecab.dylib
0x0000000197e8e000 	/usr/lib/libCRFSuite.dylib
0x00000001a1438000 	/usr/lib/libgermantok.dylib
0x00000001a1f5d000 	/usr/lib/libThaiTokenizer.dylib
0x000000019dd78000 	/System/Library/Frameworks/Accelerate.framework/Versions/A/Frameworks/vImage.framework/Versions/A/vImage
0x00000001a8155000 	/System/Library/Frameworks/Accelerate.framework/Versions/A/Frameworks/vecLib.framework/Versions/A/vecLib
0x00000001a266a000 	/System/Library/Frameworks/Accelerate.framework/Versions/A/Frameworks/vecLib.framework/Versions/A/libvMisc.dylib
0x00000001a0ee4000 	/System/Library/Frameworks/Accelerate.framework/Versions/A/Frameworks/vecLib.framework/Versions/A/libvDSP.dylib
0x0000000197ae9000 	/System/Library/Frameworks/Accelerate.framework/Versions/A/Frameworks/vecLib.framework/Versions/A/libBLAS.dylib
0x00000001a2087000 	/System/Library/Frameworks/Accelerate.framework/Versions/A/Frameworks/vecLib.framework/Versions/A/libLAPACK.dylib
0x00000001a143b000 	/System/Library/Frameworks/Accelerate.framework/Versions/A/Frameworks/vecLib.framework/Versions/A/libLinearAlgebra.dylib
0x00000001a1f9c000 	/System/Library/Frameworks/Accelerate.framework/Versions/A/Frameworks/vecLib.framework/Versions/A/libSparseBLAS.dylib
0x00000001a2082000 	/System/Library/Frameworks/Accelerate.framework/Versions/A/Frameworks/vecLib.framework/Versions/A/libQuadrature.dylib
0x00000001a0938000 	/System/Library/Frameworks/Accelerate.framework/Versions/A/Frameworks/vecLib.framework/Versions/A/libBNNS.dylib
0x0000000197da7000 	/System/Library/Frameworks/Accelerate.framework/Versions/A/Frameworks/vecLib.framework/Versions/A/libSparse.dylib
0x00000001a0930000 	/System/Library/PrivateFrameworks/LinguisticData.framework/Versions/A/LinguisticData
0x0000000197d5f000 	/System/Library/PrivateFrameworks/Lexicon.framework/Versions/A/Lexicon
0x00000001a2662000 	/usr/lib/libChineseTokenizer.dylib
0x0000000198506000 	/System/Library/PrivateFrameworks/LanguageModeling.framework/Versions/A/LanguageModeling
0x00000001a1f5f000 	/System/Library/PrivateFrameworks/AppleSauce.framework/Versions/A/AppleSauce
0x00000001a0fca000 	/System/Library/PrivateFrameworks/CoreEmoji.framework/Versions/A/CoreEmoji
0x00000001a1e4d000 	/usr/lib/libcmph.dylib
0x000000019e6cc000 	/System/Library/Frameworks/OpenDirectory.framework/Versions/A/Frameworks/CFOpenDirectory.framework/Versions/A/CFOpenDirectory
0x000000019e6bc000 	/System/Library/Frameworks/OpenDirectory.framework/Versions/A/OpenDirectory
0x00000001a25be000 	/System/Library/PrivateFrameworks/APFS.framework/Versions/A/APFS
0x00000001a12f2000 	/System/Library/Frameworks/SecurityFoundation.framework/Versions/A/SecurityFoundation
0x00000001a2634000 	/usr/lib/libutil.dylib
0x0000000199c44000 	/System/Library/PrivateFrameworks/CoreServicesStore.framework/Versions/A/CoreServicesStore
0x00000001a2638000 	/usr/lib/libxslt.1.dylib
0x00000001a1386000 	/System/Library/PrivateFrameworks/BackgroundTaskManagement.framework/Versions/A/BackgroundTaskManagement
0x00000001a38d0000 	/System/Library/Frameworks/ImageIO.framework/Versions/A/Resources/libRadiance.dylib
0x00000001a38d9000 	/System/Library/Frameworks/ImageIO.framework/Versions/A/Resources/libJPEG.dylib
0x00000001a382c000 	/System/Library/Frameworks/ImageIO.framework/Versions/A/Resources/libPng.dylib
0x00000001a384e000 	/System/Library/Frameworks/ImageIO.framework/Versions/A/Resources/libTIFF.dylib
0x00000001a3934000 	/System/Library/Frameworks/ImageIO.framework/Versions/A/Resources/libGIF.dylib
0x00000001a3268000 	/System/Library/Frameworks/ImageIO.framework/Versions/A/Resources/libJP2.dylib
0x00000001a298a000 	/usr/lib/libexpat.1.dylib
0x00000001a3223000 	/System/Library/PrivateFrameworks/AppleJPEG.framework/Versions/A/AppleJPEG
0x000000019fd45000 	/System/Library/PrivateFrameworks/FontServices.framework/libFontParser.dylib
0x000000019d9c3000 	/System/Library/PrivateFrameworks/RunningBoardServices.framework/Versions/A/RunningBoardServices
0x00000001ae241000 	/System/Library/PrivateFrameworks/IOSurfaceAccelerator.framework/Versions/A/IOSurfaceAccelerator
0x00000001a3354000 	/System/Library/PrivateFrameworks/WatchdogClient.framework/Versions/A/WatchdogClient
0x000000019860a000 	/System/Library/Frameworks/CoreDisplay.framework/Versions/A/CoreDisplay
0x000000019fc2f000 	/System/Library/Frameworks/CoreMedia.framework/Versions/A/CoreMedia
0x000000019fabc000 	/System/Library/PrivateFrameworks/IOAccelerator.framework/Versions/A/IOAccelerator
0x000000019e85c000 	/System/Library/Frameworks/CoreVideo.framework/Versions/A/CoreVideo
0x00000001a1faf000 	/System/Library/Frameworks/MetalPerformanceShaders.framework/Versions/A/MetalPerformanceShaders
0x00000001a3393000 	/System/Library/Frameworks/VideoToolbox.framework/Versions/A/VideoToolbox
0x000000019d907000 	/System/Library/PrivateFrameworks/BaseBoard.framework/Versions/A/BaseBoard
0x000000019d695000 	/System/Library/PrivateFrameworks/ProtocolBuffer.framework/Versions/A/ProtocolBuffer
0x00000001a38cb000 	/System/Library/PrivateFrameworks/GPUWrangler.framework/Versions/A/GPUWrangler
0x00000001a38ab000 	/System/Library/PrivateFrameworks/IOPresentment.framework/Versions/A/IOPresentment
0x00000001a38d3000 	/System/Library/PrivateFrameworks/DSExternalDisplay.framework/Versions/A/DSExternalDisplay
0x00000001f867a000 	/System/Library/Frameworks/OpenGL.framework/Versions/A/Libraries/libCoreFSCache.dylib
0x0000000202b39000 	/System/Library/PrivateFrameworks/GPUCompiler.framework/Versions/31001/Libraries/libGPUCompilerUtils.dylib
0x00000001a3939000 	/System/Library/PrivateFrameworks/CMCaptureCore.framework/Versions/A/CMCaptureCore
0x00000001a2f3b000 	/System/Library/PrivateFrameworks/AppServerSupport.framework/Versions/A/AppServerSupport
0x00000001a51bc000 	/System/Library/PrivateFrameworks/perfdata.framework/Versions/A/perfdata
0x000000019872a000 	/System/Library/PrivateFrameworks/AudioToolboxCore.framework/Versions/A/AudioToolboxCore
0x000000019fc08000 	/System/Library/PrivateFrameworks/caulk.framework/Versions/A/caulk
0x00000001a4ab1000 	/usr/lib/libAudioStatistics.dylib
0x00000001b6a06000 	/System/Library/PrivateFrameworks/SystemPolicy.framework/Versions/A/SystemPolicy
0x00000001a4d1d000 	/usr/lib/libSMC.dylib
0x00000001ada50000 	/System/Library/Frameworks/CoreMIDI.framework/Versions/A/CoreMIDI
0x00000001a37fa000 	/usr/lib/libAudioToolboxUtility.dylib
0x00000001b2ad3000 	/System/Library/PrivateFrameworks/OSAServicesClient.framework/Versions/A/OSAServicesClient
0x00000001a51c9000 	/usr/lib/libperfcheck.dylib
0x00000001b751e000 	/usr/lib/libmis.dylib
0x00000001f86dc000 	/System/Library/Frameworks/OpenGL.framework/Versions/A/Libraries/libGLU.dylib
0x00000001f869b000 	/System/Library/Frameworks/OpenGL.framework/Versions/A/Libraries/libGFXShared.dylib
0x00000001f8888000 	/System/Library/Frameworks/OpenGL.framework/Versions/A/Libraries/libGL.dylib
0x00000001f86a4000 	/System/Library/Frameworks/OpenGL.framework/Versions/A/Libraries/libGLImage.dylib
0x00000001f8698000 	/System/Library/Frameworks/OpenGL.framework/Versions/A/Libraries/libCVMSPluginSupport.dylib
0x00000001f8681000 	/System/Library/Frameworks/OpenGL.framework/Versions/A/Libraries/libCoreVMClient.dylib
0x00000001a07b9000 	/System/Library/Frameworks/MetalPerformanceShaders.framework/Versions/A/Frameworks/MPSCore.framework/Versions/A/MPSCore
0x00000001a1961000 	/System/Library/Frameworks/MetalPerformanceShaders.framework/Versions/A/Frameworks/MPSImage.framework/Versions/A/MPSImage
0x00000001a1450000 	/System/Library/Frameworks/MetalPerformanceShaders.framework/Versions/A/Frameworks/MPSNeuralNetwork.framework/Versions/A/MPSNeuralNetwork
0x00000001a1889000 	/System/Library/Frameworks/MetalPerformanceShaders.framework/Versions/A/Frameworks/MPSMatrix.framework/Versions/A/MPSMatrix
0x00000001a1662000 	/System/Library/Frameworks/MetalPerformanceShaders.framework/Versions/A/Frameworks/MPSRayIntersector.framework/Versions/A/MPSRayIntersector
0x00000001a18ba000 	/System/Library/Frameworks/MetalPerformanceShaders.framework/Versions/A/Frameworks/MPSNDArray.framework/Versions/A/MPSNDArray
0x00000001fa7f3000 	/System/Library/Frameworks/MetalPerformanceShaders.framework/Versions/A/Frameworks/MPSFunctions.framework/Versions/A/MPSFunctions
0x00000001979c0000 	/System/Library/PrivateFrameworks/MetalTools.framework/Versions/A/MetalTools
0x00000001a0837000 	/System/Library/PrivateFrameworks/AggregateDictionary.framework/Versions/A/AggregateDictionary
0x00000001a276f000 	/usr/lib/libIOReport.dylib
0x00000001aca6e000 	/System/Library/PrivateFrameworks/ASEProcessing.framework/Versions/A/ASEProcessing
0x00000001a2ae4000 	/System/Library/PrivateFrameworks/FaceCore.framework/Versions/A/FaceCore
0x00000001a2ad6000 	/System/Library/PrivateFrameworks/GraphVisualizer.framework/Versions/A/GraphVisualizer
0x0000000202a50000 	/System/Library/PrivateFrameworks/FontServices.framework/Versions/A/FontServices
0x00000001a2ef7000 	/System/Library/PrivateFrameworks/OTSVG.framework/Versions/A/OTSVG
0x000000019e426000 	/System/Library/Frameworks/ApplicationServices.framework/Versions/A/Frameworks/ATS.framework/Versions/A/Resources/libFontRegistry.dylib
0x00000001a2f44000 	/System/Library/PrivateFrameworks/FontServices.framework/libhvf.dylib
0x0000000202a51000 	/System/Library/PrivateFrameworks/FontServices.framework/libXTFontStaticRegistryData.dylib
0x00000001f8a29000 	/System/Library/Frameworks/OpenCL.framework/Versions/A/OpenCL
0x00000001a293e000 	/System/Library/PrivateFrameworks/AppleVA.framework/Versions/A/AppleVA
0x00000001a4ad9000 	/System/Library/Frameworks/ApplicationServices.framework/Versions/A/Frameworks/ATS.framework/Versions/A/ATS
0x000000019ce53000 	/System/Library/Frameworks/ApplicationServices.framework/Versions/A/Frameworks/HIServices.framework/Versions/A/HIServices
0x00000001a3943000 	/System/Library/Frameworks/ApplicationServices.framework/Versions/A/Frameworks/PrintCore.framework/Versions/A/PrintCore
0x00000001a4e70000 	/System/Library/Frameworks/ApplicationServices.framework/Versions/A/Frameworks/QD.framework/Versions/A/QD
0x00000001a4e68000 	/System/Library/Frameworks/ApplicationServices.framework/Versions/A/Frameworks/ColorSyncLegacy.framework/Versions/A/ColorSyncLegacy
0x00000001a4ac5000 	/System/Library/Frameworks/ApplicationServices.framework/Versions/A/Frameworks/SpeechSynthesis.framework/Versions/A/SpeechSynthesis
0x00000001a3904000 	/System/Library/Frameworks/ApplicationServices.framework/Versions/A/Frameworks/ATSUI.framework/Versions/A/ATSUI
0x00000001a4dfd000 	/usr/lib/libcups.2.dylib
0x00000001a51d7000 	/System/Library/Frameworks/Kerberos.framework/Versions/A/Kerberos
0x00000001a51e8000 	/System/Library/Frameworks/GSS.framework/Versions/A/GSS
0x00000001a4b49000 	/usr/lib/libresolv.9.dylib
0x00000001a2f53000 	/System/Library/PrivateFrameworks/Heimdal.framework/Versions/A/Heimdal
0x00000001abca3000 	/System/Library/Frameworks/Kerberos.framework/Versions/A/Libraries/libHeimdalProxy.dylib
0x000000019daa1000 	/System/Library/Frameworks/Network.framework/Versions/A/Network
0x00000001a29a5000 	/usr/lib/libheimdal-asn1.dylib
0x00000001a5238000 	/System/Library/PrivateFrameworks/CommonAuth.framework/Versions/A/CommonAuth
0x00000001a4a3f000 	/System/Library/PrivateFrameworks/AudioSession.framework/Versions/A/AudioSession
0x00000001a2a37000 	/System/Library/PrivateFrameworks/MediaExperience.framework/Versions/A/MediaExperience
0x00000001a48c5000 	/System/Library/PrivateFrameworks/AudioSession.framework/libSessionUtility.dylib
0x00000001a4e7c000 	/System/Library/PrivateFrameworks/AudioResourceArbitration.framework/Versions/A/AudioResourceArbitration
0x00000001a9032000 	/System/Library/PrivateFrameworks/PowerLog.framework/Versions/A/PowerLog
0x00000001a29af000 	/System/Library/PrivateFrameworks/IconFoundation.framework/Versions/A/IconFoundation
0x00000001a7d7b000 	/System/Library/PrivateFrameworks/SpeechRecognitionCore.framework/Versions/A/SpeechRecognitionCore
0x000000010524c000 	/Library/Java/JavaVirtualMachines/jdk-17.0.2.jdk/Contents/Home/lib/server/libjvm.dylib
0x0000000104358000 	/Library/Java/JavaVirtualMachines/jdk-17.0.2.jdk/Contents/Home/lib/libjimage.dylib
0x0000000104384000 	/Library/Java/JavaVirtualMachines/jdk-17.0.2.jdk/Contents/Home/lib/libinstrument.dylib
0x00000001043d0000 	/Library/Java/JavaVirtualMachines/jdk-17.0.2.jdk/Contents/Home/lib/libjava.dylib
0x0000000104e84000 	/Library/Java/JavaVirtualMachines/jdk-17.0.2.jdk/Contents/Home/lib/libnio.dylib
0x0000000104ea4000 	/Library/Java/JavaVirtualMachines/jdk-17.0.2.jdk/Contents/Home/lib/libnet.dylib
0x00000001043b8000 	/Library/Java/JavaVirtualMachines/jdk-17.0.2.jdk/Contents/Home/lib/libzip.dylib
0x0000000104ec8000 	/Users/fdepalma/.openjfx/cache/17.0.1/libprism_es2.dylib
0x0000000199c07000 	/System/Library/PrivateFrameworks/CoreServicesInternal.framework/Versions/A/CoreServicesInternal
0x00000001f8892000 	/System/Library/Frameworks/OpenGL.framework/Versions/A/Resources/GLEngine.bundle/GLEngine
0x00000001f871a000 	/System/Library/Frameworks/OpenGL.framework/Versions/A/Libraries/libGLProgrammability.dylib
0x0000000105194000 	/System/Library/Extensions/AppleMetalOpenGLRenderer.bundle/Contents/MacOS/AppleMetalOpenGLRenderer
0x00000001f8a01000 	/System/Library/Frameworks/OpenGL.framework/Versions/A/Resources/GLRendererFloat.bundle/GLRendererFloat
0x00000001dd979000 	/System/Library/Extensions/AGXMetalG13X.bundle/Contents/MacOS/AGXMetalG13X
0x00000001b753a000 	/System/Library/PrivateFrameworks/GPURawCounter.framework/Versions/A/GPURawCounter
0x00000001b1c44000 	/System/Library/PrivateFrameworks/IOGPU.framework/Versions/A/IOGPU
0x000000010ece0000 	/Users/fdepalma/.openjfx/cache/17.0.1/libglass.dylib
0x00000001a928a000 	/System/Library/Frameworks/FileProvider.framework/Versions/A/FileProvider
0x000000019d86f000 	/System/Library/Frameworks/Accounts.framework/Versions/A/Accounts
0x00000001a940e000 	/System/Library/PrivateFrameworks/GenerationalStorage.framework/Versions/A/GenerationalStorage
0x00000001a9fd1000 	/System/Library/PrivateFrameworks/CoreSymbolication.framework/Versions/A/CoreSymbolication
0x00000001a9026000 	/System/Library/PrivateFrameworks/SymptomDiagnosticReporter.framework/Versions/A/SymptomDiagnosticReporter
0x000000019aef7000 	/System/Library/PrivateFrameworks/DesktopServicesPriv.framework/Versions/A/DesktopServicesPriv
0x0000000199d69000 	/usr/lib/libsandbox.1.dylib
0x000000019e8ea000 	/System/Library/PrivateFrameworks/UserManagement.framework/Versions/A/UserManagement
0x00000001a9f8e000 	/System/Library/PrivateFrameworks/DebugSymbols.framework/Versions/A/DebugSymbols
0x00000001a4e5b000 	/System/Library/PrivateFrameworks/NetAuth.framework/Versions/A/NetAuth
0x00000001a5d79000 	/System/Library/PrivateFrameworks/Sharing.framework/Versions/A/Sharing
0x000000019e8ba000 	/System/Library/PrivateFrameworks/login.framework/Versions/A/Frameworks/loginsupport.framework/Versions/A/loginsupport
0x00000001ab1c3000 	/System/Library/PrivateFrameworks/Apple80211.framework/Versions/A/Apple80211
0x00000001a1a45000 	/System/Library/PrivateFrameworks/AuthKit.framework/Versions/A/AuthKit
0x00000001a10c6000 	/System/Library/PrivateFrameworks/CoreUtils.framework/Versions/A/CoreUtils
0x00000001a0fe9000 	/System/Library/Frameworks/CoreWLAN.framework/Versions/A/CoreWLAN
0x00000001a5ee9000 	/System/Library/Frameworks/IOBluetooth.framework/Versions/A/IOBluetooth
0x00000001ab223000 	/System/Library/PrivateFrameworks/CoreWiFi.framework/Versions/A/CoreWiFi
0x00000001a9b6e000 	/System/Library/PrivateFrameworks/FrontBoardServices.framework/Versions/A/FrontBoardServices
0x00000001a9c06000 	/System/Library/PrivateFrameworks/BoardServices.framework/Versions/A/BoardServices
0x00000001a12e0000 	/System/Library/PrivateFrameworks/AssertionServices.framework/Versions/A/AssertionServices
0x00000001ab3a0000 	/System/Library/PrivateFrameworks/BackBoardServices.framework/Versions/A/BackBoardServices
0x00000001a52cf000 	/System/Library/PrivateFrameworks/CorePhoneNumbers.framework/Versions/A/CorePhoneNumbers
0x00000001a9156000 	/System/Library/PrivateFrameworks/DiskManagement.framework/Versions/A/DiskManagement
0x00000001a9059000 	/System/Library/PrivateFrameworks/AppleIDAuthSupport.framework/Versions/A/AppleIDAuthSupport
0x00000001fd01a000 	/System/Library/PrivateFrameworks/AAAFoundation.framework/Versions/A/AAAFoundation
0x00000001a52ae000 	/System/Library/PrivateFrameworks/KeychainCircle.framework/Versions/A/KeychainCircle
0x00000001a9122000 	/System/Library/PrivateFrameworks/MediaKit.framework/Versions/A/MediaKit
0x00000001a9066000 	/System/Library/Frameworks/DiscRecording.framework/Versions/A/DiscRecording
0x00000001a28ba000 	/usr/lib/libCoreStorage.dylib
0x00000001ab69d000 	/usr/lib/libcsfde.dylib
0x00000001a5fbe000 	/System/Library/PrivateFrameworks/ProtectedCloudStorage.framework/Versions/A/ProtectedCloudStorage
0x00000001ab695000 	/System/Library/PrivateFrameworks/EFILogin.framework/Versions/A/EFILogin
0x00000001a9435000 	/System/Library/PrivateFrameworks/OctagonTrust.framework/Versions/A/OctagonTrust
0x0000000201beb000 	/System/Library/PrivateFrameworks/CoreUtilsExtras.framework/Versions/A/CoreUtilsExtras
0x00000001a8f8b000 	/System/Library/Frameworks/CoreBluetooth.framework/Versions/A/CoreBluetooth
0x00000001abd28000 	/System/Library/Frameworks/AudioUnit.framework/Versions/A/AudioUnit
0x00000001a28b2000 	/usr/lib/libMatch.1.dylib
0x00000001bb9e6000 	/System/Library/Frameworks/Accelerate.framework/Versions/A/Frameworks/vImage.framework/Versions/A/Libraries/libCGInterfaces.dylib
0x000000011c5ec000 	/usr/lib/libobjc-trampolines.dylib
0x000000019e5b4000 	/System/Library/PrivateFrameworks/ViewBridge.framework/Versions/A/ViewBridge
0x00000001a2778000 	/System/Library/PrivateFrameworks/CrashReporterSupport.framework/Versions/A/CrashReporterSupport
0x00000001c345f000 	/System/Library/PrivateFrameworks/OSAnalytics.framework/Versions/A/OSAnalytics
0x00000001ce75d000 	/System/Library/PrivateFrameworks/Symbolication.framework/Versions/A/Symbolication
0x00000001b74fb000 	/System/Library/PrivateFrameworks/MallocStackLogging.framework/Versions/A/MallocStackLogging
0x000000012c3b0000 	/Users/fdepalma/.openjfx/cache/17.0.1/libjavafx_font.dylib
0x00000001a3016000 	/System/Library/PrivateFrameworks/login.framework/Versions/A/login
0x0000000216131000 	/usr/lib/libRosetta.dylib


VM Arguments:
jvm_args: -javaagent:/Applications/IntelliJ IDEA.app/Contents/lib/idea_rt.jar=60117:/Applications/IntelliJ IDEA.app/Contents/bin -Dfile.encoding=UTF-8 --module-path=/Users/fdepalma/.m2/repository/org/openjfx/javafx-base/17.0.1/javafx-base-17.0.1-mac-aarch64.jar:/Users/fdepalma/.m2/repository/org/kordamp/ikonli/ikonli-javafx/12.2.0/ikonli-javafx-12.2.0.jar:/Users/fdepalma/.m2/repository/org/kordamp/ikonli/ikonli-core/12.2.0/ikonli-core-12.2.0.jar:/Users/fdepalma/.m2/repository/net/synedra/validatorfx/0.1.13/validatorfx-0.1.13.jar:/Users/fdepalma/.m2/repository/org/openjfx/javafx-web/17.0.1/javafx-web-17.0.1-mac-aarch64.jar:/Users/fdepalma/.m2/repository/org/openjfx/javafx-media/17.0.1/javafx-media-17.0.1-mac-aarch64.jar:/Users/fdepalma/.m2/repository/org/openjfx/javafx-fxml/17.0.1/javafx-fxml-17.0.1-mac-aarch64.jar:/Users/fdepalma/.m2/repository/com/dlsc/formsfx/formsfx-core/11.3.2/formsfx-core-11.3.2.jar:/Users/fdepalma/.m2/repository/org/kordamp/bootstrapfx/bootstrapfx-core/0.4.0/bootstrapfx-core-0.4.0.jar:/Users/fdepalma/.m2/repository/org/openjfx/javafx-graphics/17.0.1/javafx-graphics-17.0.1-mac-aarch64.jar:/Users/fdepalma/Desktop/TheOverlookHotel/target/classes:/Users/fdepalma/.m2/repository/org/openjfx/javafx-controls/17.0.1/javafx-controls-17.0.1-mac-aarch64.jar:/Users/fdepalma/.m2/repository/eu/hansolo/tilesfx/11.48/tilesfx-11.48.jar:/Users/fdepalma/.m2/repository/org/controlsfx/controlsfx/11.1.0/controlsfx-11.1.0.jar -Djdk.module.main=com.toh.theoverlookhotel 
java_command: com.toh.theoverlookhotel/com.toh.gui.MainApplication
java_class_path (initial): /Users/fdepalma/.m2/repository/org/openjfx/javafx-controls/17.0.1/javafx-controls-17.0.1.jar:/Users/fdepalma/.m2/repository/org/openjfx/javafx-graphics/17.0.1/javafx-graphics-17.0.1.jar:/Users/fdepalma/.m2/repository/org/openjfx/javafx-base/17.0.1/javafx-base-17.0.1.jar:/Users/fdepalma/.m2/repository/org/openjfx/javafx-fxml/17.0.1/javafx-fxml-17.0.1.jar:/Users/fdepalma/.m2/repository/org/openjfx/javafx-web/17.0.1/javafx-web-17.0.1.jar:/Users/fdepalma/.m2/repository/org/openjfx/javafx-media/17.0.1/javafx-media-17.0.1.jar:/Users/fdepalma/.m2/repository/javax/xml/bind/jaxb-api/2.2.12/jaxb-api-2.2.12.jar:/Users/fdepalma/.m2/repository/com/sun/xml/bind/jaxb-impl/2.2.11/jaxb-impl-2.2.11.jar
Launcher Type: SUN_STANDARD

[Global flags]
     intx CICompilerCount                          = 4                                         {product} {ergonomic}
     uint ConcGCThreads                            = 2                                         {product} {ergonomic}
     uint G1ConcRefinementThreads                  = 8                                         {product} {ergonomic}
   size_t G1HeapRegionSize                         = 2097152                                   {product} {ergonomic}
    uintx GCDrainStackTargetSize                   = 64                                        {product} {ergonomic}
   size_t InitialHeapSize                          = 268435456                                 {product} {ergonomic}
   size_t MarkStackSize                            = 4194304                                   {product} {ergonomic}
   size_t MaxHeapSize                              = 4294967296                                {product} {ergonomic}
   size_t MaxNewSize                               = 2575302656                                {product} {ergonomic}
   size_t MinHeapDeltaBytes                        = 2097152                                   {product} {ergonomic}
   size_t MinHeapSize                              = 8388608                                   {product} {ergonomic}
    uintx NonNMethodCodeHeapSize                   = 5839564                                {pd product} {ergonomic}
    uintx NonProfiledCodeHeapSize                  = 122909338                              {pd product} {ergonomic}
    uintx ProfiledCodeHeapSize                     = 122909338                              {pd product} {ergonomic}
    uintx ReservedCodeCacheSize                    = 251658240                              {pd product} {ergonomic}
     bool SegmentedCodeCache                       = true                                      {product} {ergonomic}
   size_t SoftMaxHeapSize                          = 4294967296                             {manageable} {ergonomic}
     bool UseCompressedClassPointers               = true                           {product lp64_product} {ergonomic}
     bool UseCompressedOops                        = true                           {product lp64_product} {ergonomic}
     bool UseG1GC                                  = true                                      {product} {ergonomic}
     bool UseNUMA                                  = false                                     {product} {ergonomic}
     bool UseNUMAInterleaving                      = false                                     {product} {ergonomic}

Logging:
Log output configuration:
 #0: stdout all=warning uptime,level,tags
 #1: stderr all=off uptime,level,tags

Environment Variables:
PATH=/usr/local/bin:/usr/bin:/bin:/usr/sbin:/sbin:/Library/Apple/usr/bin
SHELL=/bin/zsh
LC_CTYPE=en_US.UTF-8

Signal Handlers:
   SIGSEGV: _ZL13crash_handleriP9__siginfoPv in libjvm.dylib, mask=11100110000111110111111111111111, flags=SA_RESTART|SA_SIGINFO
    SIGBUS: _ZL13crash_handleriP9__siginfoPv in libjvm.dylib, mask=11100110000111110111111111111111, flags=SA_RESTART|SA_SIGINFO
    SIGFPE: _ZL13crash_handleriP9__siginfoPv in libjvm.dylib, mask=11100110000111110111111111111111, flags=SA_RESTART|SA_SIGINFO
   SIGPIPE: _ZL17javaSignalHandleriP9__siginfoPv in libjvm.dylib, mask=11100110000111110111111111111111, flags=SA_RESTART|SA_SIGINFO
   SIGXFSZ: _ZL17javaSignalHandleriP9__siginfoPv in libjvm.dylib, mask=11100110000111110111111111111111, flags=SA_RESTART|SA_SIGINFO
    SIGILL: _ZL13crash_handleriP9__siginfoPv in libjvm.dylib, mask=11100110000111110111111111111111, flags=SA_RESTART|SA_SIGINFO
   SIGUSR2: _ZL10SR_handleriP9__siginfoP17__darwin_ucontext in libjvm.dylib, mask=00100000000000000000000000000000, flags=SA_RESTART|SA_SIGINFO
    SIGHUP: _ZL11UserHandleriPvS_ in libjvm.dylib, mask=11100110000111110111111111111111, flags=SA_RESTART|SA_SIGINFO
    SIGINT: _ZL11UserHandleriPvS_ in libjvm.dylib, mask=11100110000111110111111111111111, flags=SA_RESTART|SA_SIGINFO
   SIGTERM: _ZL11UserHandleriPvS_ in libjvm.dylib, mask=11100110000111110111111111111111, flags=SA_RESTART|SA_SIGINFO
   SIGQUIT: _ZL11UserHandleriPvS_ in libjvm.dylib, mask=11100110000111110111111111111111, flags=SA_RESTART|SA_SIGINFO
   SIGTRAP: _ZL13crash_handleriP9__siginfoPv in libjvm.dylib, mask=11100110000111110111111111111111, flags=SA_RESTART|SA_SIGINFO


---------------  S Y S T E M  ---------------

OS:
uname: Darwin 21.4.0 Darwin Kernel Version 21.4.0: Fri Mar 18 00:46:32 PDT 2022; root:xnu-8020.101.4~15/RELEASE_ARM64_T6000 arm64
OS uptime: 1 days 9:30 hours
rlimit (soft/hard): STACK 8176k/65520k , CORE 0k/infinity , NPROC 2666/4000 , NOFILE 10240/infinity , AS infinity/infinity , CPU infinity/infinity , DATA infinity/infinity , FSIZE infinity/infinity , MEMLOCK infinity/infinity , RSS infinity/infinity
load average: 2.49 2.40 2.26

CPU: total 8 (initial active 8) 0x61:0x0:0x1b588bb3:0, fp, simd, crc, lse

Memory: 16k page, physical 16777216k(545424k free), swap 1048576k(1023232k free)

vm_info: Java HotSpot(TM) 64-Bit Server VM (17.0.2+8-LTS-86) for bsd-aarch64 JRE (17.0.2+8-LTS-86), built on Dec  7 2021 21:47:50 by "mach5one" with clang Apple LLVM 12.0.0 (clang-1200.0.32.29)

END.
