#
# A fatal error has been detected by the Java Runtime Environment:
#
#  SIGBUS (0xa) at pc=0x00000001300014f0, pid=3331, tid=29959
#
# JRE version: Java(TM) SE Runtime Environment (17.0.2+8) (build 17.0.2+8-LTS-86)
# Java VM: Java HotSpot(TM) 64-Bit Server VM (17.0.2+8-LTS-86, mixed mode, sharing, tiered, compressed oops, compressed class ptrs, g1 gc, bsd-aarch64)
# Problematic frame:
# v  ~StubRoutines::SafeFetchN
#
# No core dump will be written. Core dumps have been disabled. To enable core dumping, try "ulimit -c unlimited" before starting Java again
#
# If you would like to submit a bug report, please visit:
#   https://bugreport.java.com/bugreport/crash.jsp
# The crash happened outside the Java Virtual Machine in native code.
# See problematic frame for where to report the bug.
#

---------------  S U M M A R Y ------------

Command Line: -javaagent:/Applications/IntelliJ IDEA.app/Contents/lib/idea_rt.jar=51414:/Applications/IntelliJ IDEA.app/Contents/bin -Dfile.encoding=UTF-8 --module-path=/Users/fdepalma/.m2/repository/com/dlsc/formsfx/formsfx-core/11.3.2/formsfx-core-11.3.2.jar:/Users/fdepalma/.m2/repository/org/kordamp/bootstrapfx/bootstrapfx-core/0.4.0/bootstrapfx-core-0.4.0.jar:/Users/fdepalma/.m2/repository/org/kordamp/ikonli/ikonli-javafx/12.2.0/ikonli-javafx-12.2.0.jar:/Users/fdepalma/.m2/repository/org/openjfx/javafx-web/17.0.1/javafx-web-17.0.1-mac-aarch64.jar:/Users/fdepalma/.m2/repository/org/openjfx/javafx-base/17.0.1/javafx-base-17.0.1-mac-aarch64.jar:/Users/fdepalma/.m2/repository/org/openjfx/javafx-controls/17.0.1/javafx-controls-17.0.1-mac-aarch64.jar:/Users/fdepalma/.m2/repository/org/kordamp/ikonli/ikonli-core/12.2.0/ikonli-core-12.2.0.jar:/Users/fdepalma/.m2/repository/org/controlsfx/controlsfx/11.1.0/controlsfx-11.1.0.jar:/Users/fdepalma/.m2/repository/eu/hansolo/tilesfx/11.48/tilesfx-11.48.jar:/Users/fdepalma/.m2/repository/org/openjfx/javafx-graphics/17.0.1/javafx-graphics-17.0.1-mac-aarch64.jar:/Users/fdepalma/.m2/repository/org/openjfx/javafx-media/17.0.1/javafx-media-17.0.1-mac-aarch64.jar:/Users/fdepalma/Desktop/TheOverlookHotel/target/classes:/Users/fdepalma/.m2/repository/org/openjfx/javafx-fxml/17.0.1/javafx-fxml-17.0.1-mac-aarch64.jar:/Users/fdepalma/.m2/repository/net/synedra/validatorfx/0.1.13/validatorfx-0.1.13.jar -Djdk.module.main=com.toh.theoverlookhotel com.toh.theoverlookhotel/com.toh.theoverlookhotel.HelloApplication

Host: "MacBookPro18,3" arm64 1 MHz, 8 cores, 16G, Darwin 21.4.0, macOS 12.3.1 (21E258)
Time: Fri May 20 17:08:40 2022 CEST elapsed time: 2.257529 seconds (0d 0h 0m 2s)

---------------  T H R E A D  ---------------

Current thread (0x000000011713e200):  JavaThread "InvokeLaterDispatcher" daemon [_thread_in_native, id=29959, stack(0x000000016e594000,0x000000016e797000)]

Stack: [0x000000016e594000,0x000000016e797000],  sp=0x000000016e7967b0,  free space=2057k
Native frames: (J=compiled Java code, j=interpreted, Vv=VM code, C=native code)
v  ~StubRoutines::SafeFetchN
V  [libjvm.dylib+0x7a4748]  _ZN10OopStorage7releaseEPKP7oopDesc+0x20
V  [libjvm.dylib+0x4b9e90]  jni_DeleteGlobalRef+0xc4
C  [libglass.dylib+0xab08]  -[GlassRunnable dealloc]+0x34
C  [Foundation+0x85618]  -[_NSThreadPerformInfo dealloc]+0x30
C  [Foundation+0x5198c]  -[NSObject(NSThreadPerformAdditions) performSelectorOnMainThread:withObject:waitUntilDone:]+0x88
C  0xa90e0001300098ac
j  com.sun.glass.ui.mac.MacApplication.submitForLaterInvocation(Ljava/lang/Runnable;)V+2 javafx.graphics
j  com.sun.glass.ui.InvokeLaterDispatcher.run()V+82 javafx.graphics
v  ~StubRoutines::call_stub
V  [libjvm.dylib+0x4614e8]  _ZN9JavaCalls11call_helperEP9JavaValueRK12methodHandleP17JavaCallArgumentsP10JavaThread+0x38c
V  [libjvm.dylib+0x460504]  _ZN9JavaCalls12call_virtualEP9JavaValueP5KlassP6SymbolS5_P17JavaCallArgumentsP10JavaThread+0x11c
V  [libjvm.dylib+0x4605d0]  _ZN9JavaCalls12call_virtualEP9JavaValue6HandleP5KlassP6SymbolS6_P10JavaThread+0x64
V  [libjvm.dylib+0x513e50]  _ZL12thread_entryP10JavaThreadS0_+0xc4
V  [libjvm.dylib+0x90462c]  _ZN10JavaThread17thread_main_innerEv+0x134
V  [libjvm.dylib+0x902f54]  _ZN6Thread8call_runEv+0x128
V  [libjvm.dylib+0x7ab344]  _ZL19thread_native_entryP6Thread+0x158
C  [libsystem_pthread.dylib+0x726c]  _pthread_start+0x94

Java frames: (J=compiled Java code, j=interpreted, Vv=VM code)
j  com.sun.glass.ui.mac.MacApplication._submitForLaterInvocation(Ljava/lang/Runnable;)V+0 javafx.graphics
j  com.sun.glass.ui.mac.MacApplication.submitForLaterInvocation(Ljava/lang/Runnable;)V+2 javafx.graphics
j  com.sun.glass.ui.InvokeLaterDispatcher.run()V+82 javafx.graphics
v  ~StubRoutines::call_stub

siginfo: si_signo: 10 (SIGBUS), si_code: 1 (BUS_ADRALN), si_addr: 0x00000001300014f0

Register to memory mapping:

 x0=0x0000000105304388 is a global jni handle
 x1=0x0 is NULL
 x2=0x000000070edfde98 is an oop: com.sun.glass.ui.InvokeLaterDispatcher$Future 
{0x000000070edfde98} - klass: 'com/sun/glass/ui/InvokeLaterDispatcher$Future'
 - ---- fields (total size 3 words):
 - private 'done' 'Z' @12  true
 - private final 'runnable' 'Ljava/lang/Runnable;' @16  a 'com/sun/javafx/tk/quantum/QuantumToolkit$$Lambda$106+0x0000000800c3a418'{0x000000070e987118} (e1d30e23)
 - final synthetic 'this$0' 'Lcom/sun/glass/ui/InvokeLaterDispatcher;' @20  a 'com/sun/glass/ui/InvokeLaterDispatcher'{0x000000070e80ac18} (e1d01583)
 x3=0x0 is NULL
 x4=0x00000000000130a8 is an unknown value
 x5=0x0 is NULL
 x6=0x0 is NULL
 x7=0x0 is NULL
 x8=0x00000001300014ec is at begin+0 in a stub
StubRoutines::SafeFetchN [0x00000001300014ec, 0x00000001300014f8] (12 bytes)
 x9=0x0 is NULL
x10=0x2010000030300000 is an unknown value
x11=0x0000000000000007 is an unknown value
x12=0x0000000000000004 is an unknown value
x13=0x0000600000654810 points into unknown readable memory: 0x5a27800182623c40 | 40 3c 62 82 01 80 27 5a
x14=0x00000b0000000000 is an unknown value
x15=0x0000000111115f98: OBJC_CLASS_$_GlassRunnable+0 in /Users/fdepalma/.openjfx/cache/17.0.1/libglass.dylib at 0x00000001110d0000
x16=0x000000018278d0fc: pthread_getspecific+0 in /usr/lib/system/libsystem_pthread.dylib at 0x000000018278b000
x17=0x0000600000c604e0 points into unknown readable memory: 0xfffffffffffffffe | fe ff ff ff ff ff ff ff
x18=0x0 is NULL
x19=0x0000600000344620 points into unknown readable memory: 0x0000600002a495b0 | b0 95 a4 02 00 60 00 00
x20=0x0000000105304180 points into unknown readable memory: 0x0078656400000020 | 20 00 00 00 64 65 78 00
x21=0x0000000105304388 is a global jni handle
x22=0x000000011713e200 is a thread
x23=0x0000000000000001 is an unknown value
x24=0x0000000105304340 is a global jni handle
x25=0x00000001063895e8: _ZN12StubRoutines17_safefetchN_entryE+0 in /Library/Java/JavaVirtualMachines/jdk-17.0.2.jdk/Contents/Home/lib/server/libjvm.dylib at 0x00000001057f0000
x26=0x0000000116919f60 is pointing into metadata
x27=0x0 is NULL
x28=0x000000011713e200 is a thread


Registers:
 x0=0x0000000105304388  x1=0x0000000000000000  x2=0x000000070edfde98  x3=0x0000000000000000
 x4=0x00000000000130a8  x5=0x0000000000000000  x6=0x0000000000000000  x7=0x0000000000000000
 x8=0x00000001300014ec  x9=0x0000000000000000 x10=0x2010000030300000 x11=0x0000000000000007
x12=0x0000000000000004 x13=0x0000600000654810 x14=0x00000b0000000000 x15=0x0000000111115f98
x16=0x000000018278d0fc x17=0x0000600000c604e0 x18=0x0000000000000000 x19=0x0000600000344620
x20=0x0000000105304180 x21=0x0000000105304388 x22=0x000000011713e200 x23=0x0000000000000001
x24=0x0000000105304340 x25=0x00000001063895e8 x26=0x0000000116919f60 x27=0x0000000000000000
x28=0x000000011713e200  fp=0x000000016e7967f0  lr=0x0000000105f93518  sp=0x000000016e7967b0
pc=0x00000001300014f0 cpsr=0x0000000060001000
Top of Stack: (sp=0x000000016e7967b0)
0x000000016e7967b0:   0000000116919f60 0000000000000001
0x000000016e7967c0:   000000016e7969a8 0000600002a5c4d0
0x000000016e7967d0:   0000000000000000 0000000105304370
0x000000016e7967e0:   0000000105304370 0000600000344620
0x000000016e7967f0:   000000016e796830 0000000105f94748
0x000000016e796800:   0000000000000001 0000000105304370
0x000000016e796810:   0000000000000000 0000000105304370
0x000000016e796820:   0000000000000001 000000011713d600
0x000000016e796830:   000000016e796860 0000000105ca9e90
0x000000016e796840:   0000600002a5c570 00000001cc852be0
0x000000016e796850:   0000000000000000 0000600002a5c570
0x000000016e796860:   000000016e796890 00000001110dab08
0x000000016e796870:   4ef7a66d3bff00da 0000000000000000
0x000000016e796880:   0000000000000000 0000600003d69ec0
0x000000016e796890:   000000016e7968d0 000000018375a618
0x000000016e7968a0:   000000016e7969a8 0000600002a5c4d0
0x000000016e7968b0:   0000600002a5c570 4ef7a66d3bff00da
0x000000016e7968c0:   0000000000000000 0000000000000000
0x000000016e7968d0:   000000016e796910 767a00018372698c
0x000000016e7968e0:   000000016e7969a8 00000001300087c0
0x000000016e7968f0:   0000000000000000 0000000106390fa8
0x000000016e796900:   000000016e796920 0000000130007730
0x000000016e796910:   000000016e796980 a90e0001300098ac
0x000000016e796920:   000000016e796920 000000080098c53d
0x000000016e796930:   000000016e796930 0000000000000000
0x000000016e796940:   000000016e7969a8 0000000116919f60
0x000000016e796950:   000000070e826b10 0000000000000000
0x000000016e796960:   0000000000000000 00000001168f2590
0x000000016e796970:   0000000000000000 000000016e796980
0x000000016e796980:   000000016e796a00 0000000130005fc8
0x000000016e796990:   0000000000000000 0000000000000000
0x000000016e7969a0:   000000070edfde98 000000070e826b88 

Instructions: (pc=0x00000001300014f0)
0x00000001300013f0:   f2a0c6a9 f2c00029 6d425935 1e640886
0x0000000130001400:   0c402d31 1e6408c7 1f5654d0 1e6c1017
0x0000000130001410:   1f5050d0 1f504cd0 1f5048d0 1e650af6
0x0000000130001420:   1f50d8f6 1f5694d6 1f5158f6 1e762880
0x0000000130001430:   36000501 1e614000 14000026 2e251ca5
0x0000000130001440:   d28c3009 f2a0c6a9 f2c00029 6d425d36
0x0000000130001450:   1e600806 0c402d32 1f5758c7 1e6c101a
0x0000000130001460:   1f4754c7 1e650805 1f4750c7 d2866668
0x0000000130001470:   f2a7fa68 1f474cc7 1e6608c0 1f4748c7
0x0000000130001480:   1e6e1019 eb08007f 540000ac 1f479400
0x0000000130001490:   1f460340 1e603b20 1400000e d2a7fd29
0x00000001300014a0:   eb09007f 540000ac 51480069 d3607d29
0x00000001300014b0:   9e670121 14000002 1e6a5001 1f679417
0x00000001300014c0:   1f668742 1e613b23 1e773857 1e773860
0x00000001300014d0:   a8c17ff3 910003bf a8c17bfd d65f03c0
0x00000001300014e0:   b9400001 aa0103e0 d65f03c0 f9400001
0x00000001300014f0:   aa0103e0 d65f03c0 00000000 00000000
0x0000000130001500:   00000000 00000000 00000000 00000000
0x0000000130001510:   00000000 00000000 00000000 00000000
0x0000000130001520:   00000000 00000000 00000000 00000000
0x0000000130001530:   00000000 00000000 00000000 00000000
0x0000000130001540:   00000000 00000000 00000000 00000000
0x0000000130001550:   00000000 00000000 00000000 00000000
0x0000000130001560:   00000000 00000000 00000000 00000000
0x0000000130001570:   00000000 00000000 00000000 00000000
0x0000000130001580:   00000000 00000000 00000000 00000000
0x0000000130001590:   00000000 00000000 00000000 00000000
0x00000001300015a0:   00000000 00000000 00000000 00000000
0x00000001300015b0:   00000000 00000000 00000000 00000000
0x00000001300015c0:   00000000 00000000 00000000 00000000
0x00000001300015d0:   00000000 00000000 00000000 00000000
0x00000001300015e0:   00000000 00000000 00000000 00000000 


Stack slot to memory mapping:
stack at sp + 0 slots: 0x0000000116919f60 is pointing into metadata
stack at sp + 1 slots: 0x0000000000000001 is an unknown value
stack at sp + 2 slots: 0x000000016e7969a8 is pointing into the stack for thread: 0x000000011713e200
stack at sp + 3 slots: 0x0000600002a5c4d0 points into unknown readable memory: 0x01000001daf3e011 | 11 e0 f3 da 01 00 00 01
stack at sp + 4 slots: 0x0 is NULL
stack at sp + 5 slots: 0x0000000105304370 is a global jni handle
stack at sp + 6 slots: 0x0000000105304370 is a global jni handle
stack at sp + 7 slots: 0x0000600000344620 points into unknown readable memory: 0x0000600002a495b0 | b0 95 a4 02 00 60 00 00

StubRoutines::SafeFetchN [0x00000001300014ec, 0x00000001300014f8] (12 bytes)
[MachCode]
  0x00000001300014ec: 0100 40f9 | e003 01aa | c003 5fd6 
[/MachCode]

---------------  P R O C E S S  ---------------

Threads class SMR info:
_java_thread_list=0x0000600002886920, length=20, elements={
0x000000012180ea00, 0x000000012180f000, 0x000000012181aa00, 0x0000000117008800,
0x0000000117008e00, 0x0000000117009400, 0x000000011700bc00, 0x000000011700c200,
0x0000000117812400, 0x000000012181c800, 0x00000001170ec800, 0x00000001170ece00,
0x000000012181ee00, 0x000000011713e200, 0x000000011713d600, 0x0000000111989800,
0x000000011721cc00, 0x0000000111a20800, 0x0000000144068800, 0x00000001119f2c00
}

Java Threads: ( => current thread )
  0x000000012180ea00 JavaThread "main" [_thread_blocked, id=6147, stack(0x000000016b980000,0x000000016bb83000)]
  0x000000012180f000 JavaThread "Reference Handler" daemon [_thread_blocked, id=14339, stack(0x000000016c7d4000,0x000000016c9d7000)]
  0x000000012181aa00 JavaThread "Finalizer" daemon [_thread_blocked, id=15363, stack(0x000000016c9e0000,0x000000016cbe3000)]
  0x0000000117008800 JavaThread "Signal Dispatcher" daemon [_thread_blocked, id=23555, stack(0x000000016cd04000,0x000000016cf07000)]
  0x0000000117008e00 JavaThread "Service Thread" daemon [_thread_blocked, id=23811, stack(0x000000016cf10000,0x000000016d113000)]
  0x0000000117009400 JavaThread "Monitor Deflation Thread" daemon [_thread_blocked, id=42499, stack(0x000000016d11c000,0x000000016d31f000)]
  0x000000011700bc00 JavaThread "C2 CompilerThread0" daemon [_thread_blocked, id=41987, stack(0x000000016d328000,0x000000016d52b000)]
  0x000000011700c200 JavaThread "C1 CompilerThread0" daemon [_thread_blocked, id=24323, stack(0x000000016d534000,0x000000016d737000)]
  0x0000000117812400 JavaThread "Sweeper thread" daemon [_thread_blocked, id=24835, stack(0x000000016d740000,0x000000016d943000)]
  0x000000012181c800 JavaThread "Common-Cleaner" daemon [_thread_blocked, id=25091, stack(0x000000016d94c000,0x000000016db4f000)]
  0x00000001170ec800 JavaThread "Monitor Ctrl-Break" daemon [_thread_in_native, id=26115, stack(0x000000016dd64000,0x000000016df67000)]
  0x00000001170ece00 JavaThread "Notification Thread" daemon [_thread_blocked, id=41219, stack(0x000000016df70000,0x000000016e173000)]
  0x000000012181ee00 JavaThread "QuantumRenderer-0" daemon [_thread_blocked, id=26371, stack(0x000000016e388000,0x000000016e58b000)]
=>0x000000011713e200 JavaThread "InvokeLaterDispatcher" daemon [_thread_in_native, id=29959, stack(0x000000016e594000,0x000000016e797000)]
  0x000000011713d600 JavaThread "JavaFX Application Thread" [_thread_in_vm, id=259, stack(0x000000016b0f8000,0x000000016b8f4000)]
  0x0000000111989800 JavaThread "JavaFX-Launcher" [_thread_blocked, id=53507, stack(0x000000016eac4000,0x000000016ecc7000)]
  0x000000011721cc00 JavaThread "Prism Font Disposer" daemon [_thread_blocked, id=56843, stack(0x000000016f70c000,0x000000016f90f000)]
  0x0000000111a20800 JavaThread "Cleaner-0" daemon [_thread_blocked, id=71431, stack(0x000000016f918000,0x000000016fb1b000)]
  0x0000000144068800 JavaThread "Attach Listener" daemon [_thread_blocked, id=51739, stack(0x000000016fb24000,0x000000016fd27000)]
  0x00000001119f2c00 JavaThread "PulseTimer-CVDisplayLink thread" daemon [_thread_in_native, id=64843, stack(0x000000016db58000,0x000000016dbdb000)]

Other Threads:
  0x000000012170e420 VMThread "VM Thread" [stack: 0x000000016c5c8000,0x000000016c7cb000] [id=16387]
  0x0000000105310d30 WatcherThread [stack: 0x000000016e17c000,0x000000016e37f000] [id=40707]
  0x0000000121707190 GCTaskThread "GC Thread#0" [stack: 0x000000016bb8c000,0x000000016bd8f000] [id=19203]
  0x000000011162b210 GCTaskThread "GC Thread#1" [stack: 0x000000016ecd0000,0x000000016eed3000] [id=73219]
  0x000000011162b690 GCTaskThread "GC Thread#2" [stack: 0x000000016eedc000,0x000000016f0df000] [id=72963]
  0x000000011162bb10 GCTaskThread "GC Thread#3" [stack: 0x000000016f0e8000,0x000000016f2eb000] [id=72451]
  0x000000011162bf90 GCTaskThread "GC Thread#4" [stack: 0x000000016f2f4000,0x000000016f4f7000] [id=54531]
  0x000000011162c410 GCTaskThread "GC Thread#5" [stack: 0x000000016f500000,0x000000016f703000] [id=71939]
  0x0000000121707840 ConcurrentGCThread "G1 Main Marker" [stack: 0x000000016bd98000,0x000000016bf9b000] [id=12035]
  0x00000001217080c0 ConcurrentGCThread "G1 Conc#0" [stack: 0x000000016bfa4000,0x000000016c1a7000] [id=12547]
  0x0000000121709f30 ConcurrentGCThread "G1 Refine#0" [stack: 0x000000016c1b0000,0x000000016c3b3000] [id=18179]
  0x000000012170a7d0 ConcurrentGCThread "G1 Service" [stack: 0x000000016c3bc000,0x000000016c5bf000] [id=17923]

Threads with active compile tasks:

VM state: not at safepoint (normal execution)

VM Mutex/Monitor currently owned by a thread: None

Heap address: 0x0000000700000000, size: 4096 MB, Compressed Oops mode: Zero based, Oop shift amount: 3

CDS archive(s) mapped at: [0x0000000800000000-0x0000000800bd8000-0x0000000800bd8000), size 12419072, SharedBaseAddress: 0x0000000800000000, ArchiveRelocationMode: 0.
Compressed class space mapped at: 0x0000000800c00000-0x0000000840c00000, reserved size: 1073741824
Narrow klass base: 0x0000000800000000, Narrow klass shift: 0, Narrow klass range: 0x100000000

GC Precious Log:
 CPUs: 8 total, 8 available
 Memory: 16384M
 Large Page Support: Disabled
 NUMA Support: Disabled
 Compressed Oops: Enabled (Zero based)
 Heap Region Size: 2M
 Heap Min Capacity: 8M
 Heap Initial Capacity: 256M
 Heap Max Capacity: 4G
 Pre-touch: Disabled
 Parallel Workers: 8
 Concurrent Workers: 2
 Concurrent Refinement Workers: 8
 Periodic GC: Disabled

Heap:
 garbage-first heap   total 266240K, used 32330K [0x0000000700000000, 0x0000000800000000)
  region size 2048K, 15 young (30720K), 2 survivors (4096K)
 Metaspace       used 12927K, committed 13184K, reserved 1064960K
  class space    used 1768K, committed 1856K, reserved 1048576K

Heap Regions: E=young(eden), S=young(survivor), O=old, HS=humongous(starts), HC=humongous(continues), CS=collection set, F=free, OA=open archive, CA=closed archive, TAMS=top-at-mark-start (previous, next)
|   0|0x0000000700000000, 0x0000000700200000, 0x0000000700200000|100%|HS|  |TAMS 0x0000000700000000, 0x0000000700000000| Complete 
|   1|0x0000000700200000, 0x0000000700200000, 0x0000000700400000|  0%| F|  |TAMS 0x0000000700200000, 0x0000000700200000| Untracked 
|   2|0x0000000700400000, 0x0000000700400000, 0x0000000700600000|  0%| F|  |TAMS 0x0000000700400000, 0x0000000700400000| Untracked 
|   3|0x0000000700600000, 0x0000000700600000, 0x0000000700800000|  0%| F|  |TAMS 0x0000000700600000, 0x0000000700600000| Untracked 
|   4|0x0000000700800000, 0x0000000700800000, 0x0000000700a00000|  0%| F|  |TAMS 0x0000000700800000, 0x0000000700800000| Untracked 
|   5|0x0000000700a00000, 0x0000000700a00000, 0x0000000700c00000|  0%| F|  |TAMS 0x0000000700a00000, 0x0000000700a00000| Untracked 
|   6|0x0000000700c00000, 0x0000000700c00000, 0x0000000700e00000|  0%| F|  |TAMS 0x0000000700c00000, 0x0000000700c00000| Untracked 
|   7|0x0000000700e00000, 0x0000000700e00000, 0x0000000701000000|  0%| F|  |TAMS 0x0000000700e00000, 0x0000000700e00000| Untracked 
|   8|0x0000000701000000, 0x0000000701000000, 0x0000000701200000|  0%| F|  |TAMS 0x0000000701000000, 0x0000000701000000| Untracked 
|   9|0x0000000701200000, 0x0000000701200000, 0x0000000701400000|  0%| F|  |TAMS 0x0000000701200000, 0x0000000701200000| Untracked 
|  10|0x0000000701400000, 0x0000000701400000, 0x0000000701600000|  0%| F|  |TAMS 0x0000000701400000, 0x0000000701400000| Untracked 
|  11|0x0000000701600000, 0x0000000701600000, 0x0000000701800000|  0%| F|  |TAMS 0x0000000701600000, 0x0000000701600000| Untracked 
|  12|0x0000000701800000, 0x0000000701800000, 0x0000000701a00000|  0%| F|  |TAMS 0x0000000701800000, 0x0000000701800000| Untracked 
|  13|0x0000000701a00000, 0x0000000701a00000, 0x0000000701c00000|  0%| F|  |TAMS 0x0000000701a00000, 0x0000000701a00000| Untracked 
|  14|0x0000000701c00000, 0x0000000701c00000, 0x0000000701e00000|  0%| F|  |TAMS 0x0000000701c00000, 0x0000000701c00000| Untracked 
|  15|0x0000000701e00000, 0x0000000701e00000, 0x0000000702000000|  0%| F|  |TAMS 0x0000000701e00000, 0x0000000701e00000| Untracked 
|  16|0x0000000702000000, 0x0000000702000000, 0x0000000702200000|  0%| F|  |TAMS 0x0000000702000000, 0x0000000702000000| Untracked 
|  17|0x0000000702200000, 0x0000000702200000, 0x0000000702400000|  0%| F|  |TAMS 0x0000000702200000, 0x0000000702200000| Untracked 
|  18|0x0000000702400000, 0x0000000702400000, 0x0000000702600000|  0%| F|  |TAMS 0x0000000702400000, 0x0000000702400000| Untracked 
|  19|0x0000000702600000, 0x0000000702600000, 0x0000000702800000|  0%| F|  |TAMS 0x0000000702600000, 0x0000000702600000| Untracked 
|  20|0x0000000702800000, 0x0000000702800000, 0x0000000702a00000|  0%| F|  |TAMS 0x0000000702800000, 0x0000000702800000| Untracked 
|  21|0x0000000702a00000, 0x0000000702a00000, 0x0000000702c00000|  0%| F|  |TAMS 0x0000000702a00000, 0x0000000702a00000| Untracked 
|  22|0x0000000702c00000, 0x0000000702c00000, 0x0000000702e00000|  0%| F|  |TAMS 0x0000000702c00000, 0x0000000702c00000| Untracked 
|  23|0x0000000702e00000, 0x0000000702e00000, 0x0000000703000000|  0%| F|  |TAMS 0x0000000702e00000, 0x0000000702e00000| Untracked 
|  24|0x0000000703000000, 0x0000000703000000, 0x0000000703200000|  0%| F|  |TAMS 0x0000000703000000, 0x0000000703000000| Untracked 
|  25|0x0000000703200000, 0x0000000703200000, 0x0000000703400000|  0%| F|  |TAMS 0x0000000703200000, 0x0000000703200000| Untracked 
|  26|0x0000000703400000, 0x0000000703400000, 0x0000000703600000|  0%| F|  |TAMS 0x0000000703400000, 0x0000000703400000| Untracked 
|  27|0x0000000703600000, 0x0000000703600000, 0x0000000703800000|  0%| F|  |TAMS 0x0000000703600000, 0x0000000703600000| Untracked 
|  28|0x0000000703800000, 0x0000000703800000, 0x0000000703a00000|  0%| F|  |TAMS 0x0000000703800000, 0x0000000703800000| Untracked 
|  29|0x0000000703a00000, 0x0000000703a00000, 0x0000000703c00000|  0%| F|  |TAMS 0x0000000703a00000, 0x0000000703a00000| Untracked 
|  30|0x0000000703c00000, 0x0000000703c00000, 0x0000000703e00000|  0%| F|  |TAMS 0x0000000703c00000, 0x0000000703c00000| Untracked 
|  31|0x0000000703e00000, 0x0000000703e00000, 0x0000000704000000|  0%| F|  |TAMS 0x0000000703e00000, 0x0000000703e00000| Untracked 
|  32|0x0000000704000000, 0x0000000704000000, 0x0000000704200000|  0%| F|  |TAMS 0x0000000704000000, 0x0000000704000000| Untracked 
|  33|0x0000000704200000, 0x0000000704200000, 0x0000000704400000|  0%| F|  |TAMS 0x0000000704200000, 0x0000000704200000| Untracked 
|  34|0x0000000704400000, 0x0000000704400000, 0x0000000704600000|  0%| F|  |TAMS 0x0000000704400000, 0x0000000704400000| Untracked 
|  35|0x0000000704600000, 0x0000000704600000, 0x0000000704800000|  0%| F|  |TAMS 0x0000000704600000, 0x0000000704600000| Untracked 
|  36|0x0000000704800000, 0x0000000704800000, 0x0000000704a00000|  0%| F|  |TAMS 0x0000000704800000, 0x0000000704800000| Untracked 
|  37|0x0000000704a00000, 0x0000000704a00000, 0x0000000704c00000|  0%| F|  |TAMS 0x0000000704a00000, 0x0000000704a00000| Untracked 
|  38|0x0000000704c00000, 0x0000000704c00000, 0x0000000704e00000|  0%| F|  |TAMS 0x0000000704c00000, 0x0000000704c00000| Untracked 
|  39|0x0000000704e00000, 0x0000000704e00000, 0x0000000705000000|  0%| F|  |TAMS 0x0000000704e00000, 0x0000000704e00000| Untracked 
|  40|0x0000000705000000, 0x0000000705000000, 0x0000000705200000|  0%| F|  |TAMS 0x0000000705000000, 0x0000000705000000| Untracked 
|  41|0x0000000705200000, 0x0000000705200000, 0x0000000705400000|  0%| F|  |TAMS 0x0000000705200000, 0x0000000705200000| Untracked 
|  42|0x0000000705400000, 0x0000000705400000, 0x0000000705600000|  0%| F|  |TAMS 0x0000000705400000, 0x0000000705400000| Untracked 
|  43|0x0000000705600000, 0x0000000705600000, 0x0000000705800000|  0%| F|  |TAMS 0x0000000705600000, 0x0000000705600000| Untracked 
|  44|0x0000000705800000, 0x0000000705800000, 0x0000000705a00000|  0%| F|  |TAMS 0x0000000705800000, 0x0000000705800000| Untracked 
|  45|0x0000000705a00000, 0x0000000705a00000, 0x0000000705c00000|  0%| F|  |TAMS 0x0000000705a00000, 0x0000000705a00000| Untracked 
|  46|0x0000000705c00000, 0x0000000705c00000, 0x0000000705e00000|  0%| F|  |TAMS 0x0000000705c00000, 0x0000000705c00000| Untracked 
|  47|0x0000000705e00000, 0x0000000705e00000, 0x0000000706000000|  0%| F|  |TAMS 0x0000000705e00000, 0x0000000705e00000| Untracked 
|  48|0x0000000706000000, 0x0000000706000000, 0x0000000706200000|  0%| F|  |TAMS 0x0000000706000000, 0x0000000706000000| Untracked 
|  49|0x0000000706200000, 0x0000000706200000, 0x0000000706400000|  0%| F|  |TAMS 0x0000000706200000, 0x0000000706200000| Untracked 
|  50|0x0000000706400000, 0x0000000706400000, 0x0000000706600000|  0%| F|  |TAMS 0x0000000706400000, 0x0000000706400000| Untracked 
|  51|0x0000000706600000, 0x0000000706600000, 0x0000000706800000|  0%| F|  |TAMS 0x0000000706600000, 0x0000000706600000| Untracked 
|  52|0x0000000706800000, 0x0000000706800000, 0x0000000706a00000|  0%| F|  |TAMS 0x0000000706800000, 0x0000000706800000| Untracked 
|  53|0x0000000706a00000, 0x0000000706a00000, 0x0000000706c00000|  0%| F|  |TAMS 0x0000000706a00000, 0x0000000706a00000| Untracked 
|  54|0x0000000706c00000, 0x0000000706c00000, 0x0000000706e00000|  0%| F|  |TAMS 0x0000000706c00000, 0x0000000706c00000| Untracked 
|  55|0x0000000706e00000, 0x0000000706e00000, 0x0000000707000000|  0%| F|  |TAMS 0x0000000706e00000, 0x0000000706e00000| Untracked 
|  56|0x0000000707000000, 0x0000000707000000, 0x0000000707200000|  0%| F|  |TAMS 0x0000000707000000, 0x0000000707000000| Untracked 
|  57|0x0000000707200000, 0x0000000707200000, 0x0000000707400000|  0%| F|  |TAMS 0x0000000707200000, 0x0000000707200000| Untracked 
|  58|0x0000000707400000, 0x0000000707400000, 0x0000000707600000|  0%| F|  |TAMS 0x0000000707400000, 0x0000000707400000| Untracked 
|  59|0x0000000707600000, 0x0000000707600000, 0x0000000707800000|  0%| F|  |TAMS 0x0000000707600000, 0x0000000707600000| Untracked 
|  60|0x0000000707800000, 0x0000000707800000, 0x0000000707a00000|  0%| F|  |TAMS 0x0000000707800000, 0x0000000707800000| Untracked 
|  61|0x0000000707a00000, 0x0000000707a00000, 0x0000000707c00000|  0%| F|  |TAMS 0x0000000707a00000, 0x0000000707a00000| Untracked 
|  62|0x0000000707c00000, 0x0000000707c00000, 0x0000000707e00000|  0%| F|  |TAMS 0x0000000707c00000, 0x0000000707c00000| Untracked 
|  63|0x0000000707e00000, 0x0000000707e00000, 0x0000000708000000|  0%| F|  |TAMS 0x0000000707e00000, 0x0000000707e00000| Untracked 
|  64|0x0000000708000000, 0x0000000708000000, 0x0000000708200000|  0%| F|  |TAMS 0x0000000708000000, 0x0000000708000000| Untracked 
|  65|0x0000000708200000, 0x0000000708200000, 0x0000000708400000|  0%| F|  |TAMS 0x0000000708200000, 0x0000000708200000| Untracked 
|  66|0x0000000708400000, 0x0000000708400000, 0x0000000708600000|  0%| F|  |TAMS 0x0000000708400000, 0x0000000708400000| Untracked 
|  67|0x0000000708600000, 0x0000000708600000, 0x0000000708800000|  0%| F|  |TAMS 0x0000000708600000, 0x0000000708600000| Untracked 
|  68|0x0000000708800000, 0x0000000708800000, 0x0000000708a00000|  0%| F|  |TAMS 0x0000000708800000, 0x0000000708800000| Untracked 
|  69|0x0000000708a00000, 0x0000000708a00000, 0x0000000708c00000|  0%| F|  |TAMS 0x0000000708a00000, 0x0000000708a00000| Untracked 
|  70|0x0000000708c00000, 0x0000000708c00000, 0x0000000708e00000|  0%| F|  |TAMS 0x0000000708c00000, 0x0000000708c00000| Untracked 
|  71|0x0000000708e00000, 0x0000000708e00000, 0x0000000709000000|  0%| F|  |TAMS 0x0000000708e00000, 0x0000000708e00000| Untracked 
|  72|0x0000000709000000, 0x0000000709000000, 0x0000000709200000|  0%| F|  |TAMS 0x0000000709000000, 0x0000000709000000| Untracked 
|  73|0x0000000709200000, 0x0000000709200000, 0x0000000709400000|  0%| F|  |TAMS 0x0000000709200000, 0x0000000709200000| Untracked 
|  74|0x0000000709400000, 0x0000000709400000, 0x0000000709600000|  0%| F|  |TAMS 0x0000000709400000, 0x0000000709400000| Untracked 
|  75|0x0000000709600000, 0x0000000709600000, 0x0000000709800000|  0%| F|  |TAMS 0x0000000709600000, 0x0000000709600000| Untracked 
|  76|0x0000000709800000, 0x0000000709800000, 0x0000000709a00000|  0%| F|  |TAMS 0x0000000709800000, 0x0000000709800000| Untracked 
|  77|0x0000000709a00000, 0x0000000709a00000, 0x0000000709c00000|  0%| F|  |TAMS 0x0000000709a00000, 0x0000000709a00000| Untracked 
|  78|0x0000000709c00000, 0x0000000709c00000, 0x0000000709e00000|  0%| F|  |TAMS 0x0000000709c00000, 0x0000000709c00000| Untracked 
|  79|0x0000000709e00000, 0x0000000709e00000, 0x000000070a000000|  0%| F|  |TAMS 0x0000000709e00000, 0x0000000709e00000| Untracked 
|  80|0x000000070a000000, 0x000000070a000000, 0x000000070a200000|  0%| F|  |TAMS 0x000000070a000000, 0x000000070a000000| Untracked 
|  81|0x000000070a200000, 0x000000070a200000, 0x000000070a400000|  0%| F|  |TAMS 0x000000070a200000, 0x000000070a200000| Untracked 
|  82|0x000000070a400000, 0x000000070a400000, 0x000000070a600000|  0%| F|  |TAMS 0x000000070a400000, 0x000000070a400000| Untracked 
|  83|0x000000070a600000, 0x000000070a600000, 0x000000070a800000|  0%| F|  |TAMS 0x000000070a600000, 0x000000070a600000| Untracked 
|  84|0x000000070a800000, 0x000000070a800000, 0x000000070aa00000|  0%| F|  |TAMS 0x000000070a800000, 0x000000070a800000| Untracked 
|  85|0x000000070aa00000, 0x000000070aa00000, 0x000000070ac00000|  0%| F|  |TAMS 0x000000070aa00000, 0x000000070aa00000| Untracked 
|  86|0x000000070ac00000, 0x000000070ac00000, 0x000000070ae00000|  0%| F|  |TAMS 0x000000070ac00000, 0x000000070ac00000| Untracked 
|  87|0x000000070ae00000, 0x000000070ae00000, 0x000000070b000000|  0%| F|  |TAMS 0x000000070ae00000, 0x000000070ae00000| Untracked 
|  88|0x000000070b000000, 0x000000070b000000, 0x000000070b200000|  0%| F|  |TAMS 0x000000070b000000, 0x000000070b000000| Untracked 
|  89|0x000000070b200000, 0x000000070b200000, 0x000000070b400000|  0%| F|  |TAMS 0x000000070b200000, 0x000000070b200000| Untracked 
|  90|0x000000070b400000, 0x000000070b400000, 0x000000070b600000|  0%| F|  |TAMS 0x000000070b400000, 0x000000070b400000| Untracked 
|  91|0x000000070b600000, 0x000000070b600000, 0x000000070b800000|  0%| F|  |TAMS 0x000000070b600000, 0x000000070b600000| Untracked 
|  92|0x000000070b800000, 0x000000070b800000, 0x000000070ba00000|  0%| F|  |TAMS 0x000000070b800000, 0x000000070b800000| Untracked 
|  93|0x000000070ba00000, 0x000000070ba00000, 0x000000070bc00000|  0%| F|  |TAMS 0x000000070ba00000, 0x000000070ba00000| Untracked 
|  94|0x000000070bc00000, 0x000000070bc00000, 0x000000070be00000|  0%| F|  |TAMS 0x000000070bc00000, 0x000000070bc00000| Untracked 
|  95|0x000000070be00000, 0x000000070be00000, 0x000000070c000000|  0%| F|  |TAMS 0x000000070be00000, 0x000000070be00000| Untracked 
|  96|0x000000070c000000, 0x000000070c000000, 0x000000070c200000|  0%| F|  |TAMS 0x000000070c000000, 0x000000070c000000| Untracked 
|  97|0x000000070c200000, 0x000000070c200000, 0x000000070c400000|  0%| F|  |TAMS 0x000000070c200000, 0x000000070c200000| Untracked 
|  98|0x000000070c400000, 0x000000070c400000, 0x000000070c600000|  0%| F|  |TAMS 0x000000070c400000, 0x000000070c400000| Untracked 
|  99|0x000000070c600000, 0x000000070c600000, 0x000000070c800000|  0%| F|  |TAMS 0x000000070c600000, 0x000000070c600000| Untracked 
| 100|0x000000070c800000, 0x000000070c800000, 0x000000070ca00000|  0%| F|  |TAMS 0x000000070c800000, 0x000000070c800000| Untracked 
| 101|0x000000070ca00000, 0x000000070ca00000, 0x000000070cc00000|  0%| F|  |TAMS 0x000000070ca00000, 0x000000070ca00000| Untracked 
| 102|0x000000070cc00000, 0x000000070cc00000, 0x000000070ce00000|  0%| F|  |TAMS 0x000000070cc00000, 0x000000070cc00000| Untracked 
| 103|0x000000070ce00000, 0x000000070ce00000, 0x000000070d000000|  0%| F|  |TAMS 0x000000070ce00000, 0x000000070ce00000| Untracked 
| 104|0x000000070d000000, 0x000000070d000000, 0x000000070d200000|  0%| F|  |TAMS 0x000000070d000000, 0x000000070d000000| Untracked 
| 105|0x000000070d200000, 0x000000070d200000, 0x000000070d400000|  0%| F|  |TAMS 0x000000070d200000, 0x000000070d200000| Untracked 
| 106|0x000000070d400000, 0x000000070d400000, 0x000000070d600000|  0%| F|  |TAMS 0x000000070d400000, 0x000000070d400000| Untracked 
| 107|0x000000070d600000, 0x000000070d600000, 0x000000070d800000|  0%| F|  |TAMS 0x000000070d600000, 0x000000070d600000| Untracked 
| 108|0x000000070d800000, 0x000000070d800000, 0x000000070da00000|  0%| F|  |TAMS 0x000000070d800000, 0x000000070d800000| Untracked 
| 109|0x000000070da00000, 0x000000070da00000, 0x000000070dc00000|  0%| F|  |TAMS 0x000000070da00000, 0x000000070da00000| Untracked 
| 110|0x000000070dc00000, 0x000000070dc00000, 0x000000070de00000|  0%| F|  |TAMS 0x000000070dc00000, 0x000000070dc00000| Untracked 
| 111|0x000000070de00000, 0x000000070de00000, 0x000000070e000000|  0%| F|  |TAMS 0x000000070de00000, 0x000000070de00000| Untracked 
| 112|0x000000070e000000, 0x000000070e000000, 0x000000070e200000|  0%| F|  |TAMS 0x000000070e000000, 0x000000070e000000| Untracked 
| 113|0x000000070e200000, 0x000000070e400000, 0x000000070e400000|100%| E|  |TAMS 0x000000070e200000, 0x000000070e200000| Complete 
| 114|0x000000070e400000, 0x000000070e600000, 0x000000070e600000|100%| E|CS|TAMS 0x000000070e400000, 0x000000070e400000| Complete 
| 115|0x000000070e600000, 0x000000070e79aae8, 0x000000070e800000| 80%| S|CS|TAMS 0x000000070e600000, 0x000000070e600000| Complete 
| 116|0x000000070e800000, 0x000000070ea00000, 0x000000070ea00000|100%| S|CS|TAMS 0x000000070e800000, 0x000000070e800000| Complete 
| 117|0x000000070ea00000, 0x000000070ec00000, 0x000000070ec00000|100%| E|CS|TAMS 0x000000070ea00000, 0x000000070ea00000| Complete 
| 118|0x000000070ec00000, 0x000000070ee00000, 0x000000070ee00000|100%| E|CS|TAMS 0x000000070ec00000, 0x000000070ec00000| Complete 
| 119|0x000000070ee00000, 0x000000070f000000, 0x000000070f000000|100%| E|CS|TAMS 0x000000070ee00000, 0x000000070ee00000| Complete 
| 120|0x000000070f000000, 0x000000070f200000, 0x000000070f200000|100%| E|CS|TAMS 0x000000070f000000, 0x000000070f000000| Complete 
| 121|0x000000070f200000, 0x000000070f400000, 0x000000070f400000|100%| E|CS|TAMS 0x000000070f200000, 0x000000070f200000| Complete 
| 122|0x000000070f400000, 0x000000070f600000, 0x000000070f600000|100%| E|CS|TAMS 0x000000070f400000, 0x000000070f400000| Complete 
| 123|0x000000070f600000, 0x000000070f800000, 0x000000070f800000|100%| E|CS|TAMS 0x000000070f600000, 0x000000070f600000| Complete 
| 124|0x000000070f800000, 0x000000070fa00000, 0x000000070fa00000|100%| E|CS|TAMS 0x000000070f800000, 0x000000070f800000| Complete 
| 125|0x000000070fa00000, 0x000000070fc00000, 0x000000070fc00000|100%| E|CS|TAMS 0x000000070fa00000, 0x000000070fa00000| Complete 
| 126|0x000000070fc00000, 0x000000070fe00000, 0x000000070fe00000|100%| E|CS|TAMS 0x000000070fc00000, 0x000000070fc00000| Complete 
| 127|0x000000070fe00000, 0x0000000710000000, 0x0000000710000000|100%| E|CS|TAMS 0x000000070fe00000, 0x000000070fe00000| Complete 
|2046|0x00000007ffc00000, 0x00000007ffd78000, 0x00000007ffe00000| 73%|OA|  |TAMS 0x00000007ffc00000, 0x00000007ffc00000| Untracked 
|2047|0x00000007ffe00000, 0x00000007ffe80000, 0x0000000800000000| 25%|CA|  |TAMS 0x00000007ffe00000, 0x00000007ffe00000| Untracked 

Card table byte_map: [0x000000010debc000,0x000000010e6bc000] _byte_map_base: 0x000000010a6bc000

Marking Bits (Prev, Next): (CMBitMap*) 0x000000012203c410, (CMBitMap*) 0x000000012203c450
 Prev Bits: [0x0000000112000000, 0x0000000116000000)
 Next Bits: [0x0000000122800000, 0x0000000126800000)

Polling page: 0x0000000104690000

Metaspace:

Usage:
  Non-class:     10.90 MB used.
      Class:      1.73 MB used.
       Both:     12.62 MB used.

Virtual space:
  Non-class space:       16.00 MB reserved,      11.06 MB ( 69%) committed,  2 nodes.
      Class space:        1.00 GB reserved,       1.81 MB ( <1%) committed,  1 nodes.
             Both:        1.02 GB reserved,      12.88 MB (  1%) committed. 

Chunk freelists:
   Non-Class:  1005.00 KB
       Class:  2.14 MB
        Both:  3.12 MB

MaxMetaspaceSize: unlimited
CompressedClassSpaceSize: 1.00 GB
Initial GC threshold: 21.00 MB
Current GC threshold: 21.00 MB
CDS: on
MetaspaceReclaimPolicy: balanced
 - commit_granule_bytes: 65536.
 - commit_granule_words: 8192.
 - virtual_space_node_default_size: 1048576.
 - enlarge_chunks_in_place: 1.
 - new_chunks_are_fully_committed: 0.
 - uncommit_free_chunks: 1.
 - use_allocation_guard: 0.
 - handle_deallocations: 1.


Internal statistics:

num_allocs_failed_limit: 0.
num_arena_births: 188.
num_arena_deaths: 0.
num_vsnodes_births: 3.
num_vsnodes_deaths: 0.
num_space_committed: 206.
num_space_uncommitted: 0.
num_chunks_returned_to_freelist: 0.
num_chunks_taken_from_freelist: 565.
num_chunk_merges: 0.
num_chunk_splits: 399.
num_chunks_enlarged: 305.
num_purges: 0.
num_inconsistent_stats: 0.

CodeHeap 'non-profiled nmethods': size=120032Kb used=670Kb max_used=670Kb free=119361Kb
 bounds [0x0000000137ac8000, 0x0000000137d38000, 0x000000013f000000]
CodeHeap 'profiled nmethods': size=120016Kb used=3011Kb max_used=3011Kb free=117005Kb
 bounds [0x0000000130594000, 0x0000000130894000, 0x0000000137ac8000]
CodeHeap 'non-nmethods': size=5712Kb used=1366Kb max_used=1466Kb free=4345Kb
 bounds [0x0000000130000000, 0x0000000130270000, 0x0000000130594000]
 total_blobs=2371 nmethods=1619 adapters=669
 compilation: enabled
              stopped_count=0, restarted_count=0
 full_count=0

Compilation events (20 events):
Event: 2.142 Thread 0x000000011700c200 1684       3       java.lang.Float::floatToIntBits (15 bytes)
Event: 2.142 Thread 0x000000011700c200 nmethod 1684 0x0000000130882b90 code [0x0000000130882d40, 0x0000000130882f68]
Event: 2.142 Thread 0x000000011700c200 1685       3       java.lang.Math::max (45 bytes)
Event: 2.142 Thread 0x000000011700c200 nmethod 1685 0x0000000130883010 code [0x00000001308831c0, 0x00000001308834a8]
Event: 2.142 Thread 0x000000011700c200 1686       3       com.sun.marlin.Helpers::outcode (70 bytes)
Event: 2.142 Thread 0x000000011700c200 nmethod 1686 0x0000000130883590 code [0x0000000130883740, 0x0000000130883a68]
Event: 2.142 Thread 0x000000011700c200 1687       3       com.sun.marlin.Renderer::tosubpixx (6 bytes)
Event: 2.142 Thread 0x000000011700bc00 1688       4       com.sun.marlin.MaskMarlinAlphaConsumer::setAndClearRelativeAlphas (641 bytes)
Event: 2.142 Thread 0x000000011700c200 nmethod 1687 0x0000000130883b90 code [0x0000000130883d80, 0x0000000130883ea8]
Event: 2.145 Thread 0x000000011700c200 1689       1       com.sun.prism.impl.BaseTexture::getContentHeight (5 bytes)
Event: 2.145 Thread 0x000000011700c200 nmethod 1689 0x0000000137b6e090 code [0x0000000137b6e200, 0x0000000137b6e2e8]
Event: 2.145 Thread 0x000000011700c200 1690       1       javafx.scene.layout.CornerRadii::getTopLeftHorizontalRadius (5 bytes)
Event: 2.146 Thread 0x000000011700c200 nmethod 1690 0x0000000137b6e390 code [0x0000000137b6e500, 0x0000000137b6e5e8]
Event: 2.146 Thread 0x000000011700c200 1691       3       com.sun.prism.PixelFormat::getBytesPerPixelUnit (13 bytes)
Event: 2.146 Thread 0x000000011700c200 nmethod 1691 0x0000000130883f90 code [0x0000000130884140, 0x00000001308842a8]
Event: 2.153 Thread 0x000000011700bc00 nmethod 1688 0x0000000137b6e690 code [0x0000000137b6e8c0, 0x0000000137b6f120]
Event: 2.180 Thread 0x000000011700c200 1692       3       java.util.WeakHashMap::size (18 bytes)
Event: 2.180 Thread 0x000000011700c200 nmethod 1692 0x0000000130884390 code [0x0000000130884540, 0x0000000130884758]
Event: 2.238 Thread 0x000000011700c200 1693       3       java.util.concurrent.atomic.AtomicBoolean::get (13 bytes)
Event: 2.238 Thread 0x000000011700c200 nmethod 1693 0x0000000130884810 code [0x00000001308849c0, 0x0000000130884b68]

GC Heap History (2 events):
Event: 0.304 GC heap before
{Heap before GC invocations=0 (full 0):
 garbage-first heap   total 266240K, used 24544K [0x0000000700000000, 0x0000000800000000)
  region size 2048K, 11 young (22528K), 0 survivors (0K)
 Metaspace       used 6511K, committed 6720K, reserved 1056768K
  class space    used 805K, committed 896K, reserved 1048576K
}
Event: 0.306 GC heap after
{Heap after GC invocations=1 (full 0):
 garbage-first heap   total 266240K, used 5706K [0x0000000700000000, 0x0000000800000000)
  region size 2048K, 2 young (4096K), 2 survivors (4096K)
 Metaspace       used 6511K, committed 6720K, reserved 1056768K
  class space    used 805K, committed 896K, reserved 1048576K
}

Deoptimization events (20 events):
Event: 0.572 Thread 0x000000012181ee00 DEOPT PACKING pc=0x0000000137b154b4 sp=0x000000016e589350
Event: 0.572 Thread 0x000000012181ee00 DEOPT UNPACKING pc=0x000000013003ed1c sp=0x000000016e5892e0 mode 2
Event: 1.111 Thread 0x0000000144068800 Uncommon trap: trap_request=0xffffff45 fr.pc=0x0000000137ad4338 relative=0x00000000000000f8
Event: 1.111 Thread 0x0000000144068800 Uncommon trap: reason=unstable_if action=reinterpret pc=0x0000000137ad4338 method=java.lang.StringLatin1.lastIndexOf([BI[BII)I @ 86 c2
Event: 1.111 Thread 0x0000000144068800 DEOPT PACKING pc=0x0000000137ad4338 sp=0x000000016fd258d0
Event: 1.111 Thread 0x0000000144068800 DEOPT UNPACKING pc=0x000000013003ed1c sp=0x000000016fd25830 mode 2
Event: 2.080 Thread 0x000000012181ee00 DEOPT PACKING pc=0x0000000130827c4c sp=0x000000016e5894d0
Event: 2.080 Thread 0x000000012181ee00 DEOPT UNPACKING pc=0x000000013003eb7c sp=0x000000016e589130 mode 0
Event: 2.080 Thread 0x000000012181ee00 DEOPT PACKING pc=0x0000000130827c4c sp=0x000000016e5894d0
Event: 2.080 Thread 0x000000012181ee00 DEOPT UNPACKING pc=0x000000013003eb7c sp=0x000000016e589130 mode 0
Event: 2.142 Thread 0x000000012181ee00 DEOPT PACKING pc=0x0000000130827c4c sp=0x000000016e5894d0
Event: 2.142 Thread 0x000000012181ee00 DEOPT UNPACKING pc=0x000000013003eb7c sp=0x000000016e589130 mode 0
Event: 2.143 Thread 0x000000012181ee00 DEOPT PACKING pc=0x0000000130827c74 sp=0x000000016e5894d0
Event: 2.143 Thread 0x000000012181ee00 DEOPT UNPACKING pc=0x000000013003eb7c sp=0x000000016e589130 mode 0
Event: 2.144 Thread 0x000000012181ee00 DEOPT PACKING pc=0x0000000130827c74 sp=0x000000016e5894d0
Event: 2.144 Thread 0x000000012181ee00 DEOPT UNPACKING pc=0x000000013003eb7c sp=0x000000016e589130 mode 0
Event: 2.145 Thread 0x000000012181ee00 DEOPT PACKING pc=0x0000000130827c4c sp=0x000000016e5894d0
Event: 2.145 Thread 0x000000012181ee00 DEOPT UNPACKING pc=0x000000013003eb7c sp=0x000000016e589130 mode 0
Event: 2.146 Thread 0x000000012181ee00 DEOPT PACKING pc=0x0000000130827c74 sp=0x000000016e5894d0
Event: 2.146 Thread 0x000000012181ee00 DEOPT UNPACKING pc=0x000000013003eb7c sp=0x000000016e589130 mode 0

Classes unloaded (0 events):
No events

Classes redefined (0 events):
No events

Internal exceptions (20 events):
Event: 0.104 Thread 0x000000012180ea00 Exception <a 'java/lang/NoSuchMethodError'{0x000000070f7ee9d8}: 'void java.lang.invoke.DirectMethodHandle$Holder.invokeStatic(java.lang.Object, java.lang.Object, java.lang.Object)'> (0x000000070f7ee9d8) 
thrown [open/src/hotspot/share/interpreter/linkResolver.cpp, line 766]
Event: 0.160 Thread 0x000000012180ea00 Exception <a 'java/lang/NoSuchMethodError'{0x000000070f5d2470}: 'int java.lang.invoke.DirectMethodHandle$Holder.invokeStaticInit(java.lang.Object, java.lang.Object, java.lang.Object)'> (0x000000070f5d2470) 
thrown [open/src/hotspot/share/interpreter/linkResolver.cpp, line 766]
Event: 0.254 Thread 0x000000011713d600 Exception <a 'java/lang/NoSuchMethodError'{0x000000070f198718}: 'void java.lang.invoke.DirectMethodHandle$Holder.invokeStaticInit(java.lang.Object)'> (0x000000070f198718) 
thrown [open/src/hotspot/share/interpreter/linkResolver.cpp, line 766]
Event: 0.255 Thread 0x000000012180ea00 Exception <a 'java/lang/NoSuchMethodError'{0x000000070f28fb80}: 'java.lang.Object java.lang.invoke.DirectMethodHandle$Holder.newInvokeSpecial(java.lang.Object, java.lang.Object, java.lang.Object, java.lang.Object, java.lang.Object, java.lang.Object)'> (0x000000070f28fb80) 
thrown [open/src/hotspot/share/interpreter/linkResolver.cpp, line 766]
Event: 0.274 Thread 0x000000012180ea00 Exception <a 'java/lang/NoSuchMethodError'{0x000000070ef434b0}: 'java.lang.Object java.lang.invoke.DirectMethodHandle$Holder.newInvokeSpecial(java.lang.Object, java.lang.Object, java.lang.Object, java.lang.Object, java.lang.Object)'> (0x000000070ef434b0) 
thrown [open/src/hotspot/share/interpreter/linkResolver.cpp, line 766]
Event: 0.295 Thread 0x000000011713d600 Exception <a 'sun/nio/fs/UnixException'{0x000000070eb0d618}> (0x000000070eb0d618) 
thrown [open/src/hotspot/share/prims/jni.cpp, line 516]
Event: 0.313 Thread 0x000000011713d600 Exception <a 'java/lang/NoSuchMethodError'{0x000000070ffa2798}: 'java.lang.Object java.lang.invoke.DirectMethodHandle$Holder.invokeStaticInit(java.lang.Object, java.lang.Object, java.lang.Object, java.lang.Object)'> (0x000000070ffa2798) 
thrown [open/src/hotspot/share/interpreter/linkResolver.cpp, line 766]
Event: 0.314 Thread 0x000000011713d600 Exception <a 'java/lang/NullPointerException'{0x000000070ffae480}> (0x000000070ffae480) 
thrown [open/src/hotspot/share/interpreter/linkResolver.cpp, line 1357]
Event: 0.322 Thread 0x000000011713d600 Exception <a 'java/lang/NoSuchMethodError'{0x000000070fd3aba0}: 'java.lang.Object java.lang.invoke.DirectMethodHandle$Holder.invokeSpecial(java.lang.Object, java.lang.Object, java.lang.Object, int, java.lang.Object)'> (0x000000070fd3aba0) 
thrown [open/src/hotspot/share/interpreter/linkResolver.cpp, line 766]
Event: 0.361 Thread 0x000000011713d600 Exception <a 'java/lang/NoSuchMethodError'{0x000000070f741238}: 'void java.lang.invoke.DirectMethodHandle$Holder.invokeStaticInit(java.lang.Object, java.lang.Object)'> (0x000000070f741238) 
thrown [open/src/hotspot/share/interpreter/linkResolver.cpp, line 766]
Event: 0.371 Thread 0x000000011713d600 Exception <a 'sun/nio/fs/UnixException'{0x000000070f52ffa8}> (0x000000070f52ffa8) 
thrown [open/src/hotspot/share/prims/jni.cpp, line 516]
Event: 0.379 Thread 0x000000011713d600 Implicit null exception at 0x0000000137b211d4 to 0x0000000137b21534
Event: 0.469 Thread 0x000000011713d600 Exception <a 'java/lang/NoSuchMethodError'{0x000000070ef772a8}: 'java.lang.Object java.lang.invoke.DirectMethodHandle$Holder.invokeInterface(java.lang.Object, java.lang.Object, java.lang.Object)'> (0x000000070ef772a8) 
thrown [open/src/hotspot/share/interpreter/linkResolver.cpp, line 766]
Event: 0.469 Thread 0x000000011713d600 Exception <a 'java/lang/IncompatibleClassChangeError'{0x000000070ef7ac30}: Found class java.lang.Object, but interface was expected> (0x000000070ef7ac30) 
thrown [open/src/hotspot/share/interpreter/linkResolver.cpp, line 833]
Event: 0.490 Thread 0x000000011713d600 Exception <a 'java/lang/NoSuchMethodError'{0x000000070ed66710}: 'java.lang.Object java.lang.invoke.DirectMethodHandle$Holder.newInvokeSpecial(java.lang.Object, java.lang.Object, int)'> (0x000000070ed66710) 
thrown [open/src/hotspot/share/interpreter/linkResolver.cpp, line 766]
Event: 0.521 Thread 0x000000012181ee00 Exception <a 'java/lang/NoSuchMethodError'{0x000000070ea66e00}: 'int java.lang.invoke.DirectMethodHandle$Holder.invokeStaticInit(java.lang.Object, java.lang.Object)'> (0x000000070ea66e00) 
thrown [open/src/hotspot/share/interpreter/linkResolver.cpp, line 766]
Event: 2.072 Thread 0x000000011713d600 Exception <a 'java/lang/NoSuchMethodError'{0x000000070e370ba8}: 'long java.lang.invoke.DirectMethodHandle$Holder.invokeStatic(java.lang.Object, java.lang.Object, java.lang.Object)'> (0x000000070e370ba8) 
thrown [open/src/hotspot/share/interpreter/linkResolver.cpp, line 766]
Event: 2.073 Thread 0x000000011713d600 Exception <a 'java/lang/NoSuchMethodError'{0x000000070e374350}: 'long java.lang.invoke.DirectMethodHandle$Holder.invokeStaticInit(java.lang.Object, java.lang.Object, java.lang.Object)'> (0x000000070e374350) 
thrown [open/src/hotspot/share/interpreter/linkResolver.cpp, line 766]
Event: 2.074 Thread 0x000000011713d600 Exception <a 'java/lang/NoSuchMethodError'{0x000000070e3c18b8}: 'java.lang.Object java.lang.invoke.DirectMethodHandle$Holder.newInvokeSpecial(java.lang.Object, java.lang.Object, long)'> (0x000000070e3c18b8) 
thrown [open/src/hotspot/share/interpreter/linkResolver.cpp, line 766]
Event: 2.074 Thread 0x000000011713d600 Exception <a 'java/lang/NoSuchMethodError'{0x000000070e3c5180}: 'java.lang.Object java.lang.invoke.Invokers$Holder.linkToTargetMethod(java.lang.Object, long, java.lang.Object)'> (0x000000070e3c5180) 
thrown [open/src/hotspot/share/interpreter/linkResolver.cpp, line 766]

VM Operations (20 events):
Event: 0.069 Executing VM operation: ICBufferFull
Event: 0.069 Executing VM operation: ICBufferFull done
Event: 0.072 Executing VM operation: HandshakeAllThreads
Event: 0.072 Executing VM operation: HandshakeAllThreads done
Event: 0.269 Executing VM operation: HandshakeAllThreads
Event: 0.269 Executing VM operation: HandshakeAllThreads done
Event: 0.290 Executing VM operation: ICBufferFull
Event: 0.290 Executing VM operation: ICBufferFull done
Event: 0.304 Executing VM operation: G1CollectForAllocation
Event: 0.306 Executing VM operation: G1CollectForAllocation done
Event: 0.326 Executing VM operation: HandshakeAllThreads
Event: 0.326 Executing VM operation: HandshakeAllThreads done
Event: 0.339 Executing VM operation: HandshakeAllThreads
Event: 0.339 Executing VM operation: HandshakeAllThreads done
Event: 0.355 Executing VM operation: ICBufferFull
Event: 0.355 Executing VM operation: ICBufferFull done
Event: 0.462 Executing VM operation: ICBufferFull
Event: 0.463 Executing VM operation: ICBufferFull done
Event: 2.009 Executing VM operation: Cleanup
Event: 2.011 Executing VM operation: Cleanup done

Events (20 events):
Event: 1.110 loading class sun/util/resources/cldr/TimeZoneNames_en
Event: 1.111 loading class sun/util/resources/cldr/TimeZoneNames_en done
Event: 1.111 loading class sun/util/resources/cldr/TimeZoneNames_en_US
Event: 1.111 loading class sun/util/resources/cldr/TimeZoneNames_en_US done
Event: 1.112 loading class sun/util/resources/TimeZoneNames
Event: 1.112 loading class sun/util/resources/TimeZoneNames done
Event: 1.112 loading class sun/util/resources/TimeZoneNames_en
Event: 1.112 loading class sun/util/resources/TimeZoneNames_en done
Event: 1.237 loading class java/util/EnumMap$Values
Event: 1.237 loading class java/util/EnumMap$Values done
Event: 1.237 loading class java/util/EnumMap$ValueIterator
Event: 1.237 loading class java/util/EnumMap$EnumMapIterator
Event: 1.237 loading class java/util/EnumMap$EnumMapIterator done
Event: 1.237 loading class java/util/EnumMap$ValueIterator done
Event: 1.747 Protecting memory [0x000000016db58000,0x000000016db64000] with protection modes 0
Event: 1.747 Thread 0x0000000126810200 Thread added: 0x0000000126810200
Event: 2.022 Protecting memory [0x000000016db58000,0x000000016db64000] with protection modes 3
Event: 2.022 Thread 0x0000000126810200 Thread exited: 0x0000000126810200
Event: 2.072 Protecting memory [0x000000016db58000,0x000000016db64000] with protection modes 0
Event: 2.072 Thread 0x00000001119f2c00 Thread added: 0x00000001119f2c00


Dynamic libraries:
0x0000000104640000 	/Library/Java/JavaVirtualMachines/jdk-17.0.2.jdk/Contents/Home/lib/libjli.dylib
0x000000018d220000 	/usr/lib/libz.1.dylib
0x000000018d2d7000 	/usr/lib/libSystem.B.dylib
0x000000018d2d1000 	/usr/lib/system/libcache.dylib
0x000000018d28f000 	/usr/lib/system/libcommonCrypto.dylib
0x000000018d2b8000 	/usr/lib/system/libcompiler_rt.dylib
0x000000018d2af000 	/usr/lib/system/libcopyfile.dylib
0x0000000182517000 	/usr/lib/system/libcorecrypto.dylib
0x00000001825ca000 	/usr/lib/system/libdispatch.dylib
0x0000000182798000 	/usr/lib/system/libdyld.dylib
0x000000018d2c7000 	/usr/lib/system/libkeymgr.dylib
0x000000018d26a000 	/usr/lib/system/libmacho.dylib
0x000000018c95f000 	/usr/lib/system/libquarantine.dylib
0x000000018d2c4000 	/usr/lib/system/libremovefile.dylib
0x0000000187900000 	/usr/lib/system/libsystem_asl.dylib
0x00000001824b9000 	/usr/lib/system/libsystem_blocks.dylib
0x0000000182652000 	/usr/lib/system/libsystem_c.dylib
0x000000018d2bc000 	/usr/lib/system/libsystem_collections.dylib
0x000000018bded000 	/usr/lib/system/libsystem_configuration.dylib
0x000000018b049000 	/usr/lib/system/libsystem_containermanager.dylib
0x000000018cfcc000 	/usr/lib/system/libsystem_coreservices.dylib
0x0000000184ec0000 	/usr/lib/system/libsystem_darwin.dylib
0x000000018d2c8000 	/usr/lib/system/libsystem_dnssd.dylib
0x000000018264f000 	/usr/lib/system/libsystem_featureflags.dylib
0x00000001827ad000 	/usr/lib/system/libsystem_info.dylib
0x000000018d232000 	/usr/lib/system/libsystem_m.dylib
0x000000018259f000 	/usr/lib/system/libsystem_malloc.dylib
0x000000018788f000 	/usr/lib/system/libsystem_networkextension.dylib
0x0000000185319000 	/usr/lib/system/libsystem_notify.dylib
0x0000000193615000 	/usr/lib/system/libsystem_product_info_filter.dylib
0x000000018bdf2000 	/usr/lib/system/libsystem_sandbox.dylib
0x000000018d2c1000 	/usr/lib/system/libsystem_secinit.dylib
0x0000000182753000 	/usr/lib/system/libsystem_kernel.dylib
0x00000001827a5000 	/usr/lib/system/libsystem_platform.dylib
0x000000018278b000 	/usr/lib/system/libsystem_pthread.dylib
0x0000000189058000 	/usr/lib/system/libsystem_symptoms.dylib
0x00000001824fd000 	/usr/lib/system/libsystem_trace.dylib
0x000000018d29c000 	/usr/lib/system/libunwind.dylib
0x00000001824bb000 	/usr/lib/system/libxpc.dylib
0x000000018273b000 	/usr/lib/libc++abi.dylib
0x0000000182611000 	/usr/lib/libobjc.A.dylib
0x000000018d2a7000 	/usr/lib/liboah.dylib
0x00000001826d4000 	/usr/lib/libc++.1.dylib
0x000000019912e000 	/System/Library/Frameworks/Cocoa.framework/Versions/A/Cocoa
0x000000018537a000 	/System/Library/Frameworks/AppKit.framework/Versions/C/AppKit
0x0000000188880000 	/System/Library/Frameworks/CoreData.framework/Versions/A/CoreData
0x00000001836d5000 	/System/Library/Frameworks/Foundation.framework/Versions/C/Foundation
0x0000000186232000 	/System/Library/PrivateFrameworks/UIFoundation.framework/Versions/A/UIFoundation
0x000000019330f000 	/System/Library/PrivateFrameworks/RemoteViewServices.framework/Versions/A/RemoteViewServices
0x000000018b795000 	/System/Library/PrivateFrameworks/XCTTargetBootstrap.framework/Versions/A/XCTTargetBootstrap
0x000000018f013000 	/System/Library/PrivateFrameworks/InternationalSupport.framework/Versions/A/InternationalSupport
0x000000018f09c000 	/System/Library/PrivateFrameworks/UserActivity.framework/Versions/A/UserActivity
0x000000018e50e000 	/usr/lib/libspindump.dylib
0x00000001864a3000 	/System/Library/Frameworks/UniformTypeIdentifiers.framework/Versions/A/UniformTypeIdentifiers
0x0000000189ce0000 	/usr/lib/libapp_launch_measurement.dylib
0x000000018920a000 	/System/Library/PrivateFrameworks/CoreAnalytics.framework/Versions/A/CoreAnalytics
0x0000000189ce3000 	/System/Library/PrivateFrameworks/CoreAutoLayout.framework/Versions/A/CoreAutoLayout
0x000000018b086000 	/System/Library/Frameworks/Metal.framework/Versions/A/Metal
0x000000018bdfd000 	/usr/lib/liblangid.dylib
0x000000018b79a000 	/System/Library/PrivateFrameworks/CoreSVG.framework/Versions/A/CoreSVG
0x0000000187934000 	/System/Library/PrivateFrameworks/SkyLight.framework/Versions/A/SkyLight
0x0000000187d09000 	/System/Library/Frameworks/CoreGraphics.framework/Versions/A/CoreGraphics
0x00000001939db000 	/System/Library/Frameworks/Accelerate.framework/Versions/A/Accelerate
0x000000018df85000 	/System/Library/PrivateFrameworks/IconServices.framework/Versions/A/IconServices
0x000000018b068000 	/System/Library/Frameworks/IOSurface.framework/Versions/A/IOSurface
0x000000018923b000 	/usr/lib/libDiagnosticMessagesClient.dylib
0x0000000196edc000 	/System/Library/Frameworks/ApplicationServices.framework/Versions/A/ApplicationServices
0x000000018b77d000 	/System/Library/PrivateFrameworks/DFRFoundation.framework/Versions/A/DFRFoundation
0x0000000184c0a000 	/usr/lib/libicucore.A.dylib
0x000000018febf000 	/System/Library/Frameworks/AudioToolbox.framework/Versions/A/AudioToolbox
0x000000018f01f000 	/System/Library/PrivateFrameworks/DataDetectorsCore.framework/Versions/A/DataDetectorsCore
0x00000001a595f000 	/System/Library/PrivateFrameworks/TextInput.framework/Versions/A/TextInput
0x00000001878a9000 	/usr/lib/libMobileGestalt.dylib
0x000000018b449000 	/System/Library/Frameworks/Carbon.framework/Versions/A/Frameworks/HIToolbox.framework/Versions/A/HIToolbox
0x00000001896bc000 	/System/Library/Frameworks/QuartzCore.framework/Versions/A/QuartzCore
0x000000018488d000 	/System/Library/Frameworks/Security.framework/Versions/A/Security
0x000000019334f000 	/System/Library/Frameworks/Carbon.framework/Versions/A/Frameworks/SpeechRecognition.framework/Versions/A/SpeechRecognition
0x0000000189a36000 	/System/Library/PrivateFrameworks/CoreUI.framework/Versions/A/CoreUI
0x000000018416a000 	/System/Library/Frameworks/CoreAudio.framework/Versions/A/CoreAudio
0x0000000189330000 	/System/Library/Frameworks/DiskArbitration.framework/Versions/A/DiskArbitration
0x000000018e918000 	/System/Library/PrivateFrameworks/MultitouchSupport.framework/Versions/A/MultitouchSupport
0x00000001878a7000 	/usr/lib/libenergytrace.dylib
0x0000000185242000 	/System/Library/Frameworks/IOKit.framework/Versions/A/IOKit
0x000000019373e000 	/System/Library/Frameworks/CoreServices.framework/Versions/A/CoreServices
0x0000000189c70000 	/System/Library/PrivateFrameworks/PerformanceAnalysis.framework/Versions/A/PerformanceAnalysis
0x00000001e3c47000 	/System/Library/Frameworks/OpenGL.framework/Versions/A/OpenGL
0x000000018c877000 	/System/Library/PrivateFrameworks/MobileKeyBag.framework/Versions/A/MobileKeyBag
0x0000000188316000 	/System/Library/Frameworks/ColorSync.framework/Versions/A/ColorSync
0x00000001827da000 	/System/Library/Frameworks/CoreFoundation.framework/Versions/A/CoreFoundation
0x000000018ba19000 	/System/Library/Frameworks/CoreImage.framework/Versions/A/CoreImage
0x0000000183f8e000 	/System/Library/Frameworks/CoreText.framework/Versions/A/CoreText
0x000000018b7ca000 	/System/Library/Frameworks/ImageIO.framework/Versions/A/ImageIO
0x000000018d2dd000 	/System/Library/PrivateFrameworks/SoftLinking.framework/Versions/A/SoftLinking
0x0000000189d2e000 	/usr/lib/libxml2.2.dylib
0x000000018d576000 	/usr/lib/libcompression.dylib
0x000000018ef6f000 	/System/Library/PrivateFrameworks/TextureIO.framework/Versions/A/TextureIO
0x000000018dc9e000 	/usr/lib/libate.dylib
0x000000018db63000 	/usr/lib/liblzma.5.dylib
0x00000001833c9000 	/System/Library/Frameworks/SystemConfiguration.framework/Versions/A/SystemConfiguration
0x000000018d2d9000 	/usr/lib/libfakelink.dylib
0x00000001873db000 	/System/Library/Frameworks/CFNetwork.framework/Versions/A/CFNetwork
0x000000018d41f000 	/usr/lib/libarchive.2.dylib
0x000000018bdf9000 	/System/Library/PrivateFrameworks/AppleSystemInfo.framework/Versions/A/AppleSystemInfo
0x000000018c98a000 	/usr/lib/libbsm.0.dylib
0x000000018694c000 	/usr/lib/libnetwork.dylib
0x000000018d273000 	/usr/lib/system/libkxld.dylib
0x000000018c59d000 	/System/Library/PrivateFrameworks/IOMobileFramebuffer.framework/Versions/A/IOMobileFramebuffer
0x0000000201573000 	/usr/lib/libCoreEntitlements.dylib
0x000000018cfae000 	/System/Library/PrivateFrameworks/AppleFSCompression.framework/Versions/A/AppleFSCompression
0x000000018c972000 	/usr/lib/libcoretls.dylib
0x000000018db7c000 	/usr/lib/libcoretls_cfhelpers.dylib
0x000000018d571000 	/usr/lib/libpam.2.dylib
0x0000000188c6f000 	/usr/lib/libsqlite3.dylib
0x000000018dbe5000 	/usr/lib/libxar.1.dylib
0x000000018cfbf000 	/usr/lib/libbz2.1.0.dylib
0x000000018d2de000 	/usr/lib/libpcap.A.dylib
0x000000018904f000 	/usr/lib/libdns_services.dylib
0x000000018d544000 	/usr/lib/libapple_nghttp2.dylib
0x000000018d31b000 	/usr/lib/libiconv.2.dylib
0x000000018d269000 	/usr/lib/libcharset.1.dylib
0x0000000189cac000 	/System/Library/Frameworks/CoreServices.framework/Versions/A/Frameworks/FSEvents.framework/Versions/A/FSEvents
0x0000000184ecb000 	/System/Library/Frameworks/CoreServices.framework/Versions/A/Frameworks/CarbonCore.framework/Versions/A/CarbonCore
0x0000000189290000 	/System/Library/Frameworks/CoreServices.framework/Versions/A/Frameworks/Metadata.framework/Versions/A/Metadata
0x000000018cfd2000 	/System/Library/Frameworks/CoreServices.framework/Versions/A/Frameworks/OSServices.framework/Versions/A/OSServices
0x000000018d4a5000 	/System/Library/Frameworks/CoreServices.framework/Versions/A/Frameworks/SearchKit.framework/Versions/A/SearchKit
0x0000000188fde000 	/System/Library/Frameworks/CoreServices.framework/Versions/A/Frameworks/AE.framework/Versions/A/AE
0x0000000182d20000 	/System/Library/Frameworks/CoreServices.framework/Versions/A/Frameworks/LaunchServices.framework/Versions/A/LaunchServices
0x000000018db0c000 	/System/Library/Frameworks/CoreServices.framework/Versions/A/Frameworks/DictionaryServices.framework/Versions/A/DictionaryServices
0x0000000189cb9000 	/System/Library/Frameworks/CoreServices.framework/Versions/A/Frameworks/SharedFileList.framework/Versions/A/SharedFileList
0x000000018c962000 	/usr/lib/libCheckFix.dylib
0x0000000187918000 	/System/Library/PrivateFrameworks/TCC.framework/Versions/A/TCC
0x000000018bdff000 	/System/Library/PrivateFrameworks/CoreNLP.framework/Versions/A/CoreNLP
0x000000018923e000 	/System/Library/PrivateFrameworks/MetadataUtilities.framework/Versions/A/MetadataUtilities
0x0000000183482000 	/usr/lib/libmecabra.dylib
0x000000018c99b000 	/usr/lib/libmecab.dylib
0x000000018344e000 	/usr/lib/libCRFSuite.dylib
0x000000018c9f8000 	/usr/lib/libgermantok.dylib
0x000000018d51d000 	/usr/lib/libThaiTokenizer.dylib
0x0000000189338000 	/System/Library/Frameworks/Accelerate.framework/Versions/A/Frameworks/vImage.framework/Versions/A/vImage
0x0000000193715000 	/System/Library/Frameworks/Accelerate.framework/Versions/A/Frameworks/vecLib.framework/Versions/A/vecLib
0x000000018dc2a000 	/System/Library/Frameworks/Accelerate.framework/Versions/A/Frameworks/vecLib.framework/Versions/A/libvMisc.dylib
0x000000018c4a4000 	/System/Library/Frameworks/Accelerate.framework/Versions/A/Frameworks/vecLib.framework/Versions/A/libvDSP.dylib
0x00000001830a9000 	/System/Library/Frameworks/Accelerate.framework/Versions/A/Frameworks/vecLib.framework/Versions/A/libBLAS.dylib
0x000000018d647000 	/System/Library/Frameworks/Accelerate.framework/Versions/A/Frameworks/vecLib.framework/Versions/A/libLAPACK.dylib
0x000000018c9fb000 	/System/Library/Frameworks/Accelerate.framework/Versions/A/Frameworks/vecLib.framework/Versions/A/libLinearAlgebra.dylib
0x000000018d55c000 	/System/Library/Frameworks/Accelerate.framework/Versions/A/Frameworks/vecLib.framework/Versions/A/libSparseBLAS.dylib
0x000000018d642000 	/System/Library/Frameworks/Accelerate.framework/Versions/A/Frameworks/vecLib.framework/Versions/A/libQuadrature.dylib
0x000000018bef8000 	/System/Library/Frameworks/Accelerate.framework/Versions/A/Frameworks/vecLib.framework/Versions/A/libBNNS.dylib
0x0000000183367000 	/System/Library/Frameworks/Accelerate.framework/Versions/A/Frameworks/vecLib.framework/Versions/A/libSparse.dylib
0x000000018bef0000 	/System/Library/PrivateFrameworks/LinguisticData.framework/Versions/A/LinguisticData
0x000000018331f000 	/System/Library/PrivateFrameworks/Lexicon.framework/Versions/A/Lexicon
0x000000018dc22000 	/usr/lib/libChineseTokenizer.dylib
0x0000000183ac6000 	/System/Library/PrivateFrameworks/LanguageModeling.framework/Versions/A/LanguageModeling
0x000000018d51f000 	/System/Library/PrivateFrameworks/AppleSauce.framework/Versions/A/AppleSauce
0x000000018c58a000 	/System/Library/PrivateFrameworks/CoreEmoji.framework/Versions/A/CoreEmoji
0x000000018d40d000 	/usr/lib/libcmph.dylib
0x0000000189c8c000 	/System/Library/Frameworks/OpenDirectory.framework/Versions/A/Frameworks/CFOpenDirectory.framework/Versions/A/CFOpenDirectory
0x0000000189c7c000 	/System/Library/Frameworks/OpenDirectory.framework/Versions/A/OpenDirectory
0x000000018db7e000 	/System/Library/PrivateFrameworks/APFS.framework/Versions/A/APFS
0x000000018c8b2000 	/System/Library/Frameworks/SecurityFoundation.framework/Versions/A/SecurityFoundation
0x000000018dbf4000 	/usr/lib/libutil.dylib
0x0000000185204000 	/System/Library/PrivateFrameworks/CoreServicesStore.framework/Versions/A/CoreServicesStore
0x000000018dbf8000 	/usr/lib/libxslt.1.dylib
0x000000018c946000 	/System/Library/PrivateFrameworks/BackgroundTaskManagement.framework/Versions/A/BackgroundTaskManagement
0x000000018ee90000 	/System/Library/Frameworks/ImageIO.framework/Versions/A/Resources/libRadiance.dylib
0x000000018ee99000 	/System/Library/Frameworks/ImageIO.framework/Versions/A/Resources/libJPEG.dylib
0x000000018edec000 	/System/Library/Frameworks/ImageIO.framework/Versions/A/Resources/libPng.dylib
0x000000018ee0e000 	/System/Library/Frameworks/ImageIO.framework/Versions/A/Resources/libTIFF.dylib
0x000000018eef4000 	/System/Library/Frameworks/ImageIO.framework/Versions/A/Resources/libGIF.dylib
0x000000018e828000 	/System/Library/Frameworks/ImageIO.framework/Versions/A/Resources/libJP2.dylib
0x000000018df4a000 	/usr/lib/libexpat.1.dylib
0x000000018e7e3000 	/System/Library/PrivateFrameworks/AppleJPEG.framework/Versions/A/AppleJPEG
0x000000018b305000 	/System/Library/PrivateFrameworks/FontServices.framework/libFontParser.dylib
0x0000000188f83000 	/System/Library/PrivateFrameworks/RunningBoardServices.framework/Versions/A/RunningBoardServices
0x0000000199801000 	/System/Library/PrivateFrameworks/IOSurfaceAccelerator.framework/Versions/A/IOSurfaceAccelerator
0x000000018e914000 	/System/Library/PrivateFrameworks/WatchdogClient.framework/Versions/A/WatchdogClient
0x0000000183bca000 	/System/Library/Frameworks/CoreDisplay.framework/Versions/A/CoreDisplay
0x000000018b1ef000 	/System/Library/Frameworks/CoreMedia.framework/Versions/A/CoreMedia
0x000000018b07c000 	/System/Library/PrivateFrameworks/IOAccelerator.framework/Versions/A/IOAccelerator
0x0000000189e1c000 	/System/Library/Frameworks/CoreVideo.framework/Versions/A/CoreVideo
0x000000018d56f000 	/System/Library/Frameworks/MetalPerformanceShaders.framework/Versions/A/MetalPerformanceShaders
0x000000018e953000 	/System/Library/Frameworks/VideoToolbox.framework/Versions/A/VideoToolbox
0x0000000188ec7000 	/System/Library/PrivateFrameworks/BaseBoard.framework/Versions/A/BaseBoard
0x0000000188c55000 	/System/Library/PrivateFrameworks/ProtocolBuffer.framework/Versions/A/ProtocolBuffer
0x000000018ee8b000 	/System/Library/PrivateFrameworks/GPUWrangler.framework/Versions/A/GPUWrangler
0x000000018ee6b000 	/System/Library/PrivateFrameworks/IOPresentment.framework/Versions/A/IOPresentment
0x000000018ee93000 	/System/Library/PrivateFrameworks/DSExternalDisplay.framework/Versions/A/DSExternalDisplay
0x00000001e3c3a000 	/System/Library/Frameworks/OpenGL.framework/Versions/A/Libraries/libCoreFSCache.dylib
0x00000001ee0f9000 	/System/Library/PrivateFrameworks/GPUCompiler.framework/Versions/31001/Libraries/libGPUCompilerUtils.dylib
0x000000018eef9000 	/System/Library/PrivateFrameworks/CMCaptureCore.framework/Versions/A/CMCaptureCore
0x000000018e4fb000 	/System/Library/PrivateFrameworks/AppServerSupport.framework/Versions/A/AppServerSupport
0x000000019077c000 	/System/Library/PrivateFrameworks/perfdata.framework/Versions/A/perfdata
0x0000000183cea000 	/System/Library/PrivateFrameworks/AudioToolboxCore.framework/Versions/A/AudioToolboxCore
0x000000018b1c8000 	/System/Library/PrivateFrameworks/caulk.framework/Versions/A/caulk
0x0000000190071000 	/usr/lib/libAudioStatistics.dylib
0x00000001a1fc6000 	/System/Library/PrivateFrameworks/SystemPolicy.framework/Versions/A/SystemPolicy
0x00000001902dd000 	/usr/lib/libSMC.dylib
0x0000000199010000 	/System/Library/Frameworks/CoreMIDI.framework/Versions/A/CoreMIDI
0x000000018edba000 	/usr/lib/libAudioToolboxUtility.dylib
0x000000019e093000 	/System/Library/PrivateFrameworks/OSAServicesClient.framework/Versions/A/OSAServicesClient
0x0000000190789000 	/usr/lib/libperfcheck.dylib
0x00000001a2ade000 	/usr/lib/libmis.dylib
0x00000001e3c9c000 	/System/Library/Frameworks/OpenGL.framework/Versions/A/Libraries/libGLU.dylib
0x00000001e3c5b000 	/System/Library/Frameworks/OpenGL.framework/Versions/A/Libraries/libGFXShared.dylib
0x00000001e3e48000 	/System/Library/Frameworks/OpenGL.framework/Versions/A/Libraries/libGL.dylib
0x00000001e3c64000 	/System/Library/Frameworks/OpenGL.framework/Versions/A/Libraries/libGLImage.dylib
0x00000001e3c58000 	/System/Library/Frameworks/OpenGL.framework/Versions/A/Libraries/libCVMSPluginSupport.dylib
0x00000001e3c41000 	/System/Library/Frameworks/OpenGL.framework/Versions/A/Libraries/libCoreVMClient.dylib
0x000000018bd79000 	/System/Library/Frameworks/MetalPerformanceShaders.framework/Versions/A/Frameworks/MPSCore.framework/Versions/A/MPSCore
0x000000018cf21000 	/System/Library/Frameworks/MetalPerformanceShaders.framework/Versions/A/Frameworks/MPSImage.framework/Versions/A/MPSImage
0x000000018ca10000 	/System/Library/Frameworks/MetalPerformanceShaders.framework/Versions/A/Frameworks/MPSNeuralNetwork.framework/Versions/A/MPSNeuralNetwork
0x000000018ce49000 	/System/Library/Frameworks/MetalPerformanceShaders.framework/Versions/A/Frameworks/MPSMatrix.framework/Versions/A/MPSMatrix
0x000000018cc22000 	/System/Library/Frameworks/MetalPerformanceShaders.framework/Versions/A/Frameworks/MPSRayIntersector.framework/Versions/A/MPSRayIntersector
0x000000018ce7a000 	/System/Library/Frameworks/MetalPerformanceShaders.framework/Versions/A/Frameworks/MPSNDArray.framework/Versions/A/MPSNDArray
0x00000001e5db3000 	/System/Library/Frameworks/MetalPerformanceShaders.framework/Versions/A/Frameworks/MPSFunctions.framework/Versions/A/MPSFunctions
0x0000000182f80000 	/System/Library/PrivateFrameworks/MetalTools.framework/Versions/A/MetalTools
0x000000018bdf7000 	/System/Library/PrivateFrameworks/AggregateDictionary.framework/Versions/A/AggregateDictionary
0x000000018dd2f000 	/usr/lib/libIOReport.dylib
0x000000019802e000 	/System/Library/PrivateFrameworks/ASEProcessing.framework/Versions/A/ASEProcessing
0x000000018e0a4000 	/System/Library/PrivateFrameworks/FaceCore.framework/Versions/A/FaceCore
0x000000018e096000 	/System/Library/PrivateFrameworks/GraphVisualizer.framework/Versions/A/GraphVisualizer
0x00000001ee010000 	/System/Library/PrivateFrameworks/FontServices.framework/Versions/A/FontServices
0x000000018e4b7000 	/System/Library/PrivateFrameworks/OTSVG.framework/Versions/A/OTSVG
0x00000001899e6000 	/System/Library/Frameworks/ApplicationServices.framework/Versions/A/Frameworks/ATS.framework/Versions/A/Resources/libFontRegistry.dylib
0x000000018e504000 	/System/Library/PrivateFrameworks/FontServices.framework/libhvf.dylib
0x00000001ee011000 	/System/Library/PrivateFrameworks/FontServices.framework/libXTFontStaticRegistryData.dylib
0x00000001e3fe9000 	/System/Library/Frameworks/OpenCL.framework/Versions/A/OpenCL
0x000000018defe000 	/System/Library/PrivateFrameworks/AppleVA.framework/Versions/A/AppleVA
0x0000000190099000 	/System/Library/Frameworks/ApplicationServices.framework/Versions/A/Frameworks/ATS.framework/Versions/A/ATS
0x0000000188413000 	/System/Library/Frameworks/ApplicationServices.framework/Versions/A/Frameworks/HIServices.framework/Versions/A/HIServices
0x000000018ef03000 	/System/Library/Frameworks/ApplicationServices.framework/Versions/A/Frameworks/PrintCore.framework/Versions/A/PrintCore
0x0000000190430000 	/System/Library/Frameworks/ApplicationServices.framework/Versions/A/Frameworks/QD.framework/Versions/A/QD
0x0000000190428000 	/System/Library/Frameworks/ApplicationServices.framework/Versions/A/Frameworks/ColorSyncLegacy.framework/Versions/A/ColorSyncLegacy
0x0000000190085000 	/System/Library/Frameworks/ApplicationServices.framework/Versions/A/Frameworks/SpeechSynthesis.framework/Versions/A/SpeechSynthesis
0x000000018eec4000 	/System/Library/Frameworks/ApplicationServices.framework/Versions/A/Frameworks/ATSUI.framework/Versions/A/ATSUI
0x00000001903bd000 	/usr/lib/libcups.2.dylib
0x0000000190797000 	/System/Library/Frameworks/Kerberos.framework/Versions/A/Kerberos
0x00000001907a8000 	/System/Library/Frameworks/GSS.framework/Versions/A/GSS
0x0000000190109000 	/usr/lib/libresolv.9.dylib
0x000000018e513000 	/System/Library/PrivateFrameworks/Heimdal.framework/Versions/A/Heimdal
0x0000000197263000 	/System/Library/Frameworks/Kerberos.framework/Versions/A/Libraries/libHeimdalProxy.dylib
0x0000000189061000 	/System/Library/Frameworks/Network.framework/Versions/A/Network
0x000000018df65000 	/usr/lib/libheimdal-asn1.dylib
0x00000001907f8000 	/System/Library/PrivateFrameworks/CommonAuth.framework/Versions/A/CommonAuth
0x000000018ffff000 	/System/Library/PrivateFrameworks/AudioSession.framework/Versions/A/AudioSession
0x000000018dff7000 	/System/Library/PrivateFrameworks/MediaExperience.framework/Versions/A/MediaExperience
0x000000018fe85000 	/System/Library/PrivateFrameworks/AudioSession.framework/libSessionUtility.dylib
0x000000019043c000 	/System/Library/PrivateFrameworks/AudioResourceArbitration.framework/Versions/A/AudioResourceArbitration
0x00000001945f2000 	/System/Library/PrivateFrameworks/PowerLog.framework/Versions/A/PowerLog
0x000000018df6f000 	/System/Library/PrivateFrameworks/IconFoundation.framework/Versions/A/IconFoundation
0x000000019333b000 	/System/Library/PrivateFrameworks/SpeechRecognitionCore.framework/Versions/A/SpeechRecognitionCore
0x00000001057f0000 	/Library/Java/JavaVirtualMachines/jdk-17.0.2.jdk/Contents/Home/lib/server/libjvm.dylib
0x00000001046a4000 	/Library/Java/JavaVirtualMachines/jdk-17.0.2.jdk/Contents/Home/lib/libjimage.dylib
0x00000001046d0000 	/Library/Java/JavaVirtualMachines/jdk-17.0.2.jdk/Contents/Home/lib/libinstrument.dylib
0x000000010471c000 	/Library/Java/JavaVirtualMachines/jdk-17.0.2.jdk/Contents/Home/lib/libjava.dylib
0x00000001047f8000 	/Library/Java/JavaVirtualMachines/jdk-17.0.2.jdk/Contents/Home/lib/libnio.dylib
0x0000000104818000 	/Library/Java/JavaVirtualMachines/jdk-17.0.2.jdk/Contents/Home/lib/libnet.dylib
0x0000000104704000 	/Library/Java/JavaVirtualMachines/jdk-17.0.2.jdk/Contents/Home/lib/libzip.dylib
0x00000001052d4000 	/Users/fdepalma/.openjfx/cache/17.0.1/libprism_es2.dylib
0x00000001851c7000 	/System/Library/PrivateFrameworks/CoreServicesInternal.framework/Versions/A/CoreServicesInternal
0x00000001e3e52000 	/System/Library/Frameworks/OpenGL.framework/Versions/A/Resources/GLEngine.bundle/GLEngine
0x00000001e3cda000 	/System/Library/Frameworks/OpenGL.framework/Versions/A/Libraries/libGLProgrammability.dylib
0x0000000110ebc000 	/System/Library/Extensions/AppleMetalOpenGLRenderer.bundle/Contents/MacOS/AppleMetalOpenGLRenderer
0x00000001e3fc1000 	/System/Library/Frameworks/OpenGL.framework/Versions/A/Resources/GLRendererFloat.bundle/GLRendererFloat
0x00000001c8f39000 	/System/Library/Extensions/AGXMetalG13X.bundle/Contents/MacOS/AGXMetalG13X
0x00000001a2afa000 	/System/Library/PrivateFrameworks/GPURawCounter.framework/Versions/A/GPURawCounter
0x000000019d204000 	/System/Library/PrivateFrameworks/IOGPU.framework/Versions/A/IOGPU
0x00000001110d0000 	/Users/fdepalma/.openjfx/cache/17.0.1/libglass.dylib
0x000000019484a000 	/System/Library/Frameworks/FileProvider.framework/Versions/A/FileProvider
0x0000000188e2f000 	/System/Library/Frameworks/Accounts.framework/Versions/A/Accounts
0x00000001949ce000 	/System/Library/PrivateFrameworks/GenerationalStorage.framework/Versions/A/GenerationalStorage
0x0000000195591000 	/System/Library/PrivateFrameworks/CoreSymbolication.framework/Versions/A/CoreSymbolication
0x00000001945e6000 	/System/Library/PrivateFrameworks/SymptomDiagnosticReporter.framework/Versions/A/SymptomDiagnosticReporter
0x00000001864b7000 	/System/Library/PrivateFrameworks/DesktopServicesPriv.framework/Versions/A/DesktopServicesPriv
0x0000000185329000 	/usr/lib/libsandbox.1.dylib
0x0000000189eaa000 	/System/Library/PrivateFrameworks/UserManagement.framework/Versions/A/UserManagement
0x000000019554e000 	/System/Library/PrivateFrameworks/DebugSymbols.framework/Versions/A/DebugSymbols
0x000000019041b000 	/System/Library/PrivateFrameworks/NetAuth.framework/Versions/A/NetAuth
0x0000000191339000 	/System/Library/PrivateFrameworks/Sharing.framework/Versions/A/Sharing
0x0000000189e7a000 	/System/Library/PrivateFrameworks/login.framework/Versions/A/Frameworks/loginsupport.framework/Versions/A/loginsupport
0x0000000196783000 	/System/Library/PrivateFrameworks/Apple80211.framework/Versions/A/Apple80211
0x000000018d005000 	/System/Library/PrivateFrameworks/AuthKit.framework/Versions/A/AuthKit
0x000000018c686000 	/System/Library/PrivateFrameworks/CoreUtils.framework/Versions/A/CoreUtils
0x000000018c5a9000 	/System/Library/Frameworks/CoreWLAN.framework/Versions/A/CoreWLAN
0x00000001914a9000 	/System/Library/Frameworks/IOBluetooth.framework/Versions/A/IOBluetooth
0x00000001967e3000 	/System/Library/PrivateFrameworks/CoreWiFi.framework/Versions/A/CoreWiFi
0x000000019512e000 	/System/Library/PrivateFrameworks/FrontBoardServices.framework/Versions/A/FrontBoardServices
0x00000001951c6000 	/System/Library/PrivateFrameworks/BoardServices.framework/Versions/A/BoardServices
0x000000018c8a0000 	/System/Library/PrivateFrameworks/AssertionServices.framework/Versions/A/AssertionServices
0x0000000196960000 	/System/Library/PrivateFrameworks/BackBoardServices.framework/Versions/A/BackBoardServices
0x000000019088f000 	/System/Library/PrivateFrameworks/CorePhoneNumbers.framework/Versions/A/CorePhoneNumbers
0x0000000194716000 	/System/Library/PrivateFrameworks/DiskManagement.framework/Versions/A/DiskManagement
0x0000000194619000 	/System/Library/PrivateFrameworks/AppleIDAuthSupport.framework/Versions/A/AppleIDAuthSupport
0x00000001e85da000 	/System/Library/PrivateFrameworks/AAAFoundation.framework/Versions/A/AAAFoundation
0x000000019086e000 	/System/Library/PrivateFrameworks/KeychainCircle.framework/Versions/A/KeychainCircle
0x00000001946e2000 	/System/Library/PrivateFrameworks/MediaKit.framework/Versions/A/MediaKit
0x0000000194626000 	/System/Library/Frameworks/DiscRecording.framework/Versions/A/DiscRecording
0x000000018de7a000 	/usr/lib/libCoreStorage.dylib
0x0000000196c5d000 	/usr/lib/libcsfde.dylib
0x000000019157e000 	/System/Library/PrivateFrameworks/ProtectedCloudStorage.framework/Versions/A/ProtectedCloudStorage
0x0000000196c55000 	/System/Library/PrivateFrameworks/EFILogin.framework/Versions/A/EFILogin
0x00000001949f5000 	/System/Library/PrivateFrameworks/OctagonTrust.framework/Versions/A/OctagonTrust
0x00000001ed1ab000 	/System/Library/PrivateFrameworks/CoreUtilsExtras.framework/Versions/A/CoreUtilsExtras
0x000000019454b000 	/System/Library/Frameworks/CoreBluetooth.framework/Versions/A/CoreBluetooth
0x00000001972e8000 	/System/Library/Frameworks/AudioUnit.framework/Versions/A/AudioUnit
0x000000018de72000 	/usr/lib/libMatch.1.dylib
0x00000001a6fa6000 	/System/Library/Frameworks/Accelerate.framework/Versions/A/Frameworks/vImage.framework/Versions/A/Libraries/libCGInterfaces.dylib
0x00000001115d8000 	/usr/lib/libobjc-trampolines.dylib
0x00000002016f1000 	/usr/lib/libRosetta.dylib
0x0000000189b74000 	/System/Library/PrivateFrameworks/ViewBridge.framework/Versions/A/ViewBridge
0x000000018dd38000 	/System/Library/PrivateFrameworks/CrashReporterSupport.framework/Versions/A/CrashReporterSupport
0x00000001aea1f000 	/System/Library/PrivateFrameworks/OSAnalytics.framework/Versions/A/OSAnalytics
0x00000001b9d1d000 	/System/Library/PrivateFrameworks/Symbolication.framework/Versions/A/Symbolication
0x00000001a2abb000 	/System/Library/PrivateFrameworks/MallocStackLogging.framework/Versions/A/MallocStackLogging
0x0000000127f84000 	/Users/fdepalma/.openjfx/cache/17.0.1/libjavafx_font.dylib
0x000000018e5d6000 	/System/Library/PrivateFrameworks/login.framework/Versions/A/login


VM Arguments:
jvm_args: -javaagent:/Applications/IntelliJ IDEA.app/Contents/lib/idea_rt.jar=51414:/Applications/IntelliJ IDEA.app/Contents/bin -Dfile.encoding=UTF-8 --module-path=/Users/fdepalma/.m2/repository/com/dlsc/formsfx/formsfx-core/11.3.2/formsfx-core-11.3.2.jar:/Users/fdepalma/.m2/repository/org/kordamp/bootstrapfx/bootstrapfx-core/0.4.0/bootstrapfx-core-0.4.0.jar:/Users/fdepalma/.m2/repository/org/kordamp/ikonli/ikonli-javafx/12.2.0/ikonli-javafx-12.2.0.jar:/Users/fdepalma/.m2/repository/org/openjfx/javafx-web/17.0.1/javafx-web-17.0.1-mac-aarch64.jar:/Users/fdepalma/.m2/repository/org/openjfx/javafx-base/17.0.1/javafx-base-17.0.1-mac-aarch64.jar:/Users/fdepalma/.m2/repository/org/openjfx/javafx-controls/17.0.1/javafx-controls-17.0.1-mac-aarch64.jar:/Users/fdepalma/.m2/repository/org/kordamp/ikonli/ikonli-core/12.2.0/ikonli-core-12.2.0.jar:/Users/fdepalma/.m2/repository/org/controlsfx/controlsfx/11.1.0/controlsfx-11.1.0.jar:/Users/fdepalma/.m2/repository/eu/hansolo/tilesfx/11.48/tilesfx-11.48.jar:/Users/fdepalma/.m2/repository/org/openjfx/javafx-graphics/17.0.1/javafx-graphics-17.0.1-mac-aarch64.jar:/Users/fdepalma/.m2/repository/org/openjfx/javafx-media/17.0.1/javafx-media-17.0.1-mac-aarch64.jar:/Users/fdepalma/Desktop/TheOverlookHotel/target/classes:/Users/fdepalma/.m2/repository/org/openjfx/javafx-fxml/17.0.1/javafx-fxml-17.0.1-mac-aarch64.jar:/Users/fdepalma/.m2/repository/net/synedra/validatorfx/0.1.13/validatorfx-0.1.13.jar -Djdk.module.main=com.toh.theoverlookhotel 
java_command: com.toh.theoverlookhotel/com.toh.theoverlookhotel.HelloApplication
java_class_path (initial): /Users/fdepalma/.m2/repository/org/openjfx/javafx-controls/17.0.1/javafx-controls-17.0.1.jar:/Users/fdepalma/.m2/repository/org/openjfx/javafx-graphics/17.0.1/javafx-graphics-17.0.1.jar:/Users/fdepalma/.m2/repository/org/openjfx/javafx-base/17.0.1/javafx-base-17.0.1.jar:/Users/fdepalma/.m2/repository/org/openjfx/javafx-fxml/17.0.1/javafx-fxml-17.0.1.jar:/Users/fdepalma/.m2/repository/org/openjfx/javafx-web/17.0.1/javafx-web-17.0.1.jar:/Users/fdepalma/.m2/repository/org/openjfx/javafx-media/17.0.1/javafx-media-17.0.1.jar:/Users/fdepalma/.m2/repository/javax/xml/bind/jaxb-api/2.2.12/jaxb-api-2.2.12.jar:/Users/fdepalma/.m2/repository/com/sun/xml/bind/jaxb-impl/2.2.11/jaxb-impl-2.2.11.jar
Launcher Type: SUN_STANDARD

[Global flags]
     intx CICompilerCount                          = 4                                         {product} {ergonomic}
     uint ConcGCThreads                            = 2                                         {product} {ergonomic}
     uint G1ConcRefinementThreads                  = 8                                         {product} {ergonomic}
   size_t G1HeapRegionSize                         = 2097152                                   {product} {ergonomic}
    uintx GCDrainStackTargetSize                   = 64                                        {product} {ergonomic}
   size_t InitialHeapSize                          = 268435456                                 {product} {ergonomic}
   size_t MarkStackSize                            = 4194304                                   {product} {ergonomic}
   size_t MaxHeapSize                              = 4294967296                                {product} {ergonomic}
   size_t MaxNewSize                               = 2575302656                                {product} {ergonomic}
   size_t MinHeapDeltaBytes                        = 2097152                                   {product} {ergonomic}
   size_t MinHeapSize                              = 8388608                                   {product} {ergonomic}
    uintx NonNMethodCodeHeapSize                   = 5839564                                {pd product} {ergonomic}
    uintx NonProfiledCodeHeapSize                  = 122909338                              {pd product} {ergonomic}
    uintx ProfiledCodeHeapSize                     = 122909338                              {pd product} {ergonomic}
    uintx ReservedCodeCacheSize                    = 251658240                              {pd product} {ergonomic}
     bool SegmentedCodeCache                       = true                                      {product} {ergonomic}
   size_t SoftMaxHeapSize                          = 4294967296                             {manageable} {ergonomic}
     bool UseCompressedClassPointers               = true                           {product lp64_product} {ergonomic}
     bool UseCompressedOops                        = true                           {product lp64_product} {ergonomic}
     bool UseG1GC                                  = true                                      {product} {ergonomic}
     bool UseNUMA                                  = false                                     {product} {ergonomic}
     bool UseNUMAInterleaving                      = false                                     {product} {ergonomic}

Logging:
Log output configuration:
 #0: stdout all=warning uptime,level,tags
 #1: stderr all=off uptime,level,tags

Environment Variables:
PATH=/usr/local/bin:/usr/bin:/bin:/usr/sbin:/sbin:/Library/Apple/usr/bin
SHELL=/bin/zsh
LC_CTYPE=en_US.UTF-8

Signal Handlers:
   SIGSEGV: _ZL13crash_handleriP9__siginfoPv in libjvm.dylib, mask=11100110000111110111111111111111, flags=SA_RESTART|SA_SIGINFO
    SIGBUS: _ZL13crash_handleriP9__siginfoPv in libjvm.dylib, mask=11100110000111110111111111111111, flags=SA_RESTART|SA_SIGINFO
    SIGFPE: _ZL13crash_handleriP9__siginfoPv in libjvm.dylib, mask=11100110000111110111111111111111, flags=SA_RESTART|SA_SIGINFO
   SIGPIPE: _ZL17javaSignalHandleriP9__siginfoPv in libjvm.dylib, mask=11100110000111110111111111111111, flags=SA_RESTART|SA_SIGINFO
   SIGXFSZ: _ZL17javaSignalHandleriP9__siginfoPv in libjvm.dylib, mask=11100110000111110111111111111111, flags=SA_RESTART|SA_SIGINFO
    SIGILL: _ZL13crash_handleriP9__siginfoPv in libjvm.dylib, mask=11100110000111110111111111111111, flags=SA_RESTART|SA_SIGINFO
   SIGUSR2: _ZL10SR_handleriP9__siginfoP17__darwin_ucontext in libjvm.dylib, mask=00100000000000000000000000000000, flags=SA_RESTART|SA_SIGINFO
    SIGHUP: _ZL11UserHandleriPvS_ in libjvm.dylib, mask=11100110000111110111111111111111, flags=SA_RESTART|SA_SIGINFO
    SIGINT: _ZL11UserHandleriPvS_ in libjvm.dylib, mask=11100110000111110111111111111111, flags=SA_RESTART|SA_SIGINFO
   SIGTERM: _ZL11UserHandleriPvS_ in libjvm.dylib, mask=11100110000111110111111111111111, flags=SA_RESTART|SA_SIGINFO
   SIGQUIT: _ZL11UserHandleriPvS_ in libjvm.dylib, mask=11100110000111110111111111111111, flags=SA_RESTART|SA_SIGINFO
   SIGTRAP: _ZL13crash_handleriP9__siginfoPv in libjvm.dylib, mask=11100110000111110111111111111111, flags=SA_RESTART|SA_SIGINFO


---------------  S Y S T E M  ---------------

OS:
uname: Darwin 21.4.0 Darwin Kernel Version 21.4.0: Fri Mar 18 00:46:32 PDT 2022; root:xnu-8020.101.4~15/RELEASE_ARM64_T6000 arm64
OS uptime: 1 days 19:05 hours
rlimit (soft/hard): STACK 8176k/65520k , CORE 0k/infinity , NPROC 2666/4000 , NOFILE 10240/infinity , AS infinity/infinity , CPU infinity/infinity , DATA infinity/infinity , FSIZE infinity/infinity , MEMLOCK infinity/infinity , RSS infinity/infinity
load average: 3.02 2.82 2.83

CPU: total 8 (initial active 8) 0x61:0x0:0x1b588bb3:0, fp, simd, crc, lse

Memory: 16k page, physical 16777216k(305312k free), swap 0k(0k free)

vm_info: Java HotSpot(TM) 64-Bit Server VM (17.0.2+8-LTS-86) for bsd-aarch64 JRE (17.0.2+8-LTS-86), built on Dec  7 2021 21:47:50 by "mach5one" with clang Apple LLVM 12.0.0 (clang-1200.0.32.29)

END.
